29-May-2018 01:59:32.115 INFORMACIÓN [main] org.apache.catalina.core.StandardServer.await Se ha recibido un comando de apagado a través del puerto de apagado. Parando la instancia del Servidor.
29-May-2018 01:59:32.119 INFORMACIÓN [main] org.apache.coyote.AbstractProtocol.pause Pausing ProtocolHandler ["http-apr-8080"]
29-May-2018 01:59:32.180 INFORMACIÓN [main] org.apache.coyote.AbstractProtocol.pause Pausing ProtocolHandler ["ajp-apr-8009"]
29-May-2018 01:59:32.231 INFORMACIÓN [main] org.apache.catalina.core.StandardService.stopInternal Parando servicio Catalina
29-May-2018 01:59:32.337 INFORMACIÓN [main] org.apache.coyote.AbstractProtocol.stop Stopping ProtocolHandler ["http-apr-8080"]
29-May-2018 01:59:32.393 INFORMACIÓN [main] org.apache.coyote.AbstractProtocol.stop Stopping ProtocolHandler ["ajp-apr-8009"]
29-May-2018 01:59:32.447 INFORMACIÓN [main] org.apache.coyote.AbstractProtocol.destroy Destroying ProtocolHandler ["http-apr-8080"]
29-May-2018 01:59:32.447 INFORMACIÓN [main] org.apache.coyote.AbstractProtocol.destroy Destroying ProtocolHandler ["ajp-apr-8009"]
29-May-2018 15:09:00.095 INFORMACIÓN [main] org.apache.catalina.startup.VersionLoggerListener.log Server version:        Apache Tomcat/8.0.50
29-May-2018 15:09:00.101 INFORMACIÓN [main] org.apache.catalina.startup.VersionLoggerListener.log Server built:          Feb 7 2018 20:06:05 UTC
29-May-2018 15:09:00.101 INFORMACIÓN [main] org.apache.catalina.startup.VersionLoggerListener.log Server number:         8.0.50.0
29-May-2018 15:09:00.102 INFORMACIÓN [main] org.apache.catalina.startup.VersionLoggerListener.log OS Name:               Windows 10
29-May-2018 15:09:00.102 INFORMACIÓN [main] org.apache.catalina.startup.VersionLoggerListener.log OS Version:            10.0
29-May-2018 15:09:00.102 INFORMACIÓN [main] org.apache.catalina.startup.VersionLoggerListener.log Architecture:          amd64
29-May-2018 15:09:00.102 INFORMACIÓN [main] org.apache.catalina.startup.VersionLoggerListener.log Java Home:             C:\Program Files\Java\jdk1.8.0_121\jre
29-May-2018 15:09:00.102 INFORMACIÓN [main] org.apache.catalina.startup.VersionLoggerListener.log JVM Version:           1.8.0_121-b13
29-May-2018 15:09:00.103 INFORMACIÓN [main] org.apache.catalina.startup.VersionLoggerListener.log JVM Vendor:            Oracle Corporation
29-May-2018 15:09:00.103 INFORMACIÓN [main] org.apache.catalina.startup.VersionLoggerListener.log CATALINA_BASE:         C:\Users\Dilan\Downloads\apache-tomcat-8.0.50
29-May-2018 15:09:00.103 INFORMACIÓN [main] org.apache.catalina.startup.VersionLoggerListener.log CATALINA_HOME:         C:\Users\Dilan\Downloads\apache-tomcat-8.0.50
29-May-2018 15:09:00.103 INFORMACIÓN [main] org.apache.catalina.startup.VersionLoggerListener.log Command line argument: -Djava.util.logging.config.file=C:\Users\Dilan\Downloads\apache-tomcat-8.0.50\conf\logging.properties
29-May-2018 15:09:00.104 INFORMACIÓN [main] org.apache.catalina.startup.VersionLoggerListener.log Command line argument: -Djava.util.logging.manager=org.apache.juli.ClassLoaderLogManager
29-May-2018 15:09:00.104 INFORMACIÓN [main] org.apache.catalina.startup.VersionLoggerListener.log Command line argument: -Dhttp.nonProxyHosts=localhost|127.0.0.1|LAPTOP-46SDPB12
29-May-2018 15:09:00.104 INFORMACIÓN [main] org.apache.catalina.startup.VersionLoggerListener.log Command line argument: -Djdk.tls.ephemeralDHKeySize=2048
29-May-2018 15:09:00.104 INFORMACIÓN [main] org.apache.catalina.startup.VersionLoggerListener.log Command line argument: -Djava.protocol.handler.pkgs=org.apache.catalina.webresources
29-May-2018 15:09:00.104 INFORMACIÓN [main] org.apache.catalina.startup.VersionLoggerListener.log Command line argument: -Dignore.endorsed.dirs=
29-May-2018 15:09:00.104 INFORMACIÓN [main] org.apache.catalina.startup.VersionLoggerListener.log Command line argument: -Dcatalina.base=C:\Users\Dilan\Downloads\apache-tomcat-8.0.50
29-May-2018 15:09:00.105 INFORMACIÓN [main] org.apache.catalina.startup.VersionLoggerListener.log Command line argument: -Dcatalina.home=C:\Users\Dilan\Downloads\apache-tomcat-8.0.50
29-May-2018 15:09:00.105 INFORMACIÓN [main] org.apache.catalina.startup.VersionLoggerListener.log Command line argument: -Djava.io.tmpdir=C:\Users\Dilan\Downloads\apache-tomcat-8.0.50\temp
29-May-2018 15:09:00.105 INFORMACIÓN [main] org.apache.catalina.core.AprLifecycleListener.lifecycleEvent Cargada la biblioteca nativa APR de Apache Tomcat 1.2.16 con la versión APR 1.6.3.
29-May-2018 15:09:00.105 INFORMACIÓN [main] org.apache.catalina.core.AprLifecycleListener.lifecycleEvent Capacidades APR: IPv6 [true], enviar fichero [true], aceptar filtros [false], aleatorio [true].
29-May-2018 15:09:01.178 INFORMACIÓN [main] org.apache.catalina.core.AprLifecycleListener.initializeSSL OpenSSL inicializado correctamente (OpenSSL 1.0.2m  2 Nov 2017)
29-May-2018 15:09:01.618 INFORMACIÓN [main] org.apache.coyote.AbstractProtocol.init Initializing ProtocolHandler ["http-apr-8080"]
29-May-2018 15:09:01.666 INFORMACIÓN [main] org.apache.coyote.AbstractProtocol.init Initializing ProtocolHandler ["ajp-apr-8009"]
29-May-2018 15:09:01.669 INFORMACIÓN [main] org.apache.catalina.startup.Catalina.load Initialization processed in 2648 ms
29-May-2018 15:09:01.818 INFORMACIÓN [main] org.apache.catalina.core.StandardService.startInternal Arrancando servicio Catalina
29-May-2018 15:09:01.819 INFORMACIÓN [main] org.apache.catalina.core.StandardEngine.startInternal Starting Servlet Engine: Apache Tomcat/8.0.50
29-May-2018 15:09:01.874 INFORMACIÓN [localhost-startStop-1] org.apache.catalina.startup.HostConfig.deployDescriptor Desplieque del descriptor de configuración C:\Users\Dilan\Downloads\apache-tomcat-8.0.50\conf\Catalina\localhost\EPE1.xml
29-May-2018 15:09:02.963 ADVERTENCIA [localhost-startStop-1] org.apache.catalina.util.SessionIdGeneratorBase.createSecureRandom Creation of SecureRandom instance for session ID generation using [SHA1PRNG] took [223] milliseconds.
29-May-2018 15:09:03.019 INFORMACIÓN [localhost-startStop-1] org.apache.catalina.startup.HostConfig.deployDescriptor Deployment of configuration descriptor C:\Users\Dilan\Downloads\apache-tomcat-8.0.50\conf\Catalina\localhost\EPE1.xml has finished in 1.145 ms
29-May-2018 15:09:03.020 INFORMACIÓN [localhost-startStop-1] org.apache.catalina.startup.HostConfig.deployDescriptor Desplieque del descriptor de configuración C:\Users\Dilan\Downloads\apache-tomcat-8.0.50\conf\Catalina\localhost\item3.xml
29-May-2018 15:09:03.284 INFORMACIÓN [localhost-startStop-1] org.apache.catalina.startup.HostConfig.deployDescriptor Deployment of configuration descriptor C:\Users\Dilan\Downloads\apache-tomcat-8.0.50\conf\Catalina\localhost\item3.xml has finished in 264 ms
29-May-2018 15:09:03.285 INFORMACIÓN [localhost-startStop-1] org.apache.catalina.startup.HostConfig.deployDescriptor Desplieque del descriptor de configuración C:\Users\Dilan\Downloads\apache-tomcat-8.0.50\conf\Catalina\localhost\trabajo.xml
29-May-2018 15:09:03.447 INFORMACIÓN [localhost-startStop-1] org.apache.catalina.startup.HostConfig.deployDescriptor Deployment of configuration descriptor C:\Users\Dilan\Downloads\apache-tomcat-8.0.50\conf\Catalina\localhost\trabajo.xml has finished in 162 ms
29-May-2018 15:09:03.450 INFORMACIÓN [localhost-startStop-1] org.apache.catalina.startup.HostConfig.deployDescriptor Desplieque del descriptor de configuración C:\Users\Dilan\Downloads\apache-tomcat-8.0.50\conf\Catalina\localhost\viernes13.xml
29-May-2018 15:09:03.584 INFORMACIÓN [localhost-startStop-1] org.apache.catalina.startup.HostConfig.deployDescriptor Deployment of configuration descriptor C:\Users\Dilan\Downloads\apache-tomcat-8.0.50\conf\Catalina\localhost\viernes13.xml has finished in 134 ms
29-May-2018 15:09:03.584 INFORMACIÓN [localhost-startStop-1] org.apache.catalina.startup.HostConfig.deployDescriptor Desplieque del descriptor de configuración C:\Users\Dilan\Downloads\apache-tomcat-8.0.50\conf\Catalina\localhost\viernes23.xml
29-May-2018 15:09:03.805 INFORMACIÓN [localhost-startStop-1] org.apache.catalina.startup.HostConfig.deployDescriptor Deployment of configuration descriptor C:\Users\Dilan\Downloads\apache-tomcat-8.0.50\conf\Catalina\localhost\viernes23.xml has finished in 221 ms
29-May-2018 15:09:03.806 INFORMACIÓN [localhost-startStop-1] org.apache.catalina.startup.HostConfig.deployDescriptor Desplieque del descriptor de configuración C:\Users\Dilan\Downloads\apache-tomcat-8.0.50\conf\Catalina\localhost\viernes27.xml
29-May-2018 15:09:03.951 INFORMACIÓN [localhost-startStop-1] org.apache.catalina.startup.HostConfig.deployDescriptor Deployment of configuration descriptor C:\Users\Dilan\Downloads\apache-tomcat-8.0.50\conf\Catalina\localhost\viernes27.xml has finished in 144 ms
29-May-2018 15:09:03.951 INFORMACIÓN [localhost-startStop-1] org.apache.catalina.startup.HostConfig.deployDirectory Despliegue del directorio C:\Users\Dilan\Downloads\apache-tomcat-8.0.50\webapps\docs de la aplicación web
29-May-2018 15:09:04.033 INFORMACIÓN [localhost-startStop-1] org.apache.catalina.startup.HostConfig.deployDirectory Deployment of web application directory C:\Users\Dilan\Downloads\apache-tomcat-8.0.50\webapps\docs has finished in 82 ms
29-May-2018 15:09:04.034 INFORMACIÓN [localhost-startStop-1] org.apache.catalina.startup.HostConfig.deployDirectory Despliegue del directorio C:\Users\Dilan\Downloads\apache-tomcat-8.0.50\webapps\examples de la aplicación web
29-May-2018 15:09:07.383 INFORMACIÓN [localhost-startStop-1] org.apache.catalina.startup.HostConfig.deployDirectory Deployment of web application directory C:\Users\Dilan\Downloads\apache-tomcat-8.0.50\webapps\examples has finished in 3.350 ms
29-May-2018 15:09:07.384 INFORMACIÓN [localhost-startStop-1] org.apache.catalina.startup.HostConfig.deployDirectory Despliegue del directorio C:\Users\Dilan\Downloads\apache-tomcat-8.0.50\webapps\host-manager de la aplicación web
29-May-2018 15:09:07.536 INFORMACIÓN [localhost-startStop-1] org.apache.catalina.startup.HostConfig.deployDirectory Deployment of web application directory C:\Users\Dilan\Downloads\apache-tomcat-8.0.50\webapps\host-manager has finished in 152 ms
29-May-2018 15:09:07.536 INFORMACIÓN [localhost-startStop-1] org.apache.catalina.startup.HostConfig.deployDirectory Despliegue del directorio C:\Users\Dilan\Downloads\apache-tomcat-8.0.50\webapps\manager de la aplicación web
29-May-2018 15:09:07.624 INFORMACIÓN [localhost-startStop-1] org.apache.catalina.startup.HostConfig.deployDirectory Deployment of web application directory C:\Users\Dilan\Downloads\apache-tomcat-8.0.50\webapps\manager has finished in 88 ms
29-May-2018 15:09:07.625 INFORMACIÓN [localhost-startStop-1] org.apache.catalina.startup.HostConfig.deployDirectory Despliegue del directorio C:\Users\Dilan\Downloads\apache-tomcat-8.0.50\webapps\ROOT de la aplicación web
29-May-2018 15:09:07.703 INFORMACIÓN [localhost-startStop-1] org.apache.catalina.startup.HostConfig.deployDirectory Deployment of web application directory C:\Users\Dilan\Downloads\apache-tomcat-8.0.50\webapps\ROOT has finished in 79 ms
29-May-2018 15:09:07.727 INFORMACIÓN [main] org.apache.coyote.AbstractProtocol.start Starting ProtocolHandler ["http-apr-8080"]
29-May-2018 15:09:07.758 INFORMACIÓN [main] org.apache.coyote.AbstractProtocol.start Starting ProtocolHandler ["ajp-apr-8009"]
29-May-2018 15:09:07.767 INFORMACIÓN [main] org.apache.catalina.startup.Catalina.start Server startup in 6097 ms
29-May-2018 15:49:10.812 INFORMACIÓN [http-apr-8080-exec-1] org.apache.catalina.startup.HostConfig.undeploy Repliegue (undeploy) de la aplicación web que tiene como trayectoria de contexto /EPE1
29-May-2018 15:49:43.122 INFORMACIÓN [http-apr-8080-exec-13] org.apache.catalina.startup.HostConfig.deployDescriptor Desplieque del descriptor de configuración C:\Users\Dilan\Downloads\apache-tomcat-8.0.50\conf\Catalina\localhost\EPE1.xml
29-May-2018 15:49:43.170 INFORMACIÓN [http-apr-8080-exec-13] org.apache.catalina.startup.HostConfig.deployDescriptor Deployment of configuration descriptor C:\Users\Dilan\Downloads\apache-tomcat-8.0.50\conf\Catalina\localhost\EPE1.xml has finished in 47 ms
29-May-2018 15:49:43.178 INFORMACIÓN [http-apr-8080-exec-11] org.apache.catalina.util.LifecycleBase.start The start() method was called on component [StandardEngine[Catalina].StandardHost[localhost].StandardContext[/EPE1]] after start() had already been called. The second call will be ignored.
29-May-2018 18:11:57.051 INFORMACIÓN [main] org.apache.catalina.core.StandardServer.await Se ha recibido un comando de apagado a través del puerto de apagado. Parando la instancia del Servidor.
29-May-2018 18:11:57.053 INFORMACIÓN [main] org.apache.coyote.AbstractProtocol.pause Pausing ProtocolHandler ["http-apr-8080"]
29-May-2018 18:11:57.108 INFORMACIÓN [main] org.apache.coyote.AbstractProtocol.pause Pausing ProtocolHandler ["ajp-apr-8009"]
29-May-2018 18:11:57.160 INFORMACIÓN [main] org.apache.catalina.core.StandardService.stopInternal Parando servicio Catalina
29-May-2018 18:11:57.301 INFORMACIÓN [main] org.apache.coyote.AbstractProtocol.stop Stopping ProtocolHandler ["http-apr-8080"]
29-May-2018 18:11:57.353 INFORMACIÓN [main] org.apache.coyote.AbstractProtocol.stop Stopping ProtocolHandler ["ajp-apr-8009"]
29-May-2018 18:11:57.405 INFORMACIÓN [main] org.apache.coyote.AbstractProtocol.destroy Destroying ProtocolHandler ["http-apr-8080"]
29-May-2018 18:11:57.406 INFORMACIÓN [main] org.apache.coyote.AbstractProtocol.destroy Destroying ProtocolHandler ["ajp-apr-8009"]
29-May-2018 19:38:35.905 INFORMACIÓN [main] org.apache.catalina.startup.VersionLoggerListener.log Server version:        Apache Tomcat/8.0.50
29-May-2018 19:38:35.908 INFORMACIÓN [main] org.apache.catalina.startup.VersionLoggerListener.log Server built:          Feb 7 2018 20:06:05 UTC
29-May-2018 19:38:35.908 INFORMACIÓN [main] org.apache.catalina.startup.VersionLoggerListener.log Server number:         8.0.50.0
29-May-2018 19:38:35.909 INFORMACIÓN [main] org.apache.catalina.startup.VersionLoggerListener.log OS Name:               Windows 10
29-May-2018 19:38:35.909 INFORMACIÓN [main] org.apache.catalina.startup.VersionLoggerListener.log OS Version:            10.0
29-May-2018 19:38:35.909 INFORMACIÓN [main] org.apache.catalina.startup.VersionLoggerListener.log Architecture:          amd64
29-May-2018 19:38:35.909 INFORMACIÓN [main] org.apache.catalina.startup.VersionLoggerListener.log Java Home:             C:\Program Files\Java\jdk1.8.0_121\jre
29-May-2018 19:38:35.909 INFORMACIÓN [main] org.apache.catalina.startup.VersionLoggerListener.log JVM Version:           1.8.0_121-b13
29-May-2018 19:38:35.909 INFORMACIÓN [main] org.apache.catalina.startup.VersionLoggerListener.log JVM Vendor:            Oracle Corporation
29-May-2018 19:38:35.909 INFORMACIÓN [main] org.apache.catalina.startup.VersionLoggerListener.log CATALINA_BASE:         C:\Users\Dilan\Downloads\apache-tomcat-8.0.50
29-May-2018 19:38:35.909 INFORMACIÓN [main] org.apache.catalina.startup.VersionLoggerListener.log CATALINA_HOME:         C:\Users\Dilan\Downloads\apache-tomcat-8.0.50
29-May-2018 19:38:35.910 INFORMACIÓN [main] org.apache.catalina.startup.VersionLoggerListener.log Command line argument: -Djava.util.logging.config.file=C:\Users\Dilan\Downloads\apache-tomcat-8.0.50\conf\logging.properties
29-May-2018 19:38:35.910 INFORMACIÓN [main] org.apache.catalina.startup.VersionLoggerListener.log Command line argument: -Djava.util.logging.manager=org.apache.juli.ClassLoaderLogManager
29-May-2018 19:38:35.910 INFORMACIÓN [main] org.apache.catalina.startup.VersionLoggerListener.log Command line argument: -Dhttp.nonProxyHosts=localhost|127.0.0.1|LAPTOP-46SDPB12
29-May-2018 19:38:35.910 INFORMACIÓN [main] org.apache.catalina.startup.VersionLoggerListener.log Command line argument: -Djdk.tls.ephemeralDHKeySize=2048
29-May-2018 19:38:35.910 INFORMACIÓN [main] org.apache.catalina.startup.VersionLoggerListener.log Command line argument: -Djava.protocol.handler.pkgs=org.apache.catalina.webresources
29-May-2018 19:38:35.910 INFORMACIÓN [main] org.apache.catalina.startup.VersionLoggerListener.log Command line argument: -Dignore.endorsed.dirs=
29-May-2018 19:38:35.912 INFORMACIÓN [main] org.apache.catalina.startup.VersionLoggerListener.log Command line argument: -Dcatalina.base=C:\Users\Dilan\Downloads\apache-tomcat-8.0.50
29-May-2018 19:38:35.913 INFORMACIÓN [main] org.apache.catalina.startup.VersionLoggerListener.log Command line argument: -Dcatalina.home=C:\Users\Dilan\Downloads\apache-tomcat-8.0.50
29-May-2018 19:38:35.913 INFORMACIÓN [main] org.apache.catalina.startup.VersionLoggerListener.log Command line argument: -Djava.io.tmpdir=C:\Users\Dilan\Downloads\apache-tomcat-8.0.50\temp
29-May-2018 19:38:35.913 INFORMACIÓN [main] org.apache.catalina.core.AprLifecycleListener.lifecycleEvent Cargada la biblioteca nativa APR de Apache Tomcat 1.2.16 con la versión APR 1.6.3.
29-May-2018 19:38:35.913 INFORMACIÓN [main] org.apache.catalina.core.AprLifecycleListener.lifecycleEvent Capacidades APR: IPv6 [true], enviar fichero [true], aceptar filtros [false], aleatorio [true].
29-May-2018 19:38:36.837 INFORMACIÓN [main] org.apache.catalina.core.AprLifecycleListener.initializeSSL OpenSSL inicializado correctamente (OpenSSL 1.0.2m  2 Nov 2017)
29-May-2018 19:38:37.081 INFORMACIÓN [main] org.apache.coyote.AbstractProtocol.init Initializing ProtocolHandler ["http-apr-8080"]
29-May-2018 19:38:37.090 INFORMACIÓN [main] org.apache.coyote.AbstractProtocol.init Initializing ProtocolHandler ["ajp-apr-8009"]
29-May-2018 19:38:37.091 INFORMACIÓN [main] org.apache.catalina.startup.Catalina.load Initialization processed in 1715 ms
29-May-2018 19:38:37.159 INFORMACIÓN [main] org.apache.catalina.core.StandardService.startInternal Arrancando servicio Catalina
29-May-2018 19:38:37.159 INFORMACIÓN [main] org.apache.catalina.core.StandardEngine.startInternal Starting Servlet Engine: Apache Tomcat/8.0.50
29-May-2018 19:38:37.172 INFORMACIÓN [localhost-startStop-1] org.apache.catalina.startup.HostConfig.deployDescriptor Desplieque del descriptor de configuración C:\Users\Dilan\Downloads\apache-tomcat-8.0.50\conf\Catalina\localhost\EPE1.xml
29-May-2018 19:38:37.892 INFORMACIÓN [localhost-startStop-1] org.apache.jasper.servlet.TldScanner.scanJars Al menos un JAR, que se ha explorado buscando TLDs, aún no contenía TLDs. Activar historial de depuración para este historiador para una completa lista de los JARs que fueron explorados y de los que nos se halló TLDs. Saltarse JARs no necesarios durante la exploración puede dar lugar a una mejora de tiempo significativa en el arranque y compilación de JSP .
29-May-2018 19:38:38.044 ADVERTENCIA [localhost-startStop-1] org.apache.catalina.util.SessionIdGeneratorBase.createSecureRandom Creation of SecureRandom instance for session ID generation using [SHA1PRNG] took [112] milliseconds.
29-May-2018 19:38:38.146 INFORMACIÓN [localhost-startStop-1] org.apache.catalina.startup.HostConfig.deployDescriptor Deployment of configuration descriptor C:\Users\Dilan\Downloads\apache-tomcat-8.0.50\conf\Catalina\localhost\EPE1.xml has finished in 974 ms
29-May-2018 19:38:38.147 INFORMACIÓN [localhost-startStop-1] org.apache.catalina.startup.HostConfig.deployDescriptor Desplieque del descriptor de configuración C:\Users\Dilan\Downloads\apache-tomcat-8.0.50\conf\Catalina\localhost\item3.xml
29-May-2018 19:38:38.199 INFORMACIÓN [localhost-startStop-1] org.apache.catalina.startup.HostConfig.deployDescriptor Deployment of configuration descriptor C:\Users\Dilan\Downloads\apache-tomcat-8.0.50\conf\Catalina\localhost\item3.xml has finished in 53 ms
29-May-2018 19:38:38.199 INFORMACIÓN [localhost-startStop-1] org.apache.catalina.startup.HostConfig.deployDescriptor Desplieque del descriptor de configuración C:\Users\Dilan\Downloads\apache-tomcat-8.0.50\conf\Catalina\localhost\trabajo.xml
29-May-2018 19:38:38.259 INFORMACIÓN [localhost-startStop-1] org.apache.catalina.startup.HostConfig.deployDescriptor Deployment of configuration descriptor C:\Users\Dilan\Downloads\apache-tomcat-8.0.50\conf\Catalina\localhost\trabajo.xml has finished in 60 ms
29-May-2018 19:38:38.260 INFORMACIÓN [localhost-startStop-1] org.apache.catalina.startup.HostConfig.deployDescriptor Desplieque del descriptor de configuración C:\Users\Dilan\Downloads\apache-tomcat-8.0.50\conf\Catalina\localhost\viernes13.xml
29-May-2018 19:38:38.322 INFORMACIÓN [localhost-startStop-1] org.apache.catalina.startup.HostConfig.deployDescriptor Deployment of configuration descriptor C:\Users\Dilan\Downloads\apache-tomcat-8.0.50\conf\Catalina\localhost\viernes13.xml has finished in 62 ms
29-May-2018 19:38:38.323 INFORMACIÓN [localhost-startStop-1] org.apache.catalina.startup.HostConfig.deployDescriptor Desplieque del descriptor de configuración C:\Users\Dilan\Downloads\apache-tomcat-8.0.50\conf\Catalina\localhost\viernes23.xml
29-May-2018 19:38:38.413 INFORMACIÓN [localhost-startStop-1] org.apache.catalina.startup.HostConfig.deployDescriptor Deployment of configuration descriptor C:\Users\Dilan\Downloads\apache-tomcat-8.0.50\conf\Catalina\localhost\viernes23.xml has finished in 90 ms
29-May-2018 19:38:38.413 INFORMACIÓN [localhost-startStop-1] org.apache.catalina.startup.HostConfig.deployDescriptor Desplieque del descriptor de configuración C:\Users\Dilan\Downloads\apache-tomcat-8.0.50\conf\Catalina\localhost\viernes27.xml
29-May-2018 19:38:38.513 INFORMACIÓN [localhost-startStop-1] org.apache.catalina.startup.HostConfig.deployDescriptor Deployment of configuration descriptor C:\Users\Dilan\Downloads\apache-tomcat-8.0.50\conf\Catalina\localhost\viernes27.xml has finished in 100 ms
29-May-2018 19:38:38.514 INFORMACIÓN [localhost-startStop-1] org.apache.catalina.startup.HostConfig.deployDirectory Despliegue del directorio C:\Users\Dilan\Downloads\apache-tomcat-8.0.50\webapps\docs de la aplicación web
29-May-2018 19:38:38.570 INFORMACIÓN [localhost-startStop-1] org.apache.catalina.startup.HostConfig.deployDirectory Deployment of web application directory C:\Users\Dilan\Downloads\apache-tomcat-8.0.50\webapps\docs has finished in 56 ms
29-May-2018 19:38:38.571 INFORMACIÓN [localhost-startStop-1] org.apache.catalina.startup.HostConfig.deployDirectory Despliegue del directorio C:\Users\Dilan\Downloads\apache-tomcat-8.0.50\webapps\examples de la aplicación web
29-May-2018 19:38:40.411 INFORMACIÓN [localhost-startStop-1] org.apache.catalina.startup.HostConfig.deployDirectory Deployment of web application directory C:\Users\Dilan\Downloads\apache-tomcat-8.0.50\webapps\examples has finished in 1.840 ms
29-May-2018 19:38:40.411 INFORMACIÓN [localhost-startStop-1] org.apache.catalina.startup.HostConfig.deployDirectory Despliegue del directorio C:\Users\Dilan\Downloads\apache-tomcat-8.0.50\webapps\host-manager de la aplicación web
29-May-2018 19:38:40.512 INFORMACIÓN [localhost-startStop-1] org.apache.catalina.startup.HostConfig.deployDirectory Deployment of web application directory C:\Users\Dilan\Downloads\apache-tomcat-8.0.50\webapps\host-manager has finished in 101 ms
29-May-2018 19:38:40.513 INFORMACIÓN [localhost-startStop-1] org.apache.catalina.startup.HostConfig.deployDirectory Despliegue del directorio C:\Users\Dilan\Downloads\apache-tomcat-8.0.50\webapps\manager de la aplicación web
29-May-2018 19:38:40.599 INFORMACIÓN [localhost-startStop-1] org.apache.catalina.startup.HostConfig.deployDirectory Deployment of web application directory C:\Users\Dilan\Downloads\apache-tomcat-8.0.50\webapps\manager has finished in 86 ms
29-May-2018 19:38:40.599 INFORMACIÓN [localhost-startStop-1] org.apache.catalina.startup.HostConfig.deployDirectory Despliegue del directorio C:\Users\Dilan\Downloads\apache-tomcat-8.0.50\webapps\ROOT de la aplicación web
29-May-2018 19:38:40.634 INFORMACIÓN [localhost-startStop-1] org.apache.catalina.startup.HostConfig.deployDirectory Deployment of web application directory C:\Users\Dilan\Downloads\apache-tomcat-8.0.50\webapps\ROOT has finished in 35 ms
29-May-2018 19:38:40.639 INFORMACIÓN [main] org.apache.coyote.AbstractProtocol.start Starting ProtocolHandler ["http-apr-8080"]
29-May-2018 19:38:40.671 INFORMACIÓN [main] org.apache.coyote.AbstractProtocol.start Starting ProtocolHandler ["ajp-apr-8009"]
29-May-2018 19:38:40.677 INFORMACIÓN [main] org.apache.catalina.startup.Catalina.start Server startup in 3585 ms
29-May-2018 19:38:41.369 INFORMACIÓN [http-apr-8080-exec-4] org.apache.catalina.core.StandardContext.reload Ha comenzado la recarga de Contexto [/EPE1]
29-May-2018 19:38:41.610 INFORMACIÓN [http-apr-8080-exec-4] org.apache.catalina.core.StandardContext.reload Se ha completado la recarga de este Contexto
29-May-2018 19:42:56.775 INFORMACIÓN [http-apr-8080-exec-10] org.apache.catalina.core.StandardContext.reload Ha comenzado la recarga de Contexto [/EPE1]
29-May-2018 19:42:56.785 ADVERTENCIA [http-apr-8080-exec-10] org.apache.catalina.loader.WebappClassLoaderBase.clearReferencesJdbc La aplicación web [EPE1] registró el conductor JDBC [com.mysql.jdbc.Driver] pero falló al anular el registro mientras la aplicación web estaba parada. Para prevenir un fallo de memoria, se ha anulado el registro del conductor JDBC por la fuerza.
29-May-2018 19:42:56.950 INFORMACIÓN [http-apr-8080-exec-10] org.apache.catalina.core.StandardContext.reload Se ha completado la recarga de este Contexto
29-May-2018 19:43:04.570 INFORMACIÓN [http-apr-8080-exec-20] org.apache.catalina.core.StandardContext.reload Ha comenzado la recarga de Contexto [/EPE1]
29-May-2018 19:43:04.712 INFORMACIÓN [http-apr-8080-exec-20] org.apache.catalina.core.StandardContext.reload Se ha completado la recarga de este Contexto
29-May-2018 19:47:20.170 INFORMACIÓN [http-apr-8080-exec-20] org.apache.catalina.core.StandardContext.reload Ha comenzado la recarga de Contexto [/EPE1]
29-May-2018 19:47:20.180 ADVERTENCIA [http-apr-8080-exec-20] org.apache.catalina.loader.WebappClassLoaderBase.clearReferencesJdbc La aplicación web [EPE1] registró el conductor JDBC [com.mysql.jdbc.Driver] pero falló al anular el registro mientras la aplicación web estaba parada. Para prevenir un fallo de memoria, se ha anulado el registro del conductor JDBC por la fuerza.
29-May-2018 19:47:20.301 INFORMACIÓN [http-apr-8080-exec-20] org.apache.catalina.core.StandardContext.reload Se ha completado la recarga de este Contexto
29-May-2018 19:47:28.381 INFORMACIÓN [http-apr-8080-exec-21] org.apache.catalina.core.StandardContext.reload Ha comenzado la recarga de Contexto [/EPE1]
29-May-2018 19:47:28.543 INFORMACIÓN [http-apr-8080-exec-21] org.apache.catalina.core.StandardContext.reload Se ha completado la recarga de este Contexto
