28-May-2018 20:58:38.892 INFORMACIÓN [main] org.apache.catalina.startup.VersionLoggerListener.log Server version:        Apache Tomcat/8.0.50
28-May-2018 20:58:38.895 INFORMACIÓN [main] org.apache.catalina.startup.VersionLoggerListener.log Server built:          Feb 7 2018 20:06:05 UTC
28-May-2018 20:58:38.895 INFORMACIÓN [main] org.apache.catalina.startup.VersionLoggerListener.log Server number:         8.0.50.0
28-May-2018 20:58:38.896 INFORMACIÓN [main] org.apache.catalina.startup.VersionLoggerListener.log OS Name:               Windows 10
28-May-2018 20:58:38.896 INFORMACIÓN [main] org.apache.catalina.startup.VersionLoggerListener.log OS Version:            10.0
28-May-2018 20:58:38.896 INFORMACIÓN [main] org.apache.catalina.startup.VersionLoggerListener.log Architecture:          amd64
28-May-2018 20:58:38.896 INFORMACIÓN [main] org.apache.catalina.startup.VersionLoggerListener.log Java Home:             C:\Program Files\Java\jdk1.8.0_121\jre
28-May-2018 20:58:38.896 INFORMACIÓN [main] org.apache.catalina.startup.VersionLoggerListener.log JVM Version:           1.8.0_121-b13
28-May-2018 20:58:38.896 INFORMACIÓN [main] org.apache.catalina.startup.VersionLoggerListener.log JVM Vendor:            Oracle Corporation
28-May-2018 20:58:38.896 INFORMACIÓN [main] org.apache.catalina.startup.VersionLoggerListener.log CATALINA_BASE:         C:\Users\Dilan\Downloads\apache-tomcat-8.0.50
28-May-2018 20:58:38.896 INFORMACIÓN [main] org.apache.catalina.startup.VersionLoggerListener.log CATALINA_HOME:         C:\Users\Dilan\Downloads\apache-tomcat-8.0.50
28-May-2018 20:58:38.897 INFORMACIÓN [main] org.apache.catalina.startup.VersionLoggerListener.log Command line argument: -Djava.util.logging.config.file=C:\Users\Dilan\Downloads\apache-tomcat-8.0.50\conf\logging.properties
28-May-2018 20:58:38.897 INFORMACIÓN [main] org.apache.catalina.startup.VersionLoggerListener.log Command line argument: -Djava.util.logging.manager=org.apache.juli.ClassLoaderLogManager
28-May-2018 20:58:38.897 INFORMACIÓN [main] org.apache.catalina.startup.VersionLoggerListener.log Command line argument: -Dhttp.nonProxyHosts=localhost|127.0.0.1|LAPTOP-46SDPB12
28-May-2018 20:58:38.897 INFORMACIÓN [main] org.apache.catalina.startup.VersionLoggerListener.log Command line argument: -Djdk.tls.ephemeralDHKeySize=2048
28-May-2018 20:58:38.897 INFORMACIÓN [main] org.apache.catalina.startup.VersionLoggerListener.log Command line argument: -Djava.protocol.handler.pkgs=org.apache.catalina.webresources
28-May-2018 20:58:38.897 INFORMACIÓN [main] org.apache.catalina.startup.VersionLoggerListener.log Command line argument: -Dignore.endorsed.dirs=
28-May-2018 20:58:38.898 INFORMACIÓN [main] org.apache.catalina.startup.VersionLoggerListener.log Command line argument: -Dcatalina.base=C:\Users\Dilan\Downloads\apache-tomcat-8.0.50
28-May-2018 20:58:38.898 INFORMACIÓN [main] org.apache.catalina.startup.VersionLoggerListener.log Command line argument: -Dcatalina.home=C:\Users\Dilan\Downloads\apache-tomcat-8.0.50
28-May-2018 20:58:38.898 INFORMACIÓN [main] org.apache.catalina.startup.VersionLoggerListener.log Command line argument: -Djava.io.tmpdir=C:\Users\Dilan\Downloads\apache-tomcat-8.0.50\temp
28-May-2018 20:58:38.898 INFORMACIÓN [main] org.apache.catalina.core.AprLifecycleListener.lifecycleEvent Cargada la biblioteca nativa APR de Apache Tomcat 1.2.16 con la versión APR 1.6.3.
28-May-2018 20:58:38.898 INFORMACIÓN [main] org.apache.catalina.core.AprLifecycleListener.lifecycleEvent Capacidades APR: IPv6 [true], enviar fichero [true], aceptar filtros [false], aleatorio [true].
28-May-2018 20:58:39.981 INFORMACIÓN [main] org.apache.catalina.core.AprLifecycleListener.initializeSSL OpenSSL inicializado correctamente (OpenSSL 1.0.2m  2 Nov 2017)
28-May-2018 20:58:41.535 INFORMACIÓN [main] org.apache.coyote.AbstractProtocol.init Initializing ProtocolHandler ["http-apr-8080"]
28-May-2018 20:58:41.548 INFORMACIÓN [main] org.apache.coyote.AbstractProtocol.init Initializing ProtocolHandler ["ajp-apr-8009"]
28-May-2018 20:58:41.549 INFORMACIÓN [main] org.apache.catalina.startup.Catalina.load Initialization processed in 5028 ms
28-May-2018 20:58:41.704 INFORMACIÓN [main] org.apache.catalina.core.StandardService.startInternal Arrancando servicio Catalina
28-May-2018 20:58:41.704 INFORMACIÓN [main] org.apache.catalina.core.StandardEngine.startInternal Starting Servlet Engine: Apache Tomcat/8.0.50
28-May-2018 20:58:41.746 INFORMACIÓN [localhost-startStop-1] org.apache.catalina.startup.HostConfig.deployDescriptor Desplieque del descriptor de configuración C:\Users\Dilan\Downloads\apache-tomcat-8.0.50\conf\Catalina\localhost\item3.xml
28-May-2018 20:58:42.966 ADVERTENCIA [localhost-startStop-1] org.apache.catalina.util.SessionIdGeneratorBase.createSecureRandom Creation of SecureRandom instance for session ID generation using [SHA1PRNG] took [208] milliseconds.
28-May-2018 20:58:42.987 INFORMACIÓN [localhost-startStop-1] org.apache.catalina.startup.HostConfig.deployDescriptor Deployment of configuration descriptor C:\Users\Dilan\Downloads\apache-tomcat-8.0.50\conf\Catalina\localhost\item3.xml has finished in 1.241 ms
28-May-2018 20:58:42.987 INFORMACIÓN [localhost-startStop-1] org.apache.catalina.startup.HostConfig.deployDescriptor Desplieque del descriptor de configuración C:\Users\Dilan\Downloads\apache-tomcat-8.0.50\conf\Catalina\localhost\trabajo.xml
28-May-2018 20:58:43.016 GRAVE [localhost-startStop-1] org.apache.catalina.core.ContainerBase.addChildInternal ContainerBase.addChild: start: 
 org.apache.catalina.LifecycleException: Failed to start component [StandardEngine[Catalina].StandardHost[localhost].StandardContext[/trabajo]]
	at org.apache.catalina.util.LifecycleBase.start(LifecycleBase.java:162)
	at org.apache.catalina.core.ContainerBase.addChildInternal(ContainerBase.java:753)
	at org.apache.catalina.core.ContainerBase.addChild(ContainerBase.java:729)
	at org.apache.catalina.core.StandardHost.addChild(StandardHost.java:717)
	at org.apache.catalina.startup.HostConfig.deployDescriptor(HostConfig.java:620)
	at org.apache.catalina.startup.HostConfig$DeployDescriptor.run(HostConfig.java:1832)
	at java.util.concurrent.Executors$RunnableAdapter.call(Executors.java:511)
	at java.util.concurrent.FutureTask.run(FutureTask.java:266)
	at java.util.concurrent.ThreadPoolExecutor.runWorker(ThreadPoolExecutor.java:1142)
	at java.util.concurrent.ThreadPoolExecutor$Worker.run(ThreadPoolExecutor.java:617)
	at java.lang.Thread.run(Thread.java:745)
Caused by: org.apache.catalina.LifecycleException: Failed to start component [org.apache.catalina.webresources.StandardRoot@42d9028f]
	at org.apache.catalina.util.LifecycleBase.start(LifecycleBase.java:162)
	at org.apache.catalina.core.StandardContext.resourcesStart(StandardContext.java:4977)
	at org.apache.catalina.core.StandardContext.startInternal(StandardContext.java:5110)
	at org.apache.catalina.util.LifecycleBase.start(LifecycleBase.java:145)
	... 10 more
Caused by: java.lang.IllegalArgumentException: The main resource set specified [C:\Users\Dilan\Desktop\trabajo\build\web] is not valid
	at org.apache.catalina.webresources.StandardRoot.createMainResourceSet(StandardRoot.java:746)
	at org.apache.catalina.webresources.StandardRoot.startInternal(StandardRoot.java:704)
	at org.apache.catalina.util.LifecycleBase.start(LifecycleBase.java:145)
	... 13 more

28-May-2018 20:58:43.018 GRAVE [localhost-startStop-1] org.apache.catalina.startup.HostConfig.deployDescriptor Error durante el despliegue del descriptor de configuración C:\Users\Dilan\Downloads\apache-tomcat-8.0.50\conf\Catalina\localhost\trabajo.xml
 java.lang.IllegalStateException: ContainerBase.addChild: start: org.apache.catalina.LifecycleException: Failed to start component [StandardEngine[Catalina].StandardHost[localhost].StandardContext[/trabajo]]
	at org.apache.catalina.core.ContainerBase.addChildInternal(ContainerBase.java:757)
	at org.apache.catalina.core.ContainerBase.addChild(ContainerBase.java:729)
	at org.apache.catalina.core.StandardHost.addChild(StandardHost.java:717)
	at org.apache.catalina.startup.HostConfig.deployDescriptor(HostConfig.java:620)
	at org.apache.catalina.startup.HostConfig$DeployDescriptor.run(HostConfig.java:1832)
	at java.util.concurrent.Executors$RunnableAdapter.call(Executors.java:511)
	at java.util.concurrent.FutureTask.run(FutureTask.java:266)
	at java.util.concurrent.ThreadPoolExecutor.runWorker(ThreadPoolExecutor.java:1142)
	at java.util.concurrent.ThreadPoolExecutor$Worker.run(ThreadPoolExecutor.java:617)
	at java.lang.Thread.run(Thread.java:745)

28-May-2018 20:58:43.019 INFORMACIÓN [localhost-startStop-1] org.apache.catalina.startup.HostConfig.deployDescriptor Deployment of configuration descriptor C:\Users\Dilan\Downloads\apache-tomcat-8.0.50\conf\Catalina\localhost\trabajo.xml has finished in 32 ms
28-May-2018 20:58:43.019 INFORMACIÓN [localhost-startStop-1] org.apache.catalina.startup.HostConfig.deployDescriptor Desplieque del descriptor de configuración C:\Users\Dilan\Downloads\apache-tomcat-8.0.50\conf\Catalina\localhost\viernes13.xml
28-May-2018 20:58:43.556 INFORMACIÓN [localhost-startStop-1] org.apache.catalina.startup.HostConfig.deployDescriptor Deployment of configuration descriptor C:\Users\Dilan\Downloads\apache-tomcat-8.0.50\conf\Catalina\localhost\viernes13.xml has finished in 537 ms
28-May-2018 20:58:43.556 INFORMACIÓN [localhost-startStop-1] org.apache.catalina.startup.HostConfig.deployDescriptor Desplieque del descriptor de configuración C:\Users\Dilan\Downloads\apache-tomcat-8.0.50\conf\Catalina\localhost\viernes23.xml
28-May-2018 20:58:43.789 INFORMACIÓN [localhost-startStop-1] org.apache.catalina.startup.HostConfig.deployDescriptor Deployment of configuration descriptor C:\Users\Dilan\Downloads\apache-tomcat-8.0.50\conf\Catalina\localhost\viernes23.xml has finished in 232 ms
28-May-2018 20:58:43.790 INFORMACIÓN [localhost-startStop-1] org.apache.catalina.startup.HostConfig.deployDescriptor Desplieque del descriptor de configuración C:\Users\Dilan\Downloads\apache-tomcat-8.0.50\conf\Catalina\localhost\viernes27.xml
28-May-2018 20:58:44.282 INFORMACIÓN [localhost-startStop-1] org.apache.catalina.startup.HostConfig.deployDescriptor Deployment of configuration descriptor C:\Users\Dilan\Downloads\apache-tomcat-8.0.50\conf\Catalina\localhost\viernes27.xml has finished in 491 ms
28-May-2018 20:58:44.285 INFORMACIÓN [localhost-startStop-1] org.apache.catalina.startup.HostConfig.deployDirectory Despliegue del directorio C:\Users\Dilan\Downloads\apache-tomcat-8.0.50\webapps\docs de la aplicación web
28-May-2018 20:58:44.372 INFORMACIÓN [localhost-startStop-1] org.apache.catalina.startup.HostConfig.deployDirectory Deployment of web application directory C:\Users\Dilan\Downloads\apache-tomcat-8.0.50\webapps\docs has finished in 87 ms
28-May-2018 20:58:44.373 INFORMACIÓN [localhost-startStop-1] org.apache.catalina.startup.HostConfig.deployDirectory Despliegue del directorio C:\Users\Dilan\Downloads\apache-tomcat-8.0.50\webapps\examples de la aplicación web
28-May-2018 20:58:46.531 INFORMACIÓN [localhost-startStop-1] org.apache.catalina.startup.HostConfig.deployDirectory Deployment of web application directory C:\Users\Dilan\Downloads\apache-tomcat-8.0.50\webapps\examples has finished in 2.158 ms
28-May-2018 20:58:46.532 INFORMACIÓN [localhost-startStop-1] org.apache.catalina.startup.HostConfig.deployDirectory Despliegue del directorio C:\Users\Dilan\Downloads\apache-tomcat-8.0.50\webapps\host-manager de la aplicación web
28-May-2018 20:58:46.693 INFORMACIÓN [localhost-startStop-1] org.apache.catalina.startup.HostConfig.deployDirectory Deployment of web application directory C:\Users\Dilan\Downloads\apache-tomcat-8.0.50\webapps\host-manager has finished in 161 ms
28-May-2018 20:58:46.693 INFORMACIÓN [localhost-startStop-1] org.apache.catalina.startup.HostConfig.deployDirectory Despliegue del directorio C:\Users\Dilan\Downloads\apache-tomcat-8.0.50\webapps\manager de la aplicación web
28-May-2018 20:58:46.807 INFORMACIÓN [localhost-startStop-1] org.apache.catalina.startup.HostConfig.deployDirectory Deployment of web application directory C:\Users\Dilan\Downloads\apache-tomcat-8.0.50\webapps\manager has finished in 114 ms
28-May-2018 20:58:46.807 INFORMACIÓN [localhost-startStop-1] org.apache.catalina.startup.HostConfig.deployDirectory Despliegue del directorio C:\Users\Dilan\Downloads\apache-tomcat-8.0.50\webapps\ROOT de la aplicación web
28-May-2018 20:58:46.887 INFORMACIÓN [localhost-startStop-1] org.apache.catalina.startup.HostConfig.deployDirectory Deployment of web application directory C:\Users\Dilan\Downloads\apache-tomcat-8.0.50\webapps\ROOT has finished in 80 ms
28-May-2018 20:58:46.934 INFORMACIÓN [main] org.apache.coyote.AbstractProtocol.start Starting ProtocolHandler ["http-apr-8080"]
28-May-2018 20:58:47.143 INFORMACIÓN [main] org.apache.coyote.AbstractProtocol.start Starting ProtocolHandler ["ajp-apr-8009"]
28-May-2018 20:58:47.147 INFORMACIÓN [main] org.apache.catalina.startup.Catalina.start Server startup in 5596 ms
28-May-2018 20:58:49.656 INFORMACIÓN [http-apr-8080-exec-5] org.apache.catalina.startup.HostConfig.undeploy Repliegue (undeploy) de la aplicación web que tiene como trayectoria de contexto /trabajo
28-May-2018 20:58:49.721 INFORMACIÓN [http-apr-8080-exec-3] org.apache.catalina.startup.HostConfig.deployDescriptor Desplieque del descriptor de configuración C:\Users\Dilan\Downloads\apache-tomcat-8.0.50\conf\Catalina\localhost\trabajo.xml
28-May-2018 20:58:49.774 INFORMACIÓN [http-apr-8080-exec-3] org.apache.catalina.startup.HostConfig.deployDescriptor Deployment of configuration descriptor C:\Users\Dilan\Downloads\apache-tomcat-8.0.50\conf\Catalina\localhost\trabajo.xml has finished in 53 ms
28-May-2018 20:58:49.778 INFORMACIÓN [http-apr-8080-exec-2] org.apache.catalina.util.LifecycleBase.start The start() method was called on component [StandardEngine[Catalina].StandardHost[localhost].StandardContext[/trabajo]] after start() had already been called. The second call will be ignored.
28-May-2018 23:01:02.805 INFORMACIÓN [main] org.apache.catalina.core.StandardServer.await Se ha recibido un comando de apagado a través del puerto de apagado. Parando la instancia del Servidor.
28-May-2018 23:01:02.812 INFORMACIÓN [main] org.apache.coyote.AbstractProtocol.pause Pausing ProtocolHandler ["http-apr-8080"]
28-May-2018 23:01:02.830 INFORMACIÓN [main] org.apache.coyote.AbstractProtocol.pause Pausing ProtocolHandler ["ajp-apr-8009"]
28-May-2018 23:01:02.887 INFORMACIÓN [main] org.apache.catalina.core.StandardService.stopInternal Parando servicio Catalina
28-May-2018 23:01:03.211 INFORMACIÓN [main] org.apache.coyote.AbstractProtocol.stop Stopping ProtocolHandler ["http-apr-8080"]
28-May-2018 23:01:03.270 INFORMACIÓN [main] org.apache.coyote.AbstractProtocol.stop Stopping ProtocolHandler ["ajp-apr-8009"]
28-May-2018 23:01:03.339 INFORMACIÓN [main] org.apache.coyote.AbstractProtocol.destroy Destroying ProtocolHandler ["http-apr-8080"]
28-May-2018 23:01:03.345 INFORMACIÓN [main] org.apache.coyote.AbstractProtocol.destroy Destroying ProtocolHandler ["ajp-apr-8009"]
28-May-2018 23:03:16.667 INFORMACIÓN [main] org.apache.catalina.startup.VersionLoggerListener.log Server version:        Apache Tomcat/8.0.50
28-May-2018 23:03:16.670 INFORMACIÓN [main] org.apache.catalina.startup.VersionLoggerListener.log Server built:          Feb 7 2018 20:06:05 UTC
28-May-2018 23:03:16.671 INFORMACIÓN [main] org.apache.catalina.startup.VersionLoggerListener.log Server number:         8.0.50.0
28-May-2018 23:03:16.671 INFORMACIÓN [main] org.apache.catalina.startup.VersionLoggerListener.log OS Name:               Windows 10
28-May-2018 23:03:16.671 INFORMACIÓN [main] org.apache.catalina.startup.VersionLoggerListener.log OS Version:            10.0
28-May-2018 23:03:16.671 INFORMACIÓN [main] org.apache.catalina.startup.VersionLoggerListener.log Architecture:          amd64
28-May-2018 23:03:16.671 INFORMACIÓN [main] org.apache.catalina.startup.VersionLoggerListener.log Java Home:             C:\Program Files\Java\jdk1.8.0_121\jre
28-May-2018 23:03:16.671 INFORMACIÓN [main] org.apache.catalina.startup.VersionLoggerListener.log JVM Version:           1.8.0_121-b13
28-May-2018 23:03:16.671 INFORMACIÓN [main] org.apache.catalina.startup.VersionLoggerListener.log JVM Vendor:            Oracle Corporation
28-May-2018 23:03:16.672 INFORMACIÓN [main] org.apache.catalina.startup.VersionLoggerListener.log CATALINA_BASE:         C:\Users\Dilan\Downloads\apache-tomcat-8.0.50
28-May-2018 23:03:16.672 INFORMACIÓN [main] org.apache.catalina.startup.VersionLoggerListener.log CATALINA_HOME:         C:\Users\Dilan\Downloads\apache-tomcat-8.0.50
28-May-2018 23:03:16.672 INFORMACIÓN [main] org.apache.catalina.startup.VersionLoggerListener.log Command line argument: -Djava.util.logging.config.file=C:\Users\Dilan\Downloads\apache-tomcat-8.0.50\conf\logging.properties
28-May-2018 23:03:16.673 INFORMACIÓN [main] org.apache.catalina.startup.VersionLoggerListener.log Command line argument: -Djava.util.logging.manager=org.apache.juli.ClassLoaderLogManager
28-May-2018 23:03:16.673 INFORMACIÓN [main] org.apache.catalina.startup.VersionLoggerListener.log Command line argument: -Dhttp.nonProxyHosts=localhost|127.0.0.1|LAPTOP-46SDPB12
28-May-2018 23:03:16.673 INFORMACIÓN [main] org.apache.catalina.startup.VersionLoggerListener.log Command line argument: -Djdk.tls.ephemeralDHKeySize=2048
28-May-2018 23:03:16.673 INFORMACIÓN [main] org.apache.catalina.startup.VersionLoggerListener.log Command line argument: -Djava.protocol.handler.pkgs=org.apache.catalina.webresources
28-May-2018 23:03:16.673 INFORMACIÓN [main] org.apache.catalina.startup.VersionLoggerListener.log Command line argument: -Dignore.endorsed.dirs=
28-May-2018 23:03:16.673 INFORMACIÓN [main] org.apache.catalina.startup.VersionLoggerListener.log Command line argument: -Dcatalina.base=C:\Users\Dilan\Downloads\apache-tomcat-8.0.50
28-May-2018 23:03:16.673 INFORMACIÓN [main] org.apache.catalina.startup.VersionLoggerListener.log Command line argument: -Dcatalina.home=C:\Users\Dilan\Downloads\apache-tomcat-8.0.50
28-May-2018 23:03:16.674 INFORMACIÓN [main] org.apache.catalina.startup.VersionLoggerListener.log Command line argument: -Djava.io.tmpdir=C:\Users\Dilan\Downloads\apache-tomcat-8.0.50\temp
28-May-2018 23:03:16.674 INFORMACIÓN [main] org.apache.catalina.core.AprLifecycleListener.lifecycleEvent Cargada la biblioteca nativa APR de Apache Tomcat 1.2.16 con la versión APR 1.6.3.
28-May-2018 23:03:16.674 INFORMACIÓN [main] org.apache.catalina.core.AprLifecycleListener.lifecycleEvent Capacidades APR: IPv6 [true], enviar fichero [true], aceptar filtros [false], aleatorio [true].
28-May-2018 23:03:17.945 INFORMACIÓN [main] org.apache.catalina.core.AprLifecycleListener.initializeSSL OpenSSL inicializado correctamente (OpenSSL 1.0.2m  2 Nov 2017)
28-May-2018 23:03:18.659 INFORMACIÓN [main] org.apache.coyote.AbstractProtocol.init Initializing ProtocolHandler ["http-apr-8080"]
28-May-2018 23:03:18.780 INFORMACIÓN [main] org.apache.coyote.AbstractProtocol.init Initializing ProtocolHandler ["ajp-apr-8009"]
28-May-2018 23:03:18.850 INFORMACIÓN [main] org.apache.catalina.startup.Catalina.load Initialization processed in 3473 ms
28-May-2018 23:03:19.098 INFORMACIÓN [main] org.apache.catalina.core.StandardService.startInternal Arrancando servicio Catalina
28-May-2018 23:03:19.100 INFORMACIÓN [main] org.apache.catalina.core.StandardEngine.startInternal Starting Servlet Engine: Apache Tomcat/8.0.50
28-May-2018 23:03:19.136 INFORMACIÓN [localhost-startStop-1] org.apache.catalina.startup.HostConfig.deployDescriptor Desplieque del descriptor de configuración C:\Users\Dilan\Downloads\apache-tomcat-8.0.50\conf\Catalina\localhost\item3.xml
28-May-2018 23:03:21.446 ADVERTENCIA [localhost-startStop-1] org.apache.catalina.util.SessionIdGeneratorBase.createSecureRandom Creation of SecureRandom instance for session ID generation using [SHA1PRNG] took [590] milliseconds.
28-May-2018 23:03:21.507 INFORMACIÓN [localhost-startStop-1] org.apache.catalina.startup.HostConfig.deployDescriptor Deployment of configuration descriptor C:\Users\Dilan\Downloads\apache-tomcat-8.0.50\conf\Catalina\localhost\item3.xml has finished in 2.370 ms
28-May-2018 23:03:21.508 INFORMACIÓN [localhost-startStop-1] org.apache.catalina.startup.HostConfig.deployDescriptor Desplieque del descriptor de configuración C:\Users\Dilan\Downloads\apache-tomcat-8.0.50\conf\Catalina\localhost\trabajo.xml
28-May-2018 23:03:21.673 INFORMACIÓN [localhost-startStop-1] org.apache.catalina.startup.HostConfig.deployDescriptor Deployment of configuration descriptor C:\Users\Dilan\Downloads\apache-tomcat-8.0.50\conf\Catalina\localhost\trabajo.xml has finished in 165 ms
28-May-2018 23:03:21.673 INFORMACIÓN [localhost-startStop-1] org.apache.catalina.startup.HostConfig.deployDescriptor Desplieque del descriptor de configuración C:\Users\Dilan\Downloads\apache-tomcat-8.0.50\conf\Catalina\localhost\viernes13.xml
28-May-2018 23:03:21.899 INFORMACIÓN [localhost-startStop-1] org.apache.catalina.startup.HostConfig.deployDescriptor Deployment of configuration descriptor C:\Users\Dilan\Downloads\apache-tomcat-8.0.50\conf\Catalina\localhost\viernes13.xml has finished in 226 ms
28-May-2018 23:03:21.900 INFORMACIÓN [localhost-startStop-1] org.apache.catalina.startup.HostConfig.deployDescriptor Desplieque del descriptor de configuración C:\Users\Dilan\Downloads\apache-tomcat-8.0.50\conf\Catalina\localhost\viernes23.xml
28-May-2018 23:03:22.225 INFORMACIÓN [localhost-startStop-1] org.apache.catalina.startup.HostConfig.deployDescriptor Deployment of configuration descriptor C:\Users\Dilan\Downloads\apache-tomcat-8.0.50\conf\Catalina\localhost\viernes23.xml has finished in 325 ms
28-May-2018 23:03:22.225 INFORMACIÓN [localhost-startStop-1] org.apache.catalina.startup.HostConfig.deployDescriptor Desplieque del descriptor de configuración C:\Users\Dilan\Downloads\apache-tomcat-8.0.50\conf\Catalina\localhost\viernes27.xml
28-May-2018 23:03:22.570 INFORMACIÓN [localhost-startStop-1] org.apache.catalina.startup.HostConfig.deployDescriptor Deployment of configuration descriptor C:\Users\Dilan\Downloads\apache-tomcat-8.0.50\conf\Catalina\localhost\viernes27.xml has finished in 345 ms
28-May-2018 23:03:22.577 INFORMACIÓN [localhost-startStop-1] org.apache.catalina.startup.HostConfig.deployDirectory Despliegue del directorio C:\Users\Dilan\Downloads\apache-tomcat-8.0.50\webapps\docs de la aplicación web
28-May-2018 23:03:22.688 INFORMACIÓN [localhost-startStop-1] org.apache.catalina.startup.HostConfig.deployDirectory Deployment of web application directory C:\Users\Dilan\Downloads\apache-tomcat-8.0.50\webapps\docs has finished in 112 ms
28-May-2018 23:03:22.688 INFORMACIÓN [localhost-startStop-1] org.apache.catalina.startup.HostConfig.deployDirectory Despliegue del directorio C:\Users\Dilan\Downloads\apache-tomcat-8.0.50\webapps\examples de la aplicación web
28-May-2018 23:03:25.781 INFORMACIÓN [localhost-startStop-1] org.apache.catalina.startup.HostConfig.deployDirectory Deployment of web application directory C:\Users\Dilan\Downloads\apache-tomcat-8.0.50\webapps\examples has finished in 3.093 ms
28-May-2018 23:03:25.782 INFORMACIÓN [localhost-startStop-1] org.apache.catalina.startup.HostConfig.deployDirectory Despliegue del directorio C:\Users\Dilan\Downloads\apache-tomcat-8.0.50\webapps\host-manager de la aplicación web
28-May-2018 23:03:26.001 INFORMACIÓN [localhost-startStop-1] org.apache.catalina.startup.HostConfig.deployDirectory Deployment of web application directory C:\Users\Dilan\Downloads\apache-tomcat-8.0.50\webapps\host-manager has finished in 218 ms
28-May-2018 23:03:26.003 INFORMACIÓN [localhost-startStop-1] org.apache.catalina.startup.HostConfig.deployDirectory Despliegue del directorio C:\Users\Dilan\Downloads\apache-tomcat-8.0.50\webapps\manager de la aplicación web
28-May-2018 23:03:26.157 INFORMACIÓN [localhost-startStop-1] org.apache.catalina.startup.HostConfig.deployDirectory Deployment of web application directory C:\Users\Dilan\Downloads\apache-tomcat-8.0.50\webapps\manager has finished in 155 ms
28-May-2018 23:03:26.158 INFORMACIÓN [localhost-startStop-1] org.apache.catalina.startup.HostConfig.deployDirectory Despliegue del directorio C:\Users\Dilan\Downloads\apache-tomcat-8.0.50\webapps\ROOT de la aplicación web
28-May-2018 23:03:26.257 INFORMACIÓN [localhost-startStop-1] org.apache.catalina.startup.HostConfig.deployDirectory Deployment of web application directory C:\Users\Dilan\Downloads\apache-tomcat-8.0.50\webapps\ROOT has finished in 99 ms
28-May-2018 23:03:26.274 INFORMACIÓN [main] org.apache.coyote.AbstractProtocol.start Starting ProtocolHandler ["http-apr-8080"]
28-May-2018 23:03:26.316 INFORMACIÓN [main] org.apache.coyote.AbstractProtocol.start Starting ProtocolHandler ["ajp-apr-8009"]
28-May-2018 23:03:26.325 INFORMACIÓN [main] org.apache.catalina.startup.Catalina.start Server startup in 7473 ms
28-May-2018 23:03:28.108 INFORMACIÓN [http-apr-8080-exec-5] org.apache.catalina.startup.HostConfig.deployDescriptor Desplieque del descriptor de configuración C:\Users\Dilan\Downloads\apache-tomcat-8.0.50\conf\Catalina\localhost\EPE1.xml
28-May-2018 23:03:28.189 INFORMACIÓN [http-apr-8080-exec-5] org.apache.catalina.startup.HostConfig.deployDescriptor Deployment of configuration descriptor C:\Users\Dilan\Downloads\apache-tomcat-8.0.50\conf\Catalina\localhost\EPE1.xml has finished in 82 ms
28-May-2018 23:03:28.198 INFORMACIÓN [http-apr-8080-exec-4] org.apache.catalina.util.LifecycleBase.start The start() method was called on component [StandardEngine[Catalina].StandardHost[localhost].StandardContext[/EPE1]] after start() had already been called. The second call will be ignored.
