11-Apr-2018 00:33:37.170 INFORMACIÓN [main] org.apache.catalina.core.StandardServer.await Se ha recibido un comando de apagado a través del puerto de apagado. Parando la instancia del Servidor.
11-Apr-2018 00:33:37.170 INFORMACIÓN [main] org.apache.coyote.AbstractProtocol.pause Pausing ProtocolHandler ["http-apr-8080"]
11-Apr-2018 00:33:37.248 INFORMACIÓN [main] org.apache.coyote.AbstractProtocol.pause Pausing ProtocolHandler ["ajp-apr-8009"]
11-Apr-2018 00:33:37.310 INFORMACIÓN [main] org.apache.catalina.core.StandardService.stopInternal Parando servicio Catalina
11-Apr-2018 00:33:37.748 INFORMACIÓN [main] org.apache.coyote.AbstractProtocol.stop Stopping ProtocolHandler ["http-apr-8080"]
11-Apr-2018 00:33:37.873 INFORMACIÓN [main] org.apache.coyote.AbstractProtocol.stop Stopping ProtocolHandler ["ajp-apr-8009"]
11-Apr-2018 00:33:37.935 INFORMACIÓN [main] org.apache.coyote.AbstractProtocol.destroy Destroying ProtocolHandler ["http-apr-8080"]
11-Apr-2018 00:33:37.935 INFORMACIÓN [main] org.apache.coyote.AbstractProtocol.destroy Destroying ProtocolHandler ["ajp-apr-8009"]
11-Apr-2018 09:28:00.407 INFORMACIÓN [main] org.apache.catalina.startup.VersionLoggerListener.log Server version:        Apache Tomcat/8.0.50
11-Apr-2018 09:28:00.410 INFORMACIÓN [main] org.apache.catalina.startup.VersionLoggerListener.log Server built:          Feb 7 2018 20:06:05 UTC
11-Apr-2018 09:28:00.410 INFORMACIÓN [main] org.apache.catalina.startup.VersionLoggerListener.log Server number:         8.0.50.0
11-Apr-2018 09:28:00.410 INFORMACIÓN [main] org.apache.catalina.startup.VersionLoggerListener.log OS Name:               Windows 10
11-Apr-2018 09:28:00.410 INFORMACIÓN [main] org.apache.catalina.startup.VersionLoggerListener.log OS Version:            10.0
11-Apr-2018 09:28:00.410 INFORMACIÓN [main] org.apache.catalina.startup.VersionLoggerListener.log Architecture:          amd64
11-Apr-2018 09:28:00.410 INFORMACIÓN [main] org.apache.catalina.startup.VersionLoggerListener.log Java Home:             C:\Program Files\Java\jdk1.8.0_121\jre
11-Apr-2018 09:28:00.410 INFORMACIÓN [main] org.apache.catalina.startup.VersionLoggerListener.log JVM Version:           1.8.0_121-b13
11-Apr-2018 09:28:00.410 INFORMACIÓN [main] org.apache.catalina.startup.VersionLoggerListener.log JVM Vendor:            Oracle Corporation
11-Apr-2018 09:28:00.410 INFORMACIÓN [main] org.apache.catalina.startup.VersionLoggerListener.log CATALINA_BASE:         C:\Users\Dilan\Downloads\apache-tomcat-8.0.50
11-Apr-2018 09:28:00.410 INFORMACIÓN [main] org.apache.catalina.startup.VersionLoggerListener.log CATALINA_HOME:         C:\Users\Dilan\Downloads\apache-tomcat-8.0.50
11-Apr-2018 09:28:00.411 INFORMACIÓN [main] org.apache.catalina.startup.VersionLoggerListener.log Command line argument: -Djava.util.logging.config.file=C:\Users\Dilan\Downloads\apache-tomcat-8.0.50\conf\logging.properties
11-Apr-2018 09:28:00.411 INFORMACIÓN [main] org.apache.catalina.startup.VersionLoggerListener.log Command line argument: -Djava.util.logging.manager=org.apache.juli.ClassLoaderLogManager
11-Apr-2018 09:28:00.411 INFORMACIÓN [main] org.apache.catalina.startup.VersionLoggerListener.log Command line argument: -Dhttp.nonProxyHosts=localhost|127.0.0.1|LAPTOP-46SDPB12
11-Apr-2018 09:28:00.411 INFORMACIÓN [main] org.apache.catalina.startup.VersionLoggerListener.log Command line argument: -Djdk.tls.ephemeralDHKeySize=2048
11-Apr-2018 09:28:00.411 INFORMACIÓN [main] org.apache.catalina.startup.VersionLoggerListener.log Command line argument: -Djava.protocol.handler.pkgs=org.apache.catalina.webresources
11-Apr-2018 09:28:00.411 INFORMACIÓN [main] org.apache.catalina.startup.VersionLoggerListener.log Command line argument: -Dignore.endorsed.dirs=
11-Apr-2018 09:28:00.411 INFORMACIÓN [main] org.apache.catalina.startup.VersionLoggerListener.log Command line argument: -Dcatalina.base=C:\Users\Dilan\Downloads\apache-tomcat-8.0.50
11-Apr-2018 09:28:00.412 INFORMACIÓN [main] org.apache.catalina.startup.VersionLoggerListener.log Command line argument: -Dcatalina.home=C:\Users\Dilan\Downloads\apache-tomcat-8.0.50
11-Apr-2018 09:28:00.412 INFORMACIÓN [main] org.apache.catalina.startup.VersionLoggerListener.log Command line argument: -Djava.io.tmpdir=C:\Users\Dilan\Downloads\apache-tomcat-8.0.50\temp
11-Apr-2018 09:28:00.412 INFORMACIÓN [main] org.apache.catalina.core.AprLifecycleListener.lifecycleEvent Cargada la biblioteca nativa APR de Apache Tomcat 1.2.16 con la versión APR 1.6.3.
11-Apr-2018 09:28:00.412 INFORMACIÓN [main] org.apache.catalina.core.AprLifecycleListener.lifecycleEvent Capacidades APR: IPv6 [true], enviar fichero [true], aceptar filtros [false], aleatorio [true].
11-Apr-2018 09:28:01.062 INFORMACIÓN [main] org.apache.catalina.core.AprLifecycleListener.initializeSSL OpenSSL inicializado correctamente (OpenSSL 1.0.2m  2 Nov 2017)
11-Apr-2018 09:28:01.747 INFORMACIÓN [main] org.apache.coyote.AbstractProtocol.init Initializing ProtocolHandler ["http-apr-8080"]
11-Apr-2018 09:28:01.773 INFORMACIÓN [main] org.apache.coyote.AbstractProtocol.init Initializing ProtocolHandler ["ajp-apr-8009"]
11-Apr-2018 09:28:01.777 INFORMACIÓN [main] org.apache.catalina.startup.Catalina.load Initialization processed in 1917 ms
11-Apr-2018 09:28:01.926 INFORMACIÓN [main] org.apache.catalina.core.StandardService.startInternal Arrancando servicio Catalina
11-Apr-2018 09:28:01.926 INFORMACIÓN [main] org.apache.catalina.core.StandardEngine.startInternal Starting Servlet Engine: Apache Tomcat/8.0.50
11-Apr-2018 09:28:01.962 INFORMACIÓN [localhost-startStop-1] org.apache.catalina.startup.HostConfig.deployDescriptor Desplieque del descriptor de configuración C:\Users\Dilan\Downloads\apache-tomcat-8.0.50\conf\Catalina\localhost\item3.xml
11-Apr-2018 09:28:02.645 INFORMACIÓN [localhost-startStop-1] org.apache.catalina.startup.HostConfig.deployDescriptor Deployment of configuration descriptor C:\Users\Dilan\Downloads\apache-tomcat-8.0.50\conf\Catalina\localhost\item3.xml has finished in 681 ms
11-Apr-2018 09:28:02.645 INFORMACIÓN [localhost-startStop-1] org.apache.catalina.startup.HostConfig.deployDescriptor Desplieque del descriptor de configuración C:\Users\Dilan\Downloads\apache-tomcat-8.0.50\conf\Catalina\localhost\trabajo.xml
11-Apr-2018 09:28:02.685 INFORMACIÓN [localhost-startStop-1] org.apache.catalina.startup.HostConfig.deployDescriptor Deployment of configuration descriptor C:\Users\Dilan\Downloads\apache-tomcat-8.0.50\conf\Catalina\localhost\trabajo.xml has finished in 40 ms
11-Apr-2018 09:28:02.686 INFORMACIÓN [localhost-startStop-1] org.apache.catalina.startup.HostConfig.deployDescriptor Desplieque del descriptor de configuración C:\Users\Dilan\Downloads\apache-tomcat-8.0.50\conf\Catalina\localhost\viernes23.xml
11-Apr-2018 09:28:02.781 INFORMACIÓN [localhost-startStop-1] org.apache.catalina.startup.HostConfig.deployDescriptor Deployment of configuration descriptor C:\Users\Dilan\Downloads\apache-tomcat-8.0.50\conf\Catalina\localhost\viernes23.xml has finished in 94 ms
11-Apr-2018 09:28:02.782 INFORMACIÓN [localhost-startStop-1] org.apache.catalina.startup.HostConfig.deployDirectory Despliegue del directorio C:\Users\Dilan\Downloads\apache-tomcat-8.0.50\webapps\docs de la aplicación web
11-Apr-2018 09:28:02.880 INFORMACIÓN [localhost-startStop-1] org.apache.catalina.startup.HostConfig.deployDirectory Deployment of web application directory C:\Users\Dilan\Downloads\apache-tomcat-8.0.50\webapps\docs has finished in 98 ms
11-Apr-2018 09:28:02.880 INFORMACIÓN [localhost-startStop-1] org.apache.catalina.startup.HostConfig.deployDirectory Despliegue del directorio C:\Users\Dilan\Downloads\apache-tomcat-8.0.50\webapps\examples de la aplicación web
11-Apr-2018 09:28:04.929 INFORMACIÓN [localhost-startStop-1] org.apache.catalina.startup.HostConfig.deployDirectory Deployment of web application directory C:\Users\Dilan\Downloads\apache-tomcat-8.0.50\webapps\examples has finished in 2.049 ms
11-Apr-2018 09:28:04.930 INFORMACIÓN [localhost-startStop-1] org.apache.catalina.startup.HostConfig.deployDirectory Despliegue del directorio C:\Users\Dilan\Downloads\apache-tomcat-8.0.50\webapps\host-manager de la aplicación web
11-Apr-2018 09:28:05.006 INFORMACIÓN [localhost-startStop-1] org.apache.catalina.startup.HostConfig.deployDirectory Deployment of web application directory C:\Users\Dilan\Downloads\apache-tomcat-8.0.50\webapps\host-manager has finished in 76 ms
11-Apr-2018 09:28:05.006 INFORMACIÓN [localhost-startStop-1] org.apache.catalina.startup.HostConfig.deployDirectory Despliegue del directorio C:\Users\Dilan\Downloads\apache-tomcat-8.0.50\webapps\manager de la aplicación web
11-Apr-2018 09:28:05.075 INFORMACIÓN [localhost-startStop-1] org.apache.catalina.startup.HostConfig.deployDirectory Deployment of web application directory C:\Users\Dilan\Downloads\apache-tomcat-8.0.50\webapps\manager has finished in 68 ms
11-Apr-2018 09:28:05.075 INFORMACIÓN [localhost-startStop-1] org.apache.catalina.startup.HostConfig.deployDirectory Despliegue del directorio C:\Users\Dilan\Downloads\apache-tomcat-8.0.50\webapps\ROOT de la aplicación web
11-Apr-2018 09:28:05.124 INFORMACIÓN [localhost-startStop-1] org.apache.catalina.startup.HostConfig.deployDirectory Deployment of web application directory C:\Users\Dilan\Downloads\apache-tomcat-8.0.50\webapps\ROOT has finished in 49 ms
11-Apr-2018 09:28:05.130 INFORMACIÓN [main] org.apache.coyote.AbstractProtocol.start Starting ProtocolHandler ["http-apr-8080"]
11-Apr-2018 09:28:05.164 INFORMACIÓN [main] org.apache.coyote.AbstractProtocol.start Starting ProtocolHandler ["ajp-apr-8009"]
11-Apr-2018 09:28:05.169 INFORMACIÓN [main] org.apache.catalina.startup.Catalina.start Server startup in 3391 ms
11-Apr-2018 12:26:07.338 INFORMACIÓN [main] org.apache.catalina.startup.VersionLoggerListener.log Server version:        Apache Tomcat/8.0.50
11-Apr-2018 12:26:07.353 INFORMACIÓN [main] org.apache.catalina.startup.VersionLoggerListener.log Server built:          Feb 7 2018 20:06:05 UTC
11-Apr-2018 12:26:07.353 INFORMACIÓN [main] org.apache.catalina.startup.VersionLoggerListener.log Server number:         8.0.50.0
11-Apr-2018 12:26:07.353 INFORMACIÓN [main] org.apache.catalina.startup.VersionLoggerListener.log OS Name:               Windows 10
11-Apr-2018 12:26:07.353 INFORMACIÓN [main] org.apache.catalina.startup.VersionLoggerListener.log OS Version:            10.0
11-Apr-2018 12:26:07.353 INFORMACIÓN [main] org.apache.catalina.startup.VersionLoggerListener.log Architecture:          amd64
11-Apr-2018 12:26:07.353 INFORMACIÓN [main] org.apache.catalina.startup.VersionLoggerListener.log Java Home:             C:\Program Files\Java\jdk1.8.0_121\jre
11-Apr-2018 12:26:07.353 INFORMACIÓN [main] org.apache.catalina.startup.VersionLoggerListener.log JVM Version:           1.8.0_121-b13
11-Apr-2018 12:26:07.353 INFORMACIÓN [main] org.apache.catalina.startup.VersionLoggerListener.log JVM Vendor:            Oracle Corporation
11-Apr-2018 12:26:07.353 INFORMACIÓN [main] org.apache.catalina.startup.VersionLoggerListener.log CATALINA_BASE:         C:\Users\Dilan\Downloads\apache-tomcat-8.0.50
11-Apr-2018 12:26:07.353 INFORMACIÓN [main] org.apache.catalina.startup.VersionLoggerListener.log CATALINA_HOME:         C:\Users\Dilan\Downloads\apache-tomcat-8.0.50
11-Apr-2018 12:26:07.353 INFORMACIÓN [main] org.apache.catalina.startup.VersionLoggerListener.log Command line argument: -Djava.util.logging.config.file=C:\Users\Dilan\Downloads\apache-tomcat-8.0.50\conf\logging.properties
11-Apr-2018 12:26:07.353 INFORMACIÓN [main] org.apache.catalina.startup.VersionLoggerListener.log Command line argument: -Djava.util.logging.manager=org.apache.juli.ClassLoaderLogManager
11-Apr-2018 12:26:07.353 INFORMACIÓN [main] org.apache.catalina.startup.VersionLoggerListener.log Command line argument: -Dhttp.nonProxyHosts=localhost|127.0.0.1|LAPTOP-46SDPB12
11-Apr-2018 12:26:07.353 INFORMACIÓN [main] org.apache.catalina.startup.VersionLoggerListener.log Command line argument: -Djdk.tls.ephemeralDHKeySize=2048
11-Apr-2018 12:26:07.353 INFORMACIÓN [main] org.apache.catalina.startup.VersionLoggerListener.log Command line argument: -Djava.protocol.handler.pkgs=org.apache.catalina.webresources
11-Apr-2018 12:26:07.353 INFORMACIÓN [main] org.apache.catalina.startup.VersionLoggerListener.log Command line argument: -Dignore.endorsed.dirs=
11-Apr-2018 12:26:07.353 INFORMACIÓN [main] org.apache.catalina.startup.VersionLoggerListener.log Command line argument: -Dcatalina.base=C:\Users\Dilan\Downloads\apache-tomcat-8.0.50
11-Apr-2018 12:26:07.353 INFORMACIÓN [main] org.apache.catalina.startup.VersionLoggerListener.log Command line argument: -Dcatalina.home=C:\Users\Dilan\Downloads\apache-tomcat-8.0.50
11-Apr-2018 12:26:07.353 INFORMACIÓN [main] org.apache.catalina.startup.VersionLoggerListener.log Command line argument: -Djava.io.tmpdir=C:\Users\Dilan\Downloads\apache-tomcat-8.0.50\temp
11-Apr-2018 12:26:07.353 INFORMACIÓN [main] org.apache.catalina.core.AprLifecycleListener.lifecycleEvent Cargada la biblioteca nativa APR de Apache Tomcat 1.2.16 con la versión APR 1.6.3.
11-Apr-2018 12:26:07.353 INFORMACIÓN [main] org.apache.catalina.core.AprLifecycleListener.lifecycleEvent Capacidades APR: IPv6 [true], enviar fichero [true], aceptar filtros [false], aleatorio [true].
11-Apr-2018 12:26:08.057 INFORMACIÓN [main] org.apache.catalina.core.AprLifecycleListener.initializeSSL OpenSSL inicializado correctamente (OpenSSL 1.0.2m  2 Nov 2017)
11-Apr-2018 12:26:08.197 INFORMACIÓN [main] org.apache.coyote.AbstractProtocol.init Initializing ProtocolHandler ["http-apr-8080"]
11-Apr-2018 12:26:08.197 INFORMACIÓN [main] org.apache.coyote.AbstractProtocol.init Initializing ProtocolHandler ["ajp-apr-8009"]
11-Apr-2018 12:26:08.197 INFORMACIÓN [main] org.apache.catalina.startup.Catalina.load Initialization processed in 1677 ms
11-Apr-2018 12:26:08.244 INFORMACIÓN [main] org.apache.catalina.core.StandardService.startInternal Arrancando servicio Catalina
11-Apr-2018 12:26:08.244 INFORMACIÓN [main] org.apache.catalina.core.StandardEngine.startInternal Starting Servlet Engine: Apache Tomcat/8.0.50
11-Apr-2018 12:26:08.260 INFORMACIÓN [localhost-startStop-1] org.apache.catalina.startup.HostConfig.deployDescriptor Desplieque del descriptor de configuración C:\Users\Dilan\Downloads\apache-tomcat-8.0.50\conf\Catalina\localhost\item3.xml
11-Apr-2018 12:26:08.775 INFORMACIÓN [localhost-startStop-1] org.apache.catalina.startup.HostConfig.deployDescriptor Deployment of configuration descriptor C:\Users\Dilan\Downloads\apache-tomcat-8.0.50\conf\Catalina\localhost\item3.xml has finished in 515 ms
11-Apr-2018 12:26:08.775 INFORMACIÓN [localhost-startStop-1] org.apache.catalina.startup.HostConfig.deployDescriptor Desplieque del descriptor de configuración C:\Users\Dilan\Downloads\apache-tomcat-8.0.50\conf\Catalina\localhost\trabajo.xml
11-Apr-2018 12:26:08.822 INFORMACIÓN [localhost-startStop-1] org.apache.catalina.startup.HostConfig.deployDescriptor Deployment of configuration descriptor C:\Users\Dilan\Downloads\apache-tomcat-8.0.50\conf\Catalina\localhost\trabajo.xml has finished in 47 ms
11-Apr-2018 12:26:08.822 INFORMACIÓN [localhost-startStop-1] org.apache.catalina.startup.HostConfig.deployDescriptor Desplieque del descriptor de configuración C:\Users\Dilan\Downloads\apache-tomcat-8.0.50\conf\Catalina\localhost\viernes23.xml
11-Apr-2018 12:26:08.885 INFORMACIÓN [localhost-startStop-1] org.apache.catalina.startup.HostConfig.deployDescriptor Deployment of configuration descriptor C:\Users\Dilan\Downloads\apache-tomcat-8.0.50\conf\Catalina\localhost\viernes23.xml has finished in 63 ms
11-Apr-2018 12:26:08.885 INFORMACIÓN [localhost-startStop-1] org.apache.catalina.startup.HostConfig.deployDirectory Despliegue del directorio C:\Users\Dilan\Downloads\apache-tomcat-8.0.50\webapps\docs de la aplicación web
11-Apr-2018 12:26:08.932 INFORMACIÓN [localhost-startStop-1] org.apache.catalina.startup.HostConfig.deployDirectory Deployment of web application directory C:\Users\Dilan\Downloads\apache-tomcat-8.0.50\webapps\docs has finished in 47 ms
11-Apr-2018 12:26:08.932 INFORMACIÓN [localhost-startStop-1] org.apache.catalina.startup.HostConfig.deployDirectory Despliegue del directorio C:\Users\Dilan\Downloads\apache-tomcat-8.0.50\webapps\examples de la aplicación web
11-Apr-2018 12:26:10.885 INFORMACIÓN [localhost-startStop-1] org.apache.catalina.startup.HostConfig.deployDirectory Deployment of web application directory C:\Users\Dilan\Downloads\apache-tomcat-8.0.50\webapps\examples has finished in 1.953 ms
11-Apr-2018 12:26:10.885 INFORMACIÓN [localhost-startStop-1] org.apache.catalina.startup.HostConfig.deployDirectory Despliegue del directorio C:\Users\Dilan\Downloads\apache-tomcat-8.0.50\webapps\host-manager de la aplicación web
11-Apr-2018 12:26:11.041 INFORMACIÓN [localhost-startStop-1] org.apache.catalina.startup.HostConfig.deployDirectory Deployment of web application directory C:\Users\Dilan\Downloads\apache-tomcat-8.0.50\webapps\host-manager has finished in 156 ms
11-Apr-2018 12:26:11.041 INFORMACIÓN [localhost-startStop-1] org.apache.catalina.startup.HostConfig.deployDirectory Despliegue del directorio C:\Users\Dilan\Downloads\apache-tomcat-8.0.50\webapps\manager de la aplicación web
11-Apr-2018 12:26:11.197 INFORMACIÓN [localhost-startStop-1] org.apache.catalina.startup.HostConfig.deployDirectory Deployment of web application directory C:\Users\Dilan\Downloads\apache-tomcat-8.0.50\webapps\manager has finished in 156 ms
11-Apr-2018 12:26:11.197 INFORMACIÓN [localhost-startStop-1] org.apache.catalina.startup.HostConfig.deployDirectory Despliegue del directorio C:\Users\Dilan\Downloads\apache-tomcat-8.0.50\webapps\ROOT de la aplicación web
11-Apr-2018 12:26:11.307 INFORMACIÓN [localhost-startStop-1] org.apache.catalina.startup.HostConfig.deployDirectory Deployment of web application directory C:\Users\Dilan\Downloads\apache-tomcat-8.0.50\webapps\ROOT has finished in 94 ms
11-Apr-2018 12:26:11.307 INFORMACIÓN [main] org.apache.coyote.AbstractProtocol.start Starting ProtocolHandler ["http-apr-8080"]
11-Apr-2018 12:26:11.322 INFORMACIÓN [main] org.apache.coyote.AbstractProtocol.start Starting ProtocolHandler ["ajp-apr-8009"]
11-Apr-2018 12:26:11.338 INFORMACIÓN [main] org.apache.catalina.startup.Catalina.start Server startup in 3129 ms
11-Apr-2018 15:04:18.457 INFORMACIÓN [main] org.apache.catalina.core.StandardServer.await Se ha recibido un comando de apagado a través del puerto de apagado. Parando la instancia del Servidor.
11-Apr-2018 15:04:18.457 INFORMACIÓN [main] org.apache.coyote.AbstractProtocol.pause Pausing ProtocolHandler ["http-apr-8080"]
11-Apr-2018 15:04:18.519 INFORMACIÓN [main] org.apache.coyote.AbstractProtocol.pause Pausing ProtocolHandler ["ajp-apr-8009"]
11-Apr-2018 15:04:18.582 INFORMACIÓN [main] org.apache.catalina.core.StandardService.stopInternal Parando servicio Catalina
11-Apr-2018 15:04:18.629 INFORMACIÓN [main] org.apache.coyote.AbstractProtocol.stop Stopping ProtocolHandler ["http-apr-8080"]
11-Apr-2018 15:04:18.691 INFORMACIÓN [main] org.apache.coyote.AbstractProtocol.stop Stopping ProtocolHandler ["ajp-apr-8009"]
11-Apr-2018 15:04:18.754 INFORMACIÓN [main] org.apache.coyote.AbstractProtocol.destroy Destroying ProtocolHandler ["http-apr-8080"]
11-Apr-2018 15:04:18.754 INFORMACIÓN [main] org.apache.coyote.AbstractProtocol.destroy Destroying ProtocolHandler ["ajp-apr-8009"]
