13-Apr-2018 11:37:48.069 INFORMACIÓN [localhost-startStop-1] org.apache.catalina.core.ApplicationContext.log ContextListener: contextInitialized()
13-Apr-2018 11:37:48.069 INFORMACIÓN [localhost-startStop-1] org.apache.catalina.core.ApplicationContext.log SessionListener: contextInitialized()
13-Apr-2018 11:37:48.069 INFORMACIÓN [localhost-startStop-1] org.apache.catalina.core.ApplicationContext.log ContextListener: attributeAdded('StockTicker', 'async.Stockticker@7c059e98')
13-Apr-2018 11:53:30.829 GRAVE [http-apr-8080-exec-8] org.apache.catalina.core.StandardWrapperValve.invoke El Servlet.service() para el servlet [jsp] en el contexto con ruta [/item3] lanzó la excepción [/recibir.jsp (línea: 5, columna: 6) Tag &lt;% no terminado] con causa raíz
 org.apache.jasper.JasperException: /recibir.jsp (línea: 5, columna: 6) Tag &lt;% no terminado
	at org.apache.jasper.compiler.DefaultErrorHandler.jspError(DefaultErrorHandler.java:41)
	at org.apache.jasper.compiler.ErrorDispatcher.dispatch(ErrorDispatcher.java:275)
	at org.apache.jasper.compiler.ErrorDispatcher.jspError(ErrorDispatcher.java:91)
	at org.apache.jasper.compiler.Parser.parseScriptlet(Parser.java:772)
	at org.apache.jasper.compiler.Parser.parseElements(Parser.java:1447)
	at org.apache.jasper.compiler.Parser.parse(Parser.java:139)
	at org.apache.jasper.compiler.ParserController.doParse(ParserController.java:227)
	at org.apache.jasper.compiler.ParserController.parse(ParserController.java:100)
	at org.apache.jasper.compiler.Compiler.generateJava(Compiler.java:201)
	at org.apache.jasper.compiler.Compiler.compile(Compiler.java:358)
	at org.apache.jasper.compiler.Compiler.compile(Compiler.java:338)
	at org.apache.jasper.compiler.Compiler.compile(Compiler.java:325)
	at org.apache.jasper.JspCompilationContext.compile(JspCompilationContext.java:580)
	at org.apache.jasper.servlet.JspServletWrapper.service(JspServletWrapper.java:363)
	at org.apache.jasper.servlet.JspServlet.serviceJspFile(JspServlet.java:396)
	at org.apache.jasper.servlet.JspServlet.service(JspServlet.java:340)
	at javax.servlet.http.HttpServlet.service(HttpServlet.java:729)
	at org.apache.catalina.core.ApplicationFilterChain.internalDoFilter(ApplicationFilterChain.java:292)
	at org.apache.catalina.core.ApplicationFilterChain.doFilter(ApplicationFilterChain.java:207)
	at org.apache.tomcat.websocket.server.WsFilter.doFilter(WsFilter.java:52)
	at org.apache.catalina.core.ApplicationFilterChain.internalDoFilter(ApplicationFilterChain.java:240)
	at org.apache.catalina.core.ApplicationFilterChain.doFilter(ApplicationFilterChain.java:207)
	at org.apache.catalina.core.StandardWrapperValve.invoke(StandardWrapperValve.java:212)
	at org.apache.catalina.core.StandardContextValve.invoke(StandardContextValve.java:94)
	at org.apache.catalina.core.StandardHostValve.invoke(StandardHostValve.java:141)
	at org.apache.catalina.valves.ErrorReportValve.invoke(ErrorReportValve.java:79)
	at org.apache.catalina.valves.AbstractAccessLogValve.invoke(AbstractAccessLogValve.java:620)
	at org.apache.catalina.core.StandardEngineValve.invoke(StandardEngineValve.java:88)
	at org.apache.catalina.connector.CoyoteAdapter.service(CoyoteAdapter.java:502)
	at org.apache.coyote.http11.AbstractHttp11Processor.process(AbstractHttp11Processor.java:1132)
	at org.apache.coyote.AbstractProtocol$AbstractConnectionHandler.process(AbstractProtocol.java:684)
	at org.apache.tomcat.util.net.AprEndpoint$SocketProcessor.doRun(AprEndpoint.java:2527)
	at org.apache.tomcat.util.net.AprEndpoint$SocketProcessor.run(AprEndpoint.java:2516)
	at java.util.concurrent.ThreadPoolExecutor.runWorker(ThreadPoolExecutor.java:1142)
	at java.util.concurrent.ThreadPoolExecutor$Worker.run(ThreadPoolExecutor.java:617)
	at org.apache.tomcat.util.threads.TaskThread$WrappingRunnable.run(TaskThread.java:61)
	at java.lang.Thread.run(Thread.java:745)

13-Apr-2018 13:42:11.372 INFORMACIÓN [localhost-startStop-2] org.apache.catalina.core.ApplicationContext.log SessionListener: contextDestroyed()
13-Apr-2018 13:42:11.372 INFORMACIÓN [localhost-startStop-2] org.apache.catalina.core.ApplicationContext.log ContextListener: contextDestroyed()
13-Apr-2018 15:07:09.550 INFORMACIÓN [localhost-startStop-1] org.apache.catalina.core.ApplicationContext.log ContextListener: contextInitialized()
13-Apr-2018 15:07:09.550 INFORMACIÓN [localhost-startStop-1] org.apache.catalina.core.ApplicationContext.log SessionListener: contextInitialized()
13-Apr-2018 15:07:09.552 INFORMACIÓN [localhost-startStop-1] org.apache.catalina.core.ApplicationContext.log ContextListener: attributeAdded('StockTicker', 'async.Stockticker@6da7b43e')
