30-May-2018 01:51:51.375 INFORMACIÓN [http-apr-8080-exec-35] org.apache.catalina.core.ApplicationContext.log Manager: list: Listing contexts for virtual host 'localhost'
30-May-2018 01:51:51.407 INFORMACIÓN [http-apr-8080-exec-37] org.apache.catalina.core.ApplicationContext.log Manager: restart: Reloading web application '/EPE1'
30-May-2018 01:51:52.863 INFORMACIÓN [http-apr-8080-exec-29] org.apache.catalina.core.ApplicationContext.log Manager: list: Listing contexts for virtual host 'localhost'
30-May-2018 21:45:05.208 INFORMACIÓN [http-apr-8080-exec-8] org.apache.catalina.core.ApplicationContext.log Manager: init: Associated with Deployer 'Catalina:type=Deployer,host=localhost'
30-May-2018 21:45:05.208 INFORMACIÓN [http-apr-8080-exec-8] org.apache.catalina.core.ApplicationContext.log Manager: init: Global resources are available
30-May-2018 21:45:05.210 INFORMACIÓN [http-apr-8080-exec-8] org.apache.catalina.core.ApplicationContext.log Manager: list: Listing contexts for virtual host 'localhost'
30-May-2018 21:45:06.287 INFORMACIÓN [http-apr-8080-exec-4] org.apache.catalina.core.ApplicationContext.log Manager: list: Listing contexts for virtual host 'localhost'
30-May-2018 21:45:06.299 INFORMACIÓN [http-apr-8080-exec-6] org.apache.catalina.core.ApplicationContext.log Manager: restart: Reloading web application '/EPE1'
30-May-2018 21:54:41.693 INFORMACIÓN [http-apr-8080-exec-15] org.apache.catalina.core.ApplicationContext.log Manager: list: Listing contexts for virtual host 'localhost'
30-May-2018 21:54:41.706 INFORMACIÓN [http-apr-8080-exec-14] org.apache.catalina.core.ApplicationContext.log Manager: restart: Reloading web application '/EPE1'
30-May-2018 21:54:41.707 GRAVE [http-apr-8080-exec-14] org.apache.catalina.core.ApplicationContext.log Manager: ManagerServlet.reload[/EPE1]
 java.lang.IllegalStateException: Aún no se ha arrancado el Contexto [/EPE1]
	at org.apache.catalina.core.StandardContext.reload(StandardContext.java:3850)
	at org.apache.catalina.manager.ManagerServlet.reload(ManagerServlet.java:999)
	at org.apache.catalina.manager.ManagerServlet.doGet(ManagerServlet.java:347)
	at javax.servlet.http.HttpServlet.service(HttpServlet.java:622)
	at javax.servlet.http.HttpServlet.service(HttpServlet.java:729)
	at org.apache.catalina.core.ApplicationFilterChain.internalDoFilter(ApplicationFilterChain.java:292)
	at org.apache.catalina.core.ApplicationFilterChain.doFilter(ApplicationFilterChain.java:207)
	at org.apache.tomcat.websocket.server.WsFilter.doFilter(WsFilter.java:52)
	at org.apache.catalina.core.ApplicationFilterChain.internalDoFilter(ApplicationFilterChain.java:240)
	at org.apache.catalina.core.ApplicationFilterChain.doFilter(ApplicationFilterChain.java:207)
	at org.apache.catalina.filters.SetCharacterEncodingFilter.doFilter(SetCharacterEncodingFilter.java:108)
	at org.apache.catalina.core.ApplicationFilterChain.internalDoFilter(ApplicationFilterChain.java:240)
	at org.apache.catalina.core.ApplicationFilterChain.doFilter(ApplicationFilterChain.java:207)
	at org.apache.catalina.core.StandardWrapperValve.invoke(StandardWrapperValve.java:212)
	at org.apache.catalina.core.StandardContextValve.invoke(StandardContextValve.java:94)
	at org.apache.catalina.authenticator.AuthenticatorBase.invoke(AuthenticatorBase.java:608)
	at org.apache.catalina.core.StandardHostValve.invoke(StandardHostValve.java:141)
	at org.apache.catalina.valves.ErrorReportValve.invoke(ErrorReportValve.java:79)
	at org.apache.catalina.valves.AbstractAccessLogValve.invoke(AbstractAccessLogValve.java:620)
	at org.apache.catalina.core.StandardEngineValve.invoke(StandardEngineValve.java:88)
	at org.apache.catalina.connector.CoyoteAdapter.service(CoyoteAdapter.java:502)
	at org.apache.coyote.http11.AbstractHttp11Processor.process(AbstractHttp11Processor.java:1132)
	at org.apache.coyote.AbstractProtocol$AbstractConnectionHandler.process(AbstractProtocol.java:684)
	at org.apache.tomcat.util.net.AprEndpoint$SocketProcessor.doRun(AprEndpoint.java:2527)
	at org.apache.tomcat.util.net.AprEndpoint$SocketProcessor.run(AprEndpoint.java:2516)
	at java.util.concurrent.ThreadPoolExecutor.runWorker(ThreadPoolExecutor.java:1142)
	at java.util.concurrent.ThreadPoolExecutor$Worker.run(ThreadPoolExecutor.java:617)
	at org.apache.tomcat.util.threads.TaskThread$WrappingRunnable.run(TaskThread.java:61)
	at java.lang.Thread.run(Thread.java:745)

30-May-2018 21:55:53.606 INFORMACIÓN [http-apr-8080-exec-23] org.apache.catalina.core.ApplicationContext.log Manager: list: Listing contexts for virtual host 'localhost'
30-May-2018 21:55:53.613 INFORMACIÓN [http-apr-8080-exec-17] org.apache.catalina.core.ApplicationContext.log Manager: list: Listing contexts for virtual host 'localhost'
30-May-2018 21:57:23.926 INFORMACIÓN [http-apr-8080-exec-11] org.apache.catalina.core.ApplicationContext.log Manager: list: Listing contexts for virtual host 'localhost'
30-May-2018 21:57:24.165 INFORMACIÓN [http-apr-8080-exec-21] org.apache.catalina.core.ApplicationContext.log Manager: undeploy: Undeploying web application at '/EPE1'
30-May-2018 21:57:32.314 INFORMACIÓN [http-apr-8080-exec-26] org.apache.catalina.core.ApplicationContext.log Manager: list: Listing contexts for virtual host 'localhost'
30-May-2018 21:57:32.322 INFORMACIÓN [http-apr-8080-exec-27] org.apache.catalina.core.ApplicationContext.log Manager: list: Listing contexts for virtual host 'localhost'
30-May-2018 21:57:32.357 INFORMACIÓN [http-apr-8080-exec-15] org.apache.catalina.core.ApplicationContext.log Manager: install: Installing context configuration at 'file:/C:/Users/Dilan/AppData/Local/Temp/context888264842979737176.xml'
30-May-2018 21:57:32.503 INFORMACIÓN [http-apr-8080-exec-25] org.apache.catalina.core.ApplicationContext.log Manager: start: Starting web application '/EPE1'
30-May-2018 21:57:50.619 INFORMACIÓN [http-apr-8080-exec-23] org.apache.catalina.core.ApplicationContext.log Manager: list: Listing contexts for virtual host 'localhost'
30-May-2018 21:57:50.623 INFORMACIÓN [http-apr-8080-exec-28] org.apache.catalina.core.ApplicationContext.log Manager: list: Listing contexts for virtual host 'localhost'
30-May-2018 21:57:50.651 INFORMACIÓN [http-apr-8080-exec-11] org.apache.catalina.core.ApplicationContext.log Manager: restart: Reloading web application '/EPE1'
30-May-2018 21:58:59.587 INFORMACIÓN [http-apr-8080-exec-31] org.apache.catalina.core.ApplicationContext.log Manager: list: Listing contexts for virtual host 'localhost'
30-May-2018 21:59:00.048 INFORMACIÓN [http-apr-8080-exec-24] org.apache.catalina.core.ApplicationContext.log Manager: list: Listing contexts for virtual host 'localhost'
30-May-2018 21:59:00.059 INFORMACIÓN [http-apr-8080-exec-26] org.apache.catalina.core.ApplicationContext.log Manager: restart: Reloading web application '/EPE1'
30-May-2018 22:01:24.792 INFORMACIÓN [http-apr-8080-exec-26] org.apache.catalina.core.ApplicationContext.log Manager: list: Listing contexts for virtual host 'localhost'
30-May-2018 22:01:24.796 INFORMACIÓN [http-apr-8080-exec-34] org.apache.catalina.core.ApplicationContext.log Manager: list: Listing contexts for virtual host 'localhost'
30-May-2018 22:01:24.833 INFORMACIÓN [http-apr-8080-exec-36] org.apache.catalina.core.ApplicationContext.log Manager: restart: Reloading web application '/EPE1'
30-May-2018 22:04:53.303 INFORMACIÓN [http-apr-8080-exec-36] org.apache.catalina.core.ApplicationContext.log Manager: list: Listing contexts for virtual host 'localhost'
30-May-2018 22:04:53.306 INFORMACIÓN [http-apr-8080-exec-37] org.apache.catalina.core.ApplicationContext.log Manager: list: Listing contexts for virtual host 'localhost'
30-May-2018 22:12:55.937 INFORMACIÓN [http-apr-8080-exec-44] org.apache.catalina.core.ApplicationContext.log Manager: list: Listing contexts for virtual host 'localhost'
30-May-2018 22:12:55.952 INFORMACIÓN [http-apr-8080-exec-45] org.apache.catalina.core.ApplicationContext.log Manager: restart: Reloading web application '/EPE1'
30-May-2018 22:12:59.162 INFORMACIÓN [http-apr-8080-exec-47] org.apache.catalina.core.ApplicationContext.log Manager: list: Listing contexts for virtual host 'localhost'
30-May-2018 22:12:59.166 INFORMACIÓN [http-apr-8080-exec-39] org.apache.catalina.core.ApplicationContext.log Manager: list: Listing contexts for virtual host 'localhost'
30-May-2018 22:12:59.190 INFORMACIÓN [http-apr-8080-exec-48] org.apache.catalina.core.ApplicationContext.log Manager: restart: Reloading web application '/EPE1'
30-May-2018 22:13:25.641 INFORMACIÓN [http-apr-8080-exec-49] org.apache.catalina.core.ApplicationContext.log Manager: list: Listing contexts for virtual host 'localhost'
30-May-2018 22:13:27.914 INFORMACIÓN [http-apr-8080-exec-37] org.apache.catalina.core.ApplicationContext.log Manager: list: Listing contexts for virtual host 'localhost'
30-May-2018 22:13:27.917 INFORMACIÓN [http-apr-8080-exec-39] org.apache.catalina.core.ApplicationContext.log Manager: list: Listing contexts for virtual host 'localhost'
30-May-2018 22:15:41.957 INFORMACIÓN [http-apr-8080-exec-48] org.apache.catalina.core.ApplicationContext.log Manager: list: Listing contexts for virtual host 'localhost'
30-May-2018 22:21:15.996 INFORMACIÓN [http-apr-8080-exec-56] org.apache.catalina.core.ApplicationContext.log Manager: list: Listing contexts for virtual host 'localhost'
30-May-2018 22:35:43.290 INFORMACIÓN [http-apr-8080-exec-51] org.apache.catalina.core.ApplicationContext.log Manager: list: Listing contexts for virtual host 'localhost'
30-May-2018 22:35:44.378 INFORMACIÓN [http-apr-8080-exec-53] org.apache.catalina.core.ApplicationContext.log Manager: list: Listing contexts for virtual host 'localhost'
30-May-2018 22:35:44.389 INFORMACIÓN [http-apr-8080-exec-54] org.apache.catalina.core.ApplicationContext.log Manager: list: Listing contexts for virtual host 'localhost'
30-May-2018 22:35:44.398 INFORMACIÓN [http-apr-8080-exec-55] org.apache.catalina.core.ApplicationContext.log Manager: install: Installing context configuration at 'file:/C:/Users/Dilan/AppData/Local/Temp/context4116075510542804636.xml'
30-May-2018 22:35:44.684 INFORMACIÓN [http-apr-8080-exec-56] org.apache.catalina.core.ApplicationContext.log Manager: start: Starting web application '/viernes04.05'
30-May-2018 22:38:36.173 INFORMACIÓN [http-apr-8080-exec-52] org.apache.catalina.core.ApplicationContext.log Manager: list: Listing contexts for virtual host 'localhost'
30-May-2018 22:38:36.178 INFORMACIÓN [http-apr-8080-exec-50] org.apache.catalina.core.ApplicationContext.log Manager: list: Listing contexts for virtual host 'localhost'
30-May-2018 22:38:36.206 INFORMACIÓN [http-apr-8080-exec-51] org.apache.catalina.core.ApplicationContext.log Manager: restart: Reloading web application '/viernes04.05'
30-May-2018 22:57:52.886 INFORMACIÓN [http-apr-8080-exec-66] org.apache.catalina.core.ApplicationContext.log Manager: list: Listing contexts for virtual host 'localhost'
30-May-2018 22:57:52.898 INFORMACIÓN [http-apr-8080-exec-67] org.apache.catalina.core.ApplicationContext.log Manager: restart: Reloading web application '/EPE1'
30-May-2018 22:57:53.512 INFORMACIÓN [http-apr-8080-exec-63] org.apache.catalina.core.ApplicationContext.log Manager: list: Listing contexts for virtual host 'localhost'
30-May-2018 22:57:53.517 INFORMACIÓN [http-apr-8080-exec-61] org.apache.catalina.core.ApplicationContext.log Manager: list: Listing contexts for virtual host 'localhost'
30-May-2018 22:57:53.537 INFORMACIÓN [http-apr-8080-exec-60] org.apache.catalina.core.ApplicationContext.log Manager: restart: Reloading web application '/viernes04.05'
30-May-2018 23:07:28.759 INFORMACIÓN [http-apr-8080-exec-77] org.apache.catalina.core.ApplicationContext.log Manager: list: Listing contexts for virtual host 'localhost'
30-May-2018 23:07:28.772 INFORMACIÓN [http-apr-8080-exec-78] org.apache.catalina.core.ApplicationContext.log Manager: restart: Reloading web application '/EPE1'
30-May-2018 23:07:32.353 INFORMACIÓN [http-apr-8080-exec-73] org.apache.catalina.core.ApplicationContext.log Manager: list: Listing contexts for virtual host 'localhost'
30-May-2018 23:07:32.356 INFORMACIÓN [http-apr-8080-exec-76] org.apache.catalina.core.ApplicationContext.log Manager: list: Listing contexts for virtual host 'localhost'
30-May-2018 23:07:32.377 INFORMACIÓN [http-apr-8080-exec-81] org.apache.catalina.core.ApplicationContext.log Manager: restart: Reloading web application '/EPE1'
30-May-2018 23:08:21.273 INFORMACIÓN [http-apr-8080-exec-72] org.apache.catalina.core.ApplicationContext.log Manager: list: Listing contexts for virtual host 'localhost'
30-May-2018 23:08:21.276 INFORMACIÓN [http-apr-8080-exec-83] org.apache.catalina.core.ApplicationContext.log Manager: list: Listing contexts for virtual host 'localhost'
30-May-2018 23:09:45.676 INFORMACIÓN [http-apr-8080-exec-70] org.apache.catalina.core.ApplicationContext.log Manager: list: Listing contexts for virtual host 'localhost'
30-May-2018 23:09:45.689 INFORMACIÓN [http-apr-8080-exec-72] org.apache.catalina.core.ApplicationContext.log Manager: restart: Reloading web application '/EPE1'
30-May-2018 23:09:52.916 INFORMACIÓN [http-apr-8080-exec-76] org.apache.catalina.core.ApplicationContext.log Manager: list: Listing contexts for virtual host 'localhost'
30-May-2018 23:09:52.919 INFORMACIÓN [http-apr-8080-exec-88] org.apache.catalina.core.ApplicationContext.log Manager: list: Listing contexts for virtual host 'localhost'
30-May-2018 23:09:52.946 INFORMACIÓN [http-apr-8080-exec-84] org.apache.catalina.core.ApplicationContext.log Manager: restart: Reloading web application '/EPE1'
30-May-2018 23:11:19.951 INFORMACIÓN [http-apr-8080-exec-85] org.apache.catalina.core.ApplicationContext.log Manager: list: Listing contexts for virtual host 'localhost'
30-May-2018 23:11:23.064 INFORMACIÓN [http-apr-8080-exec-76] org.apache.catalina.core.ApplicationContext.log Manager: list: Listing contexts for virtual host 'localhost'
30-May-2018 23:11:23.068 INFORMACIÓN [http-apr-8080-exec-92] org.apache.catalina.core.ApplicationContext.log Manager: list: Listing contexts for virtual host 'localhost'
30-May-2018 23:14:10.097 INFORMACIÓN [http-apr-8080-exec-96] org.apache.catalina.core.ApplicationContext.log Manager: list: Listing contexts for virtual host 'localhost'
30-May-2018 23:14:10.106 INFORMACIÓN [http-apr-8080-exec-97] org.apache.catalina.core.ApplicationContext.log Manager: restart: Reloading web application '/EPE1'
30-May-2018 23:14:18.044 INFORMACIÓN [http-apr-8080-exec-93] org.apache.catalina.core.ApplicationContext.log Manager: list: Listing contexts for virtual host 'localhost'
30-May-2018 23:14:18.047 INFORMACIÓN [http-apr-8080-exec-99] org.apache.catalina.core.ApplicationContext.log Manager: list: Listing contexts for virtual host 'localhost'
30-May-2018 23:14:18.069 INFORMACIÓN [http-apr-8080-exec-94] org.apache.catalina.core.ApplicationContext.log Manager: restart: Reloading web application '/EPE1'
30-May-2018 23:26:00.649 INFORMACIÓN [http-apr-8080-exec-107] org.apache.catalina.core.ApplicationContext.log Manager: list: Listing contexts for virtual host 'localhost'
30-May-2018 23:26:00.656 INFORMACIÓN [http-apr-8080-exec-108] org.apache.catalina.core.ApplicationContext.log Manager: restart: Reloading web application '/viernes04.05'
30-May-2018 23:50:11.903 INFORMACIÓN [http-apr-8080-exec-117] org.apache.catalina.core.ApplicationContext.log Manager: list: Listing contexts for virtual host 'localhost'
30-May-2018 23:51:19.232 INFORMACIÓN [http-apr-8080-exec-117] org.apache.catalina.core.ApplicationContext.log Manager: list: Listing contexts for virtual host 'localhost'
30-May-2018 23:51:23.051 INFORMACIÓN [http-apr-8080-exec-118] org.apache.catalina.core.ApplicationContext.log Manager: list: Listing contexts for virtual host 'localhost'
30-May-2018 23:51:23.097 INFORMACIÓN [http-apr-8080-exec-119] org.apache.catalina.core.ApplicationContext.log Manager: list: Listing contexts for virtual host 'localhost'
