01-Jun-2018 00:00:51.746 INFORMACIÓN [http-apr-8080-exec-24] org.apache.catalina.core.ApplicationContext.log Manager: list: Listing contexts for virtual host 'localhost'
01-Jun-2018 00:00:56.461 INFORMACIÓN [http-apr-8080-exec-22] org.apache.catalina.core.ApplicationContext.log Manager: list: Listing contexts for virtual host 'localhost'
01-Jun-2018 00:00:56.464 INFORMACIÓN [http-apr-8080-exec-24] org.apache.catalina.core.ApplicationContext.log Manager: list: Listing contexts for virtual host 'localhost'
01-Jun-2018 00:03:57.728 INFORMACIÓN [http-apr-8080-exec-23] org.apache.catalina.core.ApplicationContext.log Manager: list: Listing contexts for virtual host 'localhost'
01-Jun-2018 00:03:57.752 INFORMACIÓN [http-apr-8080-exec-25] org.apache.catalina.core.ApplicationContext.log Manager: undeploy: Undeploying web application at '/EPE1'
01-Jun-2018 00:03:58.335 INFORMACIÓN [http-apr-8080-exec-27] org.apache.catalina.core.ApplicationContext.log Manager: install: Installing context configuration at 'file:/C:/Users/MICHAE~1/AppData/Local/Temp/context2493829670976669702.xml'
01-Jun-2018 00:03:58.544 INFORMACIÓN [http-apr-8080-exec-24] org.apache.catalina.core.ApplicationContext.log Manager: start: Starting web application '/EPE1'
01-Jun-2018 00:05:37.504 INFORMACIÓN [http-apr-8080-exec-23] org.apache.catalina.core.ApplicationContext.log Manager: list: Listing contexts for virtual host 'localhost'
01-Jun-2018 00:05:37.507 INFORMACIÓN [http-apr-8080-exec-31] org.apache.catalina.core.ApplicationContext.log Manager: list: Listing contexts for virtual host 'localhost'
01-Jun-2018 00:05:37.516 INFORMACIÓN [http-apr-8080-exec-32] org.apache.catalina.core.ApplicationContext.log Manager: undeploy: Undeploying web application at '/EPE1'
01-Jun-2018 00:05:38.051 INFORMACIÓN [http-apr-8080-exec-33] org.apache.catalina.core.ApplicationContext.log Manager: install: Installing context configuration at 'file:/C:/Users/MICHAE~1/AppData/Local/Temp/context5565094920794135307.xml'
01-Jun-2018 00:05:38.245 INFORMACIÓN [http-apr-8080-exec-31] org.apache.catalina.core.ApplicationContext.log Manager: start: Starting web application '/EPE1'
01-Jun-2018 00:05:49.291 INFORMACIÓN [http-apr-8080-exec-24] org.apache.catalina.core.ApplicationContext.log Manager: list: Listing contexts for virtual host 'localhost'
01-Jun-2018 00:05:51.653 INFORMACIÓN [http-apr-8080-exec-27] org.apache.catalina.core.ApplicationContext.log Manager: list: Listing contexts for virtual host 'localhost'
01-Jun-2018 00:05:51.657 INFORMACIÓN [http-apr-8080-exec-24] org.apache.catalina.core.ApplicationContext.log Manager: list: Listing contexts for virtual host 'localhost'
01-Jun-2018 00:05:51.665 INFORMACIÓN [http-apr-8080-exec-40] org.apache.catalina.core.ApplicationContext.log Manager: undeploy: Undeploying web application at '/EPE1'
01-Jun-2018 00:05:52.214 INFORMACIÓN [http-apr-8080-exec-27] org.apache.catalina.core.ApplicationContext.log Manager: install: Installing context configuration at 'file:/C:/Users/MICHAE~1/AppData/Local/Temp/context5560766004793775169.xml'
01-Jun-2018 00:05:52.419 INFORMACIÓN [http-apr-8080-exec-34] org.apache.catalina.core.ApplicationContext.log Manager: start: Starting web application '/EPE1'
01-Jun-2018 00:06:04.948 INFORMACIÓN [http-apr-8080-exec-36] org.apache.catalina.core.ApplicationContext.log Manager: list: Listing contexts for virtual host 'localhost'
01-Jun-2018 00:06:06.466 INFORMACIÓN [http-apr-8080-exec-39] org.apache.catalina.core.ApplicationContext.log Manager: list: Listing contexts for virtual host 'localhost'
01-Jun-2018 00:06:06.470 INFORMACIÓN [http-apr-8080-exec-36] org.apache.catalina.core.ApplicationContext.log Manager: list: Listing contexts for virtual host 'localhost'
01-Jun-2018 00:06:06.479 INFORMACIÓN [http-apr-8080-exec-44] org.apache.catalina.core.ApplicationContext.log Manager: undeploy: Undeploying web application at '/EPE1'
01-Jun-2018 00:06:07.015 INFORMACIÓN [http-apr-8080-exec-42] org.apache.catalina.core.ApplicationContext.log Manager: install: Installing context configuration at 'file:/C:/Users/MICHAE~1/AppData/Local/Temp/context1909155646162840017.xml'
01-Jun-2018 00:06:07.205 INFORMACIÓN [http-apr-8080-exec-27] org.apache.catalina.core.ApplicationContext.log Manager: start: Starting web application '/EPE1'
01-Jun-2018 00:07:15.123 INFORMACIÓN [http-apr-8080-exec-34] org.apache.catalina.core.ApplicationContext.log Manager: list: Listing contexts for virtual host 'localhost'
01-Jun-2018 00:07:17.198 INFORMACIÓN [http-apr-8080-exec-41] org.apache.catalina.core.ApplicationContext.log Manager: list: Listing contexts for virtual host 'localhost'
01-Jun-2018 00:07:17.201 INFORMACIÓN [http-apr-8080-exec-34] org.apache.catalina.core.ApplicationContext.log Manager: list: Listing contexts for virtual host 'localhost'
01-Jun-2018 00:07:17.209 INFORMACIÓN [http-apr-8080-exec-50] org.apache.catalina.core.ApplicationContext.log Manager: undeploy: Undeploying web application at '/EPE1'
01-Jun-2018 00:07:17.764 INFORMACIÓN [http-apr-8080-exec-47] org.apache.catalina.core.ApplicationContext.log Manager: install: Installing context configuration at 'file:/C:/Users/MICHAE~1/AppData/Local/Temp/context9130089983294058444.xml'
01-Jun-2018 00:07:17.969 INFORMACIÓN [http-apr-8080-exec-34] org.apache.catalina.core.ApplicationContext.log Manager: start: Starting web application '/EPE1'
01-Jun-2018 00:08:31.467 INFORMACIÓN [http-apr-8080-exec-49] org.apache.catalina.core.ApplicationContext.log Manager: list: Listing contexts for virtual host 'localhost'
01-Jun-2018 00:08:31.472 INFORMACIÓN [http-apr-8080-exec-51] org.apache.catalina.core.ApplicationContext.log Manager: list: Listing contexts for virtual host 'localhost'
01-Jun-2018 00:08:31.504 INFORMACIÓN [http-apr-8080-exec-52] org.apache.catalina.core.ApplicationContext.log Manager: undeploy: Undeploying web application at '/EPE1'
01-Jun-2018 00:08:32.049 INFORMACIÓN [http-apr-8080-exec-47] org.apache.catalina.core.ApplicationContext.log Manager: install: Installing context configuration at 'file:/C:/Users/MICHAE~1/AppData/Local/Temp/context4494631775183653691.xml'
01-Jun-2018 00:08:32.246 INFORMACIÓN [http-apr-8080-exec-55] org.apache.catalina.core.ApplicationContext.log Manager: start: Starting web application '/EPE1'
01-Jun-2018 00:09:15.491 INFORMACIÓN [http-apr-8080-exec-54] org.apache.catalina.core.ApplicationContext.log Manager: list: Listing contexts for virtual host 'localhost'
01-Jun-2018 00:09:15.495 INFORMACIÓN [http-apr-8080-exec-58] org.apache.catalina.core.ApplicationContext.log Manager: list: Listing contexts for virtual host 'localhost'
01-Jun-2018 00:09:15.505 INFORMACIÓN [http-apr-8080-exec-48] org.apache.catalina.core.ApplicationContext.log Manager: undeploy: Undeploying web application at '/EPE1'
01-Jun-2018 00:09:16.039 INFORMACIÓN [http-apr-8080-exec-51] org.apache.catalina.core.ApplicationContext.log Manager: install: Installing context configuration at 'file:/C:/Users/MICHAE~1/AppData/Local/Temp/context877562534889693925.xml'
01-Jun-2018 00:09:16.229 INFORMACIÓN [http-apr-8080-exec-56] org.apache.catalina.core.ApplicationContext.log Manager: start: Starting web application '/EPE1'
01-Jun-2018 00:11:07.697 INFORMACIÓN [http-apr-8080-exec-48] org.apache.catalina.core.ApplicationContext.log Manager: list: Listing contexts for virtual host 'localhost'
01-Jun-2018 00:11:07.700 INFORMACIÓN [http-apr-8080-exec-60] org.apache.catalina.core.ApplicationContext.log Manager: list: Listing contexts for virtual host 'localhost'
01-Jun-2018 00:11:07.710 INFORMACIÓN [http-apr-8080-exec-61] org.apache.catalina.core.ApplicationContext.log Manager: undeploy: Undeploying web application at '/EPE1'
01-Jun-2018 00:11:08.251 INFORMACIÓN [http-apr-8080-exec-64] org.apache.catalina.core.ApplicationContext.log Manager: install: Installing context configuration at 'file:/C:/Users/MICHAE~1/AppData/Local/Temp/context1913995462377376065.xml'
01-Jun-2018 00:11:08.451 INFORMACIÓN [http-apr-8080-exec-60] org.apache.catalina.core.ApplicationContext.log Manager: start: Starting web application '/EPE1'
01-Jun-2018 00:11:21.581 INFORMACIÓN [http-apr-8080-exec-49] org.apache.catalina.core.ApplicationContext.log Manager: list: Listing contexts for virtual host 'localhost'
01-Jun-2018 00:11:21.584 INFORMACIÓN [http-apr-8080-exec-68] org.apache.catalina.core.ApplicationContext.log Manager: list: Listing contexts for virtual host 'localhost'
01-Jun-2018 00:11:21.594 INFORMACIÓN [http-apr-8080-exec-63] org.apache.catalina.core.ApplicationContext.log Manager: undeploy: Undeploying web application at '/EPE1'
01-Jun-2018 00:11:22.128 INFORMACIÓN [http-apr-8080-exec-65] org.apache.catalina.core.ApplicationContext.log Manager: install: Installing context configuration at 'file:/C:/Users/MICHAE~1/AppData/Local/Temp/context3294605256787427783.xml'
01-Jun-2018 00:11:22.321 INFORMACIÓN [http-apr-8080-exec-60] org.apache.catalina.core.ApplicationContext.log Manager: start: Starting web application '/EPE1'
01-Jun-2018 00:11:58.697 INFORMACIÓN [http-apr-8080-exec-71] org.apache.catalina.core.ApplicationContext.log Manager: list: Listing contexts for virtual host 'localhost'
01-Jun-2018 00:12:02.204 INFORMACIÓN [http-apr-8080-exec-49] org.apache.catalina.core.ApplicationContext.log Manager: list: Listing contexts for virtual host 'localhost'
01-Jun-2018 00:12:02.207 INFORMACIÓN [http-apr-8080-exec-71] org.apache.catalina.core.ApplicationContext.log Manager: list: Listing contexts for virtual host 'localhost'
01-Jun-2018 00:12:02.215 INFORMACIÓN [http-apr-8080-exec-73] org.apache.catalina.core.ApplicationContext.log Manager: undeploy: Undeploying web application at '/EPE1'
01-Jun-2018 00:12:02.750 INFORMACIÓN [http-apr-8080-exec-71] org.apache.catalina.core.ApplicationContext.log Manager: install: Installing context configuration at 'file:/C:/Users/MICHAE~1/AppData/Local/Temp/context2451078987841849988.xml'
01-Jun-2018 00:12:02.943 INFORMACIÓN [http-apr-8080-exec-72] org.apache.catalina.core.ApplicationContext.log Manager: start: Starting web application '/EPE1'
01-Jun-2018 00:12:18.555 INFORMACIÓN [http-apr-8080-exec-70] org.apache.catalina.core.ApplicationContext.log Manager: list: Listing contexts for virtual host 'localhost'
01-Jun-2018 00:12:22.065 INFORMACIÓN [http-apr-8080-exec-75] org.apache.catalina.core.ApplicationContext.log Manager: list: Listing contexts for virtual host 'localhost'
01-Jun-2018 00:12:22.068 INFORMACIÓN [http-apr-8080-exec-70] org.apache.catalina.core.ApplicationContext.log Manager: list: Listing contexts for virtual host 'localhost'
01-Jun-2018 00:12:22.076 INFORMACIÓN [http-apr-8080-exec-76] org.apache.catalina.core.ApplicationContext.log Manager: undeploy: Undeploying web application at '/EPE1'
01-Jun-2018 00:12:22.608 INFORMACIÓN [http-apr-8080-exec-78] org.apache.catalina.core.ApplicationContext.log Manager: install: Installing context configuration at 'file:/C:/Users/MICHAE~1/AppData/Local/Temp/context8112107836343940480.xml'
01-Jun-2018 00:12:22.801 INFORMACIÓN [http-apr-8080-exec-75] org.apache.catalina.core.ApplicationContext.log Manager: start: Starting web application '/EPE1'
01-Jun-2018 00:17:18.930 INFORMACIÓN [http-apr-8080-exec-88] org.apache.catalina.core.ApplicationContext.log Manager: list: Listing contexts for virtual host 'localhost'
01-Jun-2018 00:17:18.933 INFORMACIÓN [http-apr-8080-exec-80] org.apache.catalina.core.ApplicationContext.log Manager: list: Listing contexts for virtual host 'localhost'
01-Jun-2018 00:17:18.942 INFORMACIÓN [http-apr-8080-exec-81] org.apache.catalina.core.ApplicationContext.log Manager: undeploy: Undeploying web application at '/EPE1'
01-Jun-2018 00:17:19.493 INFORMACIÓN [http-apr-8080-exec-86] org.apache.catalina.core.ApplicationContext.log Manager: install: Installing context configuration at 'file:/C:/Users/MICHAE~1/AppData/Local/Temp/context255744202516508543.xml'
01-Jun-2018 00:17:19.678 INFORMACIÓN [http-apr-8080-exec-83] org.apache.catalina.core.ApplicationContext.log Manager: start: Starting web application '/EPE1'
01-Jun-2018 00:18:07.836 INFORMACIÓN [http-apr-8080-exec-85] org.apache.catalina.core.ApplicationContext.log Manager: list: Listing contexts for virtual host 'localhost'
01-Jun-2018 00:18:10.065 INFORMACIÓN [http-apr-8080-exec-82] org.apache.catalina.core.ApplicationContext.log Manager: list: Listing contexts for virtual host 'localhost'
01-Jun-2018 00:18:10.068 INFORMACIÓN [http-apr-8080-exec-85] org.apache.catalina.core.ApplicationContext.log Manager: list: Listing contexts for virtual host 'localhost'
01-Jun-2018 00:18:10.076 INFORMACIÓN [http-apr-8080-exec-93] org.apache.catalina.core.ApplicationContext.log Manager: undeploy: Undeploying web application at '/EPE1'
01-Jun-2018 00:18:10.634 INFORMACIÓN [http-apr-8080-exec-83] org.apache.catalina.core.ApplicationContext.log Manager: install: Installing context configuration at 'file:/C:/Users/MICHAE~1/AppData/Local/Temp/context6453540084312578768.xml'
01-Jun-2018 00:18:10.832 INFORMACIÓN [http-apr-8080-exec-84] org.apache.catalina.core.ApplicationContext.log Manager: start: Starting web application '/EPE1'
01-Jun-2018 00:18:24.176 INFORMACIÓN [http-apr-8080-exec-96] org.apache.catalina.core.ApplicationContext.log Manager: list: Listing contexts for virtual host 'localhost'
01-Jun-2018 00:18:24.180 INFORMACIÓN [http-apr-8080-exec-94] org.apache.catalina.core.ApplicationContext.log Manager: list: Listing contexts for virtual host 'localhost'
01-Jun-2018 00:18:24.187 INFORMACIÓN [http-apr-8080-exec-97] org.apache.catalina.core.ApplicationContext.log Manager: undeploy: Undeploying web application at '/EPE1'
01-Jun-2018 00:18:24.723 INFORMACIÓN [http-apr-8080-exec-94] org.apache.catalina.core.ApplicationContext.log Manager: install: Installing context configuration at 'file:/C:/Users/MICHAE~1/AppData/Local/Temp/context8275505182836792774.xml'
01-Jun-2018 00:18:24.912 INFORMACIÓN [http-apr-8080-exec-95] org.apache.catalina.core.ApplicationContext.log Manager: start: Starting web application '/EPE1'
01-Jun-2018 00:21:19.570 INFORMACIÓN [http-apr-8080-exec-85] org.apache.catalina.core.ApplicationContext.log Manager: list: Listing contexts for virtual host 'localhost'
01-Jun-2018 00:21:19.573 INFORMACIÓN [http-apr-8080-exec-98] org.apache.catalina.core.ApplicationContext.log Manager: list: Listing contexts for virtual host 'localhost'
01-Jun-2018 00:21:19.582 INFORMACIÓN [http-apr-8080-exec-99] org.apache.catalina.core.ApplicationContext.log Manager: undeploy: Undeploying web application at '/EPE1'
01-Jun-2018 00:21:20.113 INFORMACIÓN [http-apr-8080-exec-101] org.apache.catalina.core.ApplicationContext.log Manager: install: Installing context configuration at 'file:/C:/Users/MICHAE~1/AppData/Local/Temp/context1019058855948081652.xml'
01-Jun-2018 00:21:20.315 INFORMACIÓN [http-apr-8080-exec-102] org.apache.catalina.core.ApplicationContext.log Manager: start: Starting web application '/EPE1'
01-Jun-2018 00:24:43.126 INFORMACIÓN [http-apr-8080-exec-113] org.apache.catalina.core.ApplicationContext.log Manager: list: Listing contexts for virtual host 'localhost'
01-Jun-2018 00:24:43.129 INFORMACIÓN [http-apr-8080-exec-105] org.apache.catalina.core.ApplicationContext.log Manager: list: Listing contexts for virtual host 'localhost'
01-Jun-2018 00:24:43.137 INFORMACIÓN [http-apr-8080-exec-106] org.apache.catalina.core.ApplicationContext.log Manager: undeploy: Undeploying web application at '/EPE1'
01-Jun-2018 00:24:43.675 INFORMACIÓN [http-apr-8080-exec-110] org.apache.catalina.core.ApplicationContext.log Manager: install: Installing context configuration at 'file:/C:/Users/MICHAE~1/AppData/Local/Temp/context7990012380832481631.xml'
01-Jun-2018 00:24:43.866 INFORMACIÓN [http-apr-8080-exec-114] org.apache.catalina.core.ApplicationContext.log Manager: start: Starting web application '/EPE1'
01-Jun-2018 00:27:18.130 INFORMACIÓN [http-apr-8080-exec-113] org.apache.catalina.core.ApplicationContext.log Manager: list: Listing contexts for virtual host 'localhost'
01-Jun-2018 00:27:18.134 INFORMACIÓN [http-apr-8080-exec-115] org.apache.catalina.core.ApplicationContext.log Manager: list: Listing contexts for virtual host 'localhost'
01-Jun-2018 00:27:18.144 INFORMACIÓN [http-apr-8080-exec-116] org.apache.catalina.core.ApplicationContext.log Manager: undeploy: Undeploying web application at '/EPE1'
01-Jun-2018 00:27:18.693 INFORMACIÓN [http-apr-8080-exec-110] org.apache.catalina.core.ApplicationContext.log Manager: install: Installing context configuration at 'file:/C:/Users/MICHAE~1/AppData/Local/Temp/context665133513268628251.xml'
01-Jun-2018 00:27:18.890 INFORMACIÓN [http-apr-8080-exec-114] org.apache.catalina.core.ApplicationContext.log Manager: start: Starting web application '/EPE1'
01-Jun-2018 00:27:39.861 INFORMACIÓN [http-apr-8080-exec-120] org.apache.catalina.core.ApplicationContext.log Manager: list: Listing contexts for virtual host 'localhost'
01-Jun-2018 00:27:39.865 INFORMACIÓN [http-apr-8080-exec-123] org.apache.catalina.core.ApplicationContext.log Manager: list: Listing contexts for virtual host 'localhost'
01-Jun-2018 00:27:39.874 INFORMACIÓN [http-apr-8080-exec-119] org.apache.catalina.core.ApplicationContext.log Manager: undeploy: Undeploying web application at '/EPE1'
01-Jun-2018 00:27:40.424 INFORMACIÓN [http-apr-8080-exec-116] org.apache.catalina.core.ApplicationContext.log Manager: install: Installing context configuration at 'file:/C:/Users/MICHAE~1/AppData/Local/Temp/context704059217360459164.xml'
01-Jun-2018 00:27:40.612 INFORMACIÓN [http-apr-8080-exec-121] org.apache.catalina.core.ApplicationContext.log Manager: start: Starting web application '/EPE1'
01-Jun-2018 00:27:48.998 INFORMACIÓN [http-apr-8080-exec-117] org.apache.catalina.core.ApplicationContext.log Manager: list: Listing contexts for virtual host 'localhost'
01-Jun-2018 00:27:49.001 INFORMACIÓN [http-apr-8080-exec-126] org.apache.catalina.core.ApplicationContext.log Manager: list: Listing contexts for virtual host 'localhost'
01-Jun-2018 00:27:49.010 INFORMACIÓN [http-apr-8080-exec-120] org.apache.catalina.core.ApplicationContext.log Manager: undeploy: Undeploying web application at '/EPE1'
01-Jun-2018 00:27:49.544 INFORMACIÓN [http-apr-8080-exec-125] org.apache.catalina.core.ApplicationContext.log Manager: install: Installing context configuration at 'file:/C:/Users/MICHAE~1/AppData/Local/Temp/context5061658378108209396.xml'
01-Jun-2018 00:27:49.753 INFORMACIÓN [http-apr-8080-exec-121] org.apache.catalina.core.ApplicationContext.log Manager: start: Starting web application '/EPE1'
01-Jun-2018 00:33:03.663 INFORMACIÓN [http-apr-8080-exec-134] org.apache.catalina.core.ApplicationContext.log Manager: list: Listing contexts for virtual host 'localhost'
01-Jun-2018 00:33:08.442 INFORMACIÓN [http-apr-8080-exec-133] org.apache.catalina.core.ApplicationContext.log Manager: list: Listing contexts for virtual host 'localhost'
01-Jun-2018 00:33:08.446 INFORMACIÓN [http-apr-8080-exec-134] org.apache.catalina.core.ApplicationContext.log Manager: list: Listing contexts for virtual host 'localhost'
01-Jun-2018 00:33:08.454 INFORMACIÓN [http-apr-8080-exec-135] org.apache.catalina.core.ApplicationContext.log Manager: undeploy: Undeploying web application at '/EPE1'
01-Jun-2018 00:33:08.992 INFORMACIÓN [http-apr-8080-exec-127] org.apache.catalina.core.ApplicationContext.log Manager: install: Installing context configuration at 'file:/C:/Users/MICHAE~1/AppData/Local/Temp/context3308440843004336552.xml'
01-Jun-2018 00:33:09.177 INFORMACIÓN [http-apr-8080-exec-132] org.apache.catalina.core.ApplicationContext.log Manager: start: Starting web application '/EPE1'
01-Jun-2018 00:40:52.610 INFORMACIÓN [http-apr-8080-exec-146] org.apache.catalina.core.ApplicationContext.log Manager: list: Listing contexts for virtual host 'localhost'
01-Jun-2018 00:40:52.613 INFORMACIÓN [http-apr-8080-exec-137] org.apache.catalina.core.ApplicationContext.log Manager: list: Listing contexts for virtual host 'localhost'
01-Jun-2018 00:40:52.625 INFORMACIÓN [http-apr-8080-exec-139] org.apache.catalina.core.ApplicationContext.log Manager: undeploy: Undeploying web application at '/EPE1'
01-Jun-2018 00:40:53.158 INFORMACIÓN [http-apr-8080-exec-143] org.apache.catalina.core.ApplicationContext.log Manager: install: Installing context configuration at 'file:/C:/Users/MICHAE~1/AppData/Local/Temp/context1288205692876498413.xml'
01-Jun-2018 00:40:53.351 INFORMACIÓN [http-apr-8080-exec-145] org.apache.catalina.core.ApplicationContext.log Manager: start: Starting web application '/EPE1'
01-Jun-2018 00:54:16.968 INFORMACIÓN [http-apr-8080-exec-156] org.apache.catalina.core.ApplicationContext.log Manager: list: Listing contexts for virtual host 'localhost'
01-Jun-2018 00:54:16.971 INFORMACIÓN [http-apr-8080-exec-147] org.apache.catalina.core.ApplicationContext.log Manager: list: Listing contexts for virtual host 'localhost'
01-Jun-2018 00:54:16.979 INFORMACIÓN [http-apr-8080-exec-148] org.apache.catalina.core.ApplicationContext.log Manager: undeploy: Undeploying web application at '/EPE1'
01-Jun-2018 00:54:17.515 INFORMACIÓN [http-apr-8080-exec-155] org.apache.catalina.core.ApplicationContext.log Manager: install: Installing context configuration at 'file:/C:/Users/MICHAE~1/AppData/Local/Temp/context7147152528969427585.xml'
01-Jun-2018 00:54:17.716 INFORMACIÓN [http-apr-8080-exec-150] org.apache.catalina.core.ApplicationContext.log Manager: start: Starting web application '/EPE1'
01-Jun-2018 00:54:45.592 INFORMACIÓN [http-apr-8080-exec-152] org.apache.catalina.core.ApplicationContext.log Manager: list: Listing contexts for virtual host 'localhost'
01-Jun-2018 00:54:45.595 INFORMACIÓN [http-apr-8080-exec-159] org.apache.catalina.core.ApplicationContext.log Manager: list: Listing contexts for virtual host 'localhost'
01-Jun-2018 00:54:45.604 INFORMACIÓN [http-apr-8080-exec-151] org.apache.catalina.core.ApplicationContext.log Manager: undeploy: Undeploying web application at '/EPE1'
01-Jun-2018 00:54:46.136 INFORMACIÓN [http-apr-8080-exec-157] org.apache.catalina.core.ApplicationContext.log Manager: install: Installing context configuration at 'file:/C:/Users/MICHAE~1/AppData/Local/Temp/context8409259498387770231.xml'
01-Jun-2018 00:54:46.336 INFORMACIÓN [http-apr-8080-exec-155] org.apache.catalina.core.ApplicationContext.log Manager: start: Starting web application '/EPE1'
01-Jun-2018 00:55:20.272 INFORMACIÓN [http-apr-8080-exec-147] org.apache.catalina.core.ApplicationContext.log Manager: list: Listing contexts for virtual host 'localhost'
01-Jun-2018 00:55:20.275 INFORMACIÓN [http-apr-8080-exec-162] org.apache.catalina.core.ApplicationContext.log Manager: list: Listing contexts for virtual host 'localhost'
01-Jun-2018 00:55:20.284 INFORMACIÓN [http-apr-8080-exec-149] org.apache.catalina.core.ApplicationContext.log Manager: undeploy: Undeploying web application at '/EPE1'
01-Jun-2018 00:55:20.816 INFORMACIÓN [http-apr-8080-exec-155] org.apache.catalina.core.ApplicationContext.log Manager: install: Installing context configuration at 'file:/C:/Users/MICHAE~1/AppData/Local/Temp/context4772793185610408009.xml'
01-Jun-2018 00:55:21.029 INFORMACIÓN [http-apr-8080-exec-162] org.apache.catalina.core.ApplicationContext.log Manager: start: Starting web application '/EPE1'
01-Jun-2018 00:56:03.234 INFORMACIÓN [http-apr-8080-exec-159] org.apache.catalina.core.ApplicationContext.log Manager: list: Listing contexts for virtual host 'localhost'
01-Jun-2018 00:56:03.237 INFORMACIÓN [http-apr-8080-exec-165] org.apache.catalina.core.ApplicationContext.log Manager: list: Listing contexts for virtual host 'localhost'
01-Jun-2018 00:56:03.248 INFORMACIÓN [http-apr-8080-exec-160] org.apache.catalina.core.ApplicationContext.log Manager: undeploy: Undeploying web application at '/EPE1'
01-Jun-2018 00:56:03.793 INFORMACIÓN [http-apr-8080-exec-161] org.apache.catalina.core.ApplicationContext.log Manager: install: Installing context configuration at 'file:/C:/Users/MICHAE~1/AppData/Local/Temp/context5646882780973923222.xml'
01-Jun-2018 00:56:03.972 INFORMACIÓN [http-apr-8080-exec-164] org.apache.catalina.core.ApplicationContext.log Manager: start: Starting web application '/EPE1'
01-Jun-2018 00:58:11.897 INFORMACIÓN [http-apr-8080-exec-159] org.apache.catalina.core.ApplicationContext.log Manager: list: Listing contexts for virtual host 'localhost'
01-Jun-2018 00:58:11.900 INFORMACIÓN [http-apr-8080-exec-166] org.apache.catalina.core.ApplicationContext.log Manager: list: Listing contexts for virtual host 'localhost'
01-Jun-2018 00:58:11.909 INFORMACIÓN [http-apr-8080-exec-167] org.apache.catalina.core.ApplicationContext.log Manager: undeploy: Undeploying web application at '/EPE1'
01-Jun-2018 00:58:12.443 INFORMACIÓN [http-apr-8080-exec-169] org.apache.catalina.core.ApplicationContext.log Manager: install: Installing context configuration at 'file:/C:/Users/MICHAE~1/AppData/Local/Temp/context2713399211277307334.xml'
01-Jun-2018 00:58:12.629 INFORMACIÓN [http-apr-8080-exec-164] org.apache.catalina.core.ApplicationContext.log Manager: start: Starting web application '/EPE1'
01-Jun-2018 01:00:38.857 INFORMACIÓN [http-apr-8080-exec-164] org.apache.catalina.core.ApplicationContext.log Manager: list: Listing contexts for virtual host 'localhost'
01-Jun-2018 01:00:40.957 INFORMACIÓN [http-apr-8080-exec-167] org.apache.catalina.core.ApplicationContext.log Manager: list: Listing contexts for virtual host 'localhost'
01-Jun-2018 01:00:40.960 INFORMACIÓN [http-apr-8080-exec-164] org.apache.catalina.core.ApplicationContext.log Manager: list: Listing contexts for virtual host 'localhost'
01-Jun-2018 01:00:40.968 INFORMACIÓN [http-apr-8080-exec-178] org.apache.catalina.core.ApplicationContext.log Manager: undeploy: Undeploying web application at '/EPE1'
01-Jun-2018 01:00:41.500 INFORMACIÓN [http-apr-8080-exec-179] org.apache.catalina.core.ApplicationContext.log Manager: install: Installing context configuration at 'file:/C:/Users/MICHAE~1/AppData/Local/Temp/context2931564841462276404.xml'
01-Jun-2018 01:00:41.687 INFORMACIÓN [http-apr-8080-exec-173] org.apache.catalina.core.ApplicationContext.log Manager: start: Starting web application '/EPE1'
01-Jun-2018 01:01:16.143 INFORMACIÓN [http-apr-8080-exec-164] org.apache.catalina.core.ApplicationContext.log Manager: list: Listing contexts for virtual host 'localhost'
01-Jun-2018 01:01:16.146 INFORMACIÓN [http-apr-8080-exec-183] org.apache.catalina.core.ApplicationContext.log Manager: list: Listing contexts for virtual host 'localhost'
01-Jun-2018 01:01:16.155 INFORMACIÓN [http-apr-8080-exec-177] org.apache.catalina.core.ApplicationContext.log Manager: undeploy: Undeploying web application at '/EPE1'
01-Jun-2018 01:01:16.690 INFORMACIÓN [http-apr-8080-exec-175] org.apache.catalina.core.ApplicationContext.log Manager: install: Installing context configuration at 'file:/C:/Users/MICHAE~1/AppData/Local/Temp/context5789787676978287702.xml'
01-Jun-2018 01:01:16.890 INFORMACIÓN [http-apr-8080-exec-181] org.apache.catalina.core.ApplicationContext.log Manager: start: Starting web application '/EPE1'
01-Jun-2018 01:01:48.966 INFORMACIÓN [http-apr-8080-exec-182] org.apache.catalina.core.ApplicationContext.log Manager: list: Listing contexts for virtual host 'localhost'
01-Jun-2018 01:01:48.970 INFORMACIÓN [http-apr-8080-exec-186] org.apache.catalina.core.ApplicationContext.log Manager: list: Listing contexts for virtual host 'localhost'
01-Jun-2018 01:01:48.979 INFORMACIÓN [http-apr-8080-exec-164] org.apache.catalina.core.ApplicationContext.log Manager: undeploy: Undeploying web application at '/EPE1'
01-Jun-2018 01:01:49.516 INFORMACIÓN [http-apr-8080-exec-186] org.apache.catalina.core.ApplicationContext.log Manager: install: Installing context configuration at 'file:/C:/Users/MICHAE~1/AppData/Local/Temp/context4188583370681821236.xml'
01-Jun-2018 01:01:49.706 INFORMACIÓN [http-apr-8080-exec-185] org.apache.catalina.core.ApplicationContext.log Manager: start: Starting web application '/EPE1'
01-Jun-2018 01:02:27.060 INFORMACIÓN [http-apr-8080-exec-182] org.apache.catalina.core.ApplicationContext.log Manager: list: Listing contexts for virtual host 'localhost'
01-Jun-2018 01:02:27.063 INFORMACIÓN [http-apr-8080-exec-188] org.apache.catalina.core.ApplicationContext.log Manager: list: Listing contexts for virtual host 'localhost'
01-Jun-2018 01:02:27.071 INFORMACIÓN [http-apr-8080-exec-177] org.apache.catalina.core.ApplicationContext.log Manager: undeploy: Undeploying web application at '/EPE1'
01-Jun-2018 01:02:27.606 INFORMACIÓN [http-apr-8080-exec-181] org.apache.catalina.core.ApplicationContext.log Manager: install: Installing context configuration at 'file:/C:/Users/MICHAE~1/AppData/Local/Temp/context873085232819949091.xml'
01-Jun-2018 01:02:27.821 INFORMACIÓN [http-apr-8080-exec-187] org.apache.catalina.core.ApplicationContext.log Manager: start: Starting web application '/EPE1'
01-Jun-2018 01:03:05.393 INFORMACIÓN [http-apr-8080-exec-184] org.apache.catalina.core.ApplicationContext.log Manager: list: Listing contexts for virtual host 'localhost'
01-Jun-2018 01:03:05.396 INFORMACIÓN [http-apr-8080-exec-191] org.apache.catalina.core.ApplicationContext.log Manager: list: Listing contexts for virtual host 'localhost'
01-Jun-2018 01:03:05.404 INFORMACIÓN [http-apr-8080-exec-182] org.apache.catalina.core.ApplicationContext.log Manager: undeploy: Undeploying web application at '/EPE1'
01-Jun-2018 01:03:05.936 INFORMACIÓN [http-apr-8080-exec-189] org.apache.catalina.core.ApplicationContext.log Manager: install: Installing context configuration at 'file:/C:/Users/MICHAE~1/AppData/Local/Temp/context2364990413872387427.xml'
01-Jun-2018 01:03:06.128 INFORMACIÓN [http-apr-8080-exec-191] org.apache.catalina.core.ApplicationContext.log Manager: start: Starting web application '/EPE1'
01-Jun-2018 01:05:34.656 INFORMACIÓN [http-apr-8080-exec-188] org.apache.catalina.core.ApplicationContext.log Manager: list: Listing contexts for virtual host 'localhost'
01-Jun-2018 01:05:34.659 INFORMACIÓN [http-apr-8080-exec-192] org.apache.catalina.core.ApplicationContext.log Manager: list: Listing contexts for virtual host 'localhost'
01-Jun-2018 01:05:34.668 INFORMACIÓN [http-apr-8080-exec-193] org.apache.catalina.core.ApplicationContext.log Manager: undeploy: Undeploying web application at '/EPE1'
01-Jun-2018 01:05:35.202 INFORMACIÓN [http-apr-8080-exec-195] org.apache.catalina.core.ApplicationContext.log Manager: install: Installing context configuration at 'file:/C:/Users/MICHAE~1/AppData/Local/Temp/context1086974103006495859.xml'
01-Jun-2018 01:05:35.423 INFORMACIÓN [http-apr-8080-exec-197] org.apache.catalina.core.ApplicationContext.log Manager: start: Starting web application '/EPE1'
01-Jun-2018 01:06:28.682 INFORMACIÓN [http-apr-8080-exec-196] org.apache.catalina.core.ApplicationContext.log Manager: list: Listing contexts for virtual host 'localhost'
01-Jun-2018 01:06:28.685 INFORMACIÓN [http-apr-8080-exec-201] org.apache.catalina.core.ApplicationContext.log Manager: list: Listing contexts for virtual host 'localhost'
01-Jun-2018 01:06:28.693 INFORMACIÓN [http-apr-8080-exec-191] org.apache.catalina.core.ApplicationContext.log Manager: undeploy: Undeploying web application at '/EPE1'
01-Jun-2018 01:06:29.223 INFORMACIÓN [http-apr-8080-exec-194] org.apache.catalina.core.ApplicationContext.log Manager: install: Installing context configuration at 'file:/C:/Users/MICHAE~1/AppData/Local/Temp/context8892736816609414930.xml'
01-Jun-2018 01:06:29.421 INFORMACIÓN [http-apr-8080-exec-199] org.apache.catalina.core.ApplicationContext.log Manager: start: Starting web application '/EPE1'
01-Jun-2018 01:07:57.503 INFORMACIÓN [http-apr-8080-exec-200] org.apache.catalina.core.ApplicationContext.log Manager: list: Listing contexts for virtual host 'localhost'
01-Jun-2018 01:07:57.506 INFORMACIÓN [http-apr-8080-exec-202] org.apache.catalina.core.ApplicationContext.log Manager: list: Listing contexts for virtual host 'localhost'
01-Jun-2018 01:07:57.514 INFORMACIÓN [http-apr-8080-exec-203] org.apache.catalina.core.ApplicationContext.log Manager: undeploy: Undeploying web application at '/EPE1'
01-Jun-2018 01:07:58.048 INFORMACIÓN [http-apr-8080-exec-191] org.apache.catalina.core.ApplicationContext.log Manager: install: Installing context configuration at 'file:/C:/Users/MICHAE~1/AppData/Local/Temp/context8603372796247703832.xml'
01-Jun-2018 01:07:58.235 INFORMACIÓN [http-apr-8080-exec-207] org.apache.catalina.core.ApplicationContext.log Manager: start: Starting web application '/EPE1'
01-Jun-2018 01:11:42.754 INFORMACIÓN [http-apr-8080-exec-207] org.apache.catalina.core.ApplicationContext.log Manager: list: Listing contexts for virtual host 'localhost'
01-Jun-2018 01:11:42.757 INFORMACIÓN [http-apr-8080-exec-208] org.apache.catalina.core.ApplicationContext.log Manager: list: Listing contexts for virtual host 'localhost'
01-Jun-2018 01:11:42.765 INFORMACIÓN [http-apr-8080-exec-211] org.apache.catalina.core.ApplicationContext.log Manager: undeploy: Undeploying web application at '/EPE1'
01-Jun-2018 01:11:43.297 INFORMACIÓN [http-apr-8080-exec-207] org.apache.catalina.core.ApplicationContext.log Manager: install: Installing context configuration at 'file:/C:/Users/MICHAE~1/AppData/Local/Temp/context3399228471120629235.xml'
01-Jun-2018 01:11:43.475 INFORMACIÓN [http-apr-8080-exec-209] org.apache.catalina.core.ApplicationContext.log Manager: start: Starting web application '/EPE1'
01-Jun-2018 01:12:05.922 INFORMACIÓN [http-apr-8080-exec-217] org.apache.catalina.core.ApplicationContext.log Manager: list: Listing contexts for virtual host 'localhost'
01-Jun-2018 01:13:01.512 INFORMACIÓN [http-apr-8080-exec-215] org.apache.catalina.core.ApplicationContext.log Manager: list: Listing contexts for virtual host 'localhost'
01-Jun-2018 01:13:01.515 INFORMACIÓN [http-apr-8080-exec-218] org.apache.catalina.core.ApplicationContext.log Manager: list: Listing contexts for virtual host 'localhost'
01-Jun-2018 01:13:01.523 INFORMACIÓN [http-apr-8080-exec-220] org.apache.catalina.core.ApplicationContext.log Manager: undeploy: Undeploying web application at '/EPE1'
01-Jun-2018 01:13:02.058 INFORMACIÓN [http-apr-8080-exec-207] org.apache.catalina.core.ApplicationContext.log Manager: install: Installing context configuration at 'file:/C:/Users/MICHAE~1/AppData/Local/Temp/context3016373314872901189.xml'
01-Jun-2018 01:13:02.239 INFORMACIÓN [http-apr-8080-exec-218] org.apache.catalina.core.ApplicationContext.log Manager: start: Starting web application '/EPE1'
01-Jun-2018 01:13:08.755 INFORMACIÓN [http-apr-8080-exec-219] org.apache.catalina.core.ApplicationContext.log Manager: list: Listing contexts for virtual host 'localhost'
01-Jun-2018 01:13:08.757 INFORMACIÓN [http-apr-8080-exec-223] org.apache.catalina.core.ApplicationContext.log Manager: list: Listing contexts for virtual host 'localhost'
01-Jun-2018 01:13:08.765 INFORMACIÓN [http-apr-8080-exec-210] org.apache.catalina.core.ApplicationContext.log Manager: undeploy: Undeploying web application at '/EPE1'
01-Jun-2018 01:13:09.301 INFORMACIÓN [http-apr-8080-exec-218] org.apache.catalina.core.ApplicationContext.log Manager: install: Installing context configuration at 'file:/C:/Users/MICHAE~1/AppData/Local/Temp/context623950622764320624.xml'
01-Jun-2018 01:13:09.520 INFORMACIÓN [http-apr-8080-exec-221] org.apache.catalina.core.ApplicationContext.log Manager: start: Starting web application '/EPE1'
01-Jun-2018 01:16:45.138 INFORMACIÓN [http-apr-8080-exec-221] org.apache.catalina.core.ApplicationContext.log Manager: list: Listing contexts for virtual host 'localhost'
01-Jun-2018 01:16:45.141 INFORMACIÓN [http-apr-8080-exec-224] org.apache.catalina.core.ApplicationContext.log Manager: list: Listing contexts for virtual host 'localhost'
01-Jun-2018 01:16:45.149 INFORMACIÓN [http-apr-8080-exec-225] org.apache.catalina.core.ApplicationContext.log Manager: undeploy: Undeploying web application at '/EPE1'
01-Jun-2018 01:16:45.682 INFORMACIÓN [http-apr-8080-exec-229] org.apache.catalina.core.ApplicationContext.log Manager: install: Installing context configuration at 'file:/C:/Users/MICHAE~1/AppData/Local/Temp/context4700920074246198242.xml'
01-Jun-2018 01:16:45.869 INFORMACIÓN [http-apr-8080-exec-226] org.apache.catalina.core.ApplicationContext.log Manager: start: Starting web application '/EPE1'
01-Jun-2018 01:16:59.654 INFORMACIÓN [http-apr-8080-exec-227] org.apache.catalina.core.ApplicationContext.log Manager: list: Listing contexts for virtual host 'localhost'
01-Jun-2018 01:16:59.657 INFORMACIÓN [http-apr-8080-exec-234] org.apache.catalina.core.ApplicationContext.log Manager: list: Listing contexts for virtual host 'localhost'
01-Jun-2018 01:16:59.666 INFORMACIÓN [http-apr-8080-exec-221] org.apache.catalina.core.ApplicationContext.log Manager: undeploy: Undeploying web application at '/EPE1'
01-Jun-2018 01:17:00.198 INFORMACIÓN [http-apr-8080-exec-229] org.apache.catalina.core.ApplicationContext.log Manager: install: Installing context configuration at 'file:/C:/Users/MICHAE~1/AppData/Local/Temp/context177263606961811176.xml'
01-Jun-2018 01:17:00.382 INFORMACIÓN [http-apr-8080-exec-224] org.apache.catalina.core.ApplicationContext.log Manager: start: Starting web application '/EPE1'
01-Jun-2018 01:17:29.161 INFORMACIÓN [http-apr-8080-exec-237] org.apache.catalina.core.ApplicationContext.log Manager: list: Listing contexts for virtual host 'localhost'
01-Jun-2018 01:17:29.164 INFORMACIÓN [http-apr-8080-exec-238] org.apache.catalina.core.ApplicationContext.log Manager: list: Listing contexts for virtual host 'localhost'
01-Jun-2018 01:17:29.173 INFORMACIÓN [http-apr-8080-exec-233] org.apache.catalina.core.ApplicationContext.log Manager: undeploy: Undeploying web application at '/EPE1'
01-Jun-2018 01:17:29.706 INFORMACIÓN [http-apr-8080-exec-230] org.apache.catalina.core.ApplicationContext.log Manager: install: Installing context configuration at 'file:/C:/Users/MICHAE~1/AppData/Local/Temp/context9215649020176739854.xml'
01-Jun-2018 01:17:29.893 INFORMACIÓN [http-apr-8080-exec-221] org.apache.catalina.core.ApplicationContext.log Manager: start: Starting web application '/EPE1'
01-Jun-2018 01:20:42.073 INFORMACIÓN [http-apr-8080-exec-233] org.apache.catalina.core.ApplicationContext.log Manager: list: Listing contexts for virtual host 'localhost'
01-Jun-2018 01:21:19.901 INFORMACIÓN [http-apr-8080-exec-247] org.apache.catalina.core.ApplicationContext.log Manager: list: Listing contexts for virtual host 'localhost'
01-Jun-2018 01:21:19.904 INFORMACIÓN [http-apr-8080-exec-248] org.apache.catalina.core.ApplicationContext.log Manager: list: Listing contexts for virtual host 'localhost'
01-Jun-2018 01:21:19.915 INFORMACIÓN [http-apr-8080-exec-246] org.apache.catalina.core.ApplicationContext.log Manager: undeploy: Undeploying web application at '/EPE1'
01-Jun-2018 01:21:20.450 INFORMACIÓN [http-apr-8080-exec-239] org.apache.catalina.core.ApplicationContext.log Manager: install: Installing context configuration at 'file:/C:/Users/MICHAE~1/AppData/Local/Temp/context5025420369221098596.xml'
01-Jun-2018 01:21:20.638 INFORMACIÓN [http-apr-8080-exec-242] org.apache.catalina.core.ApplicationContext.log Manager: start: Starting web application '/EPE1'
01-Jun-2018 01:22:24.822 INFORMACIÓN [http-apr-8080-exec-244] org.apache.catalina.core.ApplicationContext.log Manager: list: Listing contexts for virtual host 'localhost'
01-Jun-2018 01:22:24.825 INFORMACIÓN [http-apr-8080-exec-249] org.apache.catalina.core.ApplicationContext.log Manager: list: Listing contexts for virtual host 'localhost'
01-Jun-2018 01:22:24.832 INFORMACIÓN [http-apr-8080-exec-254] org.apache.catalina.core.ApplicationContext.log Manager: undeploy: Undeploying web application at '/EPE1'
01-Jun-2018 01:22:25.377 INFORMACIÓN [http-apr-8080-exec-242] org.apache.catalina.core.ApplicationContext.log Manager: install: Installing context configuration at 'file:/C:/Users/MICHAE~1/AppData/Local/Temp/context3260384272681636727.xml'
01-Jun-2018 01:22:25.578 INFORMACIÓN [http-apr-8080-exec-251] org.apache.catalina.core.ApplicationContext.log Manager: start: Starting web application '/EPE1'
01-Jun-2018 01:22:36.512 INFORMACIÓN [http-apr-8080-exec-244] org.apache.catalina.core.ApplicationContext.log Manager: list: Listing contexts for virtual host 'localhost'
01-Jun-2018 01:22:36.518 INFORMACIÓN [http-apr-8080-exec-257] org.apache.catalina.core.ApplicationContext.log Manager: list: Listing contexts for virtual host 'localhost'
01-Jun-2018 01:22:36.532 INFORMACIÓN [http-apr-8080-exec-252] org.apache.catalina.core.ApplicationContext.log Manager: undeploy: Undeploying web application at '/EPE1'
01-Jun-2018 01:22:37.075 INFORMACIÓN [http-apr-8080-exec-257] org.apache.catalina.core.ApplicationContext.log Manager: install: Installing context configuration at 'file:/C:/Users/MICHAE~1/AppData/Local/Temp/context6961817826148302571.xml'
01-Jun-2018 01:22:37.274 INFORMACIÓN [http-apr-8080-exec-253] org.apache.catalina.core.ApplicationContext.log Manager: start: Starting web application '/EPE1'
01-Jun-2018 01:30:21.002 INFORMACIÓN [http-apr-8080-exec-267] org.apache.catalina.core.ApplicationContext.log Manager: list: Listing contexts for virtual host 'localhost'
01-Jun-2018 01:30:21.005 INFORMACIÓN [http-apr-8080-exec-258] org.apache.catalina.core.ApplicationContext.log Manager: list: Listing contexts for virtual host 'localhost'
01-Jun-2018 01:30:21.013 INFORMACIÓN [http-apr-8080-exec-259] org.apache.catalina.core.ApplicationContext.log Manager: undeploy: Undeploying web application at '/EPE1'
01-Jun-2018 01:30:21.545 INFORMACIÓN [http-apr-8080-exec-264] org.apache.catalina.core.ApplicationContext.log Manager: install: Installing context configuration at 'file:/C:/Users/MICHAE~1/AppData/Local/Temp/context5571739836632725995.xml'
01-Jun-2018 01:30:21.760 INFORMACIÓN [http-apr-8080-exec-263] org.apache.catalina.core.ApplicationContext.log Manager: start: Starting web application '/EPE1'
01-Jun-2018 01:30:49.202 INFORMACIÓN [http-apr-8080-exec-261] org.apache.catalina.core.ApplicationContext.log Manager: list: Listing contexts for virtual host 'localhost'
01-Jun-2018 01:30:49.205 INFORMACIÓN [http-apr-8080-exec-270] org.apache.catalina.core.ApplicationContext.log Manager: list: Listing contexts for virtual host 'localhost'
01-Jun-2018 01:30:49.215 INFORMACIÓN [http-apr-8080-exec-262] org.apache.catalina.core.ApplicationContext.log Manager: undeploy: Undeploying web application at '/EPE1'
01-Jun-2018 01:30:49.746 INFORMACIÓN [http-apr-8080-exec-265] org.apache.catalina.core.ApplicationContext.log Manager: install: Installing context configuration at 'file:/C:/Users/MICHAE~1/AppData/Local/Temp/context8223293687535881293.xml'
01-Jun-2018 01:30:49.928 INFORMACIÓN [http-apr-8080-exec-264] org.apache.catalina.core.ApplicationContext.log Manager: start: Starting web application '/EPE1'
01-Jun-2018 01:31:01.783 INFORMACIÓN [http-apr-8080-exec-266] org.apache.catalina.core.ApplicationContext.log Manager: list: Listing contexts for virtual host 'localhost'
01-Jun-2018 01:31:01.786 INFORMACIÓN [http-apr-8080-exec-273] org.apache.catalina.core.ApplicationContext.log Manager: list: Listing contexts for virtual host 'localhost'
01-Jun-2018 01:31:01.793 INFORMACIÓN [http-apr-8080-exec-261] org.apache.catalina.core.ApplicationContext.log Manager: undeploy: Undeploying web application at '/EPE1'
01-Jun-2018 01:31:02.324 INFORMACIÓN [http-apr-8080-exec-262] org.apache.catalina.core.ApplicationContext.log Manager: install: Installing context configuration at 'file:/C:/Users/MICHAE~1/AppData/Local/Temp/context4634269703017814812.xml'
01-Jun-2018 01:31:02.517 INFORMACIÓN [http-apr-8080-exec-271] org.apache.catalina.core.ApplicationContext.log Manager: start: Starting web application '/EPE1'
01-Jun-2018 01:31:20.485 INFORMACIÓN [http-apr-8080-exec-276] org.apache.catalina.core.ApplicationContext.log Manager: list: Listing contexts for virtual host 'localhost'
01-Jun-2018 01:31:20.488 INFORMACIÓN [http-apr-8080-exec-277] org.apache.catalina.core.ApplicationContext.log Manager: list: Listing contexts for virtual host 'localhost'
01-Jun-2018 01:31:20.496 INFORMACIÓN [http-apr-8080-exec-264] org.apache.catalina.core.ApplicationContext.log Manager: undeploy: Undeploying web application at '/EPE1'
01-Jun-2018 01:31:21.033 INFORMACIÓN [http-apr-8080-exec-276] org.apache.catalina.core.ApplicationContext.log Manager: install: Installing context configuration at 'file:/C:/Users/MICHAE~1/AppData/Local/Temp/context3391018095352275155.xml'
01-Jun-2018 01:31:21.225 INFORMACIÓN [http-apr-8080-exec-271] org.apache.catalina.core.ApplicationContext.log Manager: start: Starting web application '/EPE1'
01-Jun-2018 01:31:36.144 INFORMACIÓN [http-apr-8080-exec-268] org.apache.catalina.core.ApplicationContext.log Manager: list: Listing contexts for virtual host 'localhost'
01-Jun-2018 01:31:36.147 INFORMACIÓN [http-apr-8080-exec-280] org.apache.catalina.core.ApplicationContext.log Manager: list: Listing contexts for virtual host 'localhost'
01-Jun-2018 01:31:36.155 INFORMACIÓN [http-apr-8080-exec-258] org.apache.catalina.core.ApplicationContext.log Manager: undeploy: Undeploying web application at '/EPE1'
01-Jun-2018 01:31:36.696 INFORMACIÓN [http-apr-8080-exec-264] org.apache.catalina.core.ApplicationContext.log Manager: install: Installing context configuration at 'file:/C:/Users/MICHAE~1/AppData/Local/Temp/context5624809133976976743.xml'
01-Jun-2018 01:31:36.898 INFORMACIÓN [http-apr-8080-exec-271] org.apache.catalina.core.ApplicationContext.log Manager: start: Starting web application '/EPE1'
01-Jun-2018 01:31:47.992 INFORMACIÓN [http-apr-8080-exec-273] org.apache.catalina.core.ApplicationContext.log Manager: list: Listing contexts for virtual host 'localhost'
01-Jun-2018 01:31:47.995 INFORMACIÓN [http-apr-8080-exec-283] org.apache.catalina.core.ApplicationContext.log Manager: list: Listing contexts for virtual host 'localhost'
01-Jun-2018 01:31:48.003 INFORMACIÓN [http-apr-8080-exec-279] org.apache.catalina.core.ApplicationContext.log Manager: undeploy: Undeploying web application at '/EPE1'
01-Jun-2018 01:31:48.536 INFORMACIÓN [http-apr-8080-exec-271] org.apache.catalina.core.ApplicationContext.log Manager: install: Installing context configuration at 'file:/C:/Users/MICHAE~1/AppData/Local/Temp/context5825911005422463872.xml'
01-Jun-2018 01:31:48.748 INFORMACIÓN [http-apr-8080-exec-280] org.apache.catalina.core.ApplicationContext.log Manager: start: Starting web application '/EPE1'
01-Jun-2018 01:32:21.282 INFORMACIÓN [http-apr-8080-exec-283] org.apache.catalina.core.ApplicationContext.log Manager: list: Listing contexts for virtual host 'localhost'
01-Jun-2018 01:32:21.284 INFORMACIÓN [http-apr-8080-exec-261] org.apache.catalina.core.ApplicationContext.log Manager: list: Listing contexts for virtual host 'localhost'
01-Jun-2018 01:32:21.293 INFORMACIÓN [http-apr-8080-exec-287] org.apache.catalina.core.ApplicationContext.log Manager: undeploy: Undeploying web application at '/EPE1'
01-Jun-2018 01:32:21.830 INFORMACIÓN [http-apr-8080-exec-280] org.apache.catalina.core.ApplicationContext.log Manager: install: Installing context configuration at 'file:/C:/Users/MICHAE~1/AppData/Local/Temp/context1082511770655485360.xml'
01-Jun-2018 01:32:22.024 INFORMACIÓN [http-apr-8080-exec-258] org.apache.catalina.core.ApplicationContext.log Manager: start: Starting web application '/EPE1'
01-Jun-2018 01:32:44.484 INFORMACIÓN [http-apr-8080-exec-285] org.apache.catalina.core.ApplicationContext.log Manager: list: Listing contexts for virtual host 'localhost'
01-Jun-2018 01:32:44.486 INFORMACIÓN [http-apr-8080-exec-261] org.apache.catalina.core.ApplicationContext.log Manager: list: Listing contexts for virtual host 'localhost'
01-Jun-2018 01:32:44.493 INFORMACIÓN [http-apr-8080-exec-290] org.apache.catalina.core.ApplicationContext.log Manager: undeploy: Undeploying web application at '/EPE1'
01-Jun-2018 01:32:45.032 INFORMACIÓN [http-apr-8080-exec-287] org.apache.catalina.core.ApplicationContext.log Manager: install: Installing context configuration at 'file:/C:/Users/MICHAE~1/AppData/Local/Temp/context1910116985489509878.xml'
01-Jun-2018 01:32:45.233 INFORMACIÓN [http-apr-8080-exec-286] org.apache.catalina.core.ApplicationContext.log Manager: start: Starting web application '/EPE1'
01-Jun-2018 01:33:01.505 INFORMACIÓN [http-apr-8080-exec-282] org.apache.catalina.core.ApplicationContext.log Manager: list: Listing contexts for virtual host 'localhost'
01-Jun-2018 01:33:01.510 INFORMACIÓN [http-apr-8080-exec-283] org.apache.catalina.core.ApplicationContext.log Manager: list: Listing contexts for virtual host 'localhost'
01-Jun-2018 01:33:01.524 INFORMACIÓN [http-apr-8080-exec-293] org.apache.catalina.core.ApplicationContext.log Manager: undeploy: Undeploying web application at '/EPE1'
01-Jun-2018 01:33:02.060 INFORMACIÓN [http-apr-8080-exec-282] org.apache.catalina.core.ApplicationContext.log Manager: install: Installing context configuration at 'file:/C:/Users/MICHAE~1/AppData/Local/Temp/context7634480934842510567.xml'
01-Jun-2018 01:33:02.243 INFORMACIÓN [http-apr-8080-exec-289] org.apache.catalina.core.ApplicationContext.log Manager: start: Starting web application '/EPE1'
01-Jun-2018 01:33:16.052 INFORMACIÓN [http-apr-8080-exec-295] org.apache.catalina.core.ApplicationContext.log Manager: list: Listing contexts for virtual host 'localhost'
01-Jun-2018 01:33:16.055 INFORMACIÓN [http-apr-8080-exec-285] org.apache.catalina.core.ApplicationContext.log Manager: list: Listing contexts for virtual host 'localhost'
01-Jun-2018 01:33:16.065 INFORMACIÓN [http-apr-8080-exec-296] org.apache.catalina.core.ApplicationContext.log Manager: undeploy: Undeploying web application at '/EPE1'
01-Jun-2018 01:33:16.599 INFORMACIÓN [http-apr-8080-exec-286] org.apache.catalina.core.ApplicationContext.log Manager: install: Installing context configuration at 'file:/C:/Users/MICHAE~1/AppData/Local/Temp/context6211558130189997533.xml'
01-Jun-2018 01:33:16.780 INFORMACIÓN [http-apr-8080-exec-291] org.apache.catalina.core.ApplicationContext.log Manager: start: Starting web application '/EPE1'
01-Jun-2018 01:33:27.934 INFORMACIÓN [http-apr-8080-exec-294] org.apache.catalina.core.ApplicationContext.log Manager: list: Listing contexts for virtual host 'localhost'
01-Jun-2018 01:33:27.937 INFORMACIÓN [http-apr-8080-exec-289] org.apache.catalina.core.ApplicationContext.log Manager: list: Listing contexts for virtual host 'localhost'
01-Jun-2018 01:33:27.945 INFORMACIÓN [http-apr-8080-exec-299] org.apache.catalina.core.ApplicationContext.log Manager: undeploy: Undeploying web application at '/EPE1'
01-Jun-2018 01:33:28.485 INFORMACIÓN [http-apr-8080-exec-291] org.apache.catalina.core.ApplicationContext.log Manager: install: Installing context configuration at 'file:/C:/Users/MICHAE~1/AppData/Local/Temp/context4885409799901715212.xml'
01-Jun-2018 01:33:28.692 INFORMACIÓN [http-apr-8080-exec-298] org.apache.catalina.core.ApplicationContext.log Manager: start: Starting web application '/EPE1'
01-Jun-2018 01:33:40.404 INFORMACIÓN [http-apr-8080-exec-295] org.apache.catalina.core.ApplicationContext.log Manager: list: Listing contexts for virtual host 'localhost'
01-Jun-2018 01:33:40.421 INFORMACIÓN [http-apr-8080-exec-296] org.apache.catalina.core.ApplicationContext.log Manager: list: Listing contexts for virtual host 'localhost'
01-Jun-2018 01:33:40.430 INFORMACIÓN [http-apr-8080-exec-302] org.apache.catalina.core.ApplicationContext.log Manager: undeploy: Undeploying web application at '/EPE1'
01-Jun-2018 01:33:40.957 INFORMACIÓN [http-apr-8080-exec-300] org.apache.catalina.core.ApplicationContext.log Manager: install: Installing context configuration at 'file:/C:/Users/MICHAE~1/AppData/Local/Temp/context5682941882419374955.xml'
01-Jun-2018 01:33:41.136 INFORMACIÓN [http-apr-8080-exec-295] org.apache.catalina.core.ApplicationContext.log Manager: start: Starting web application '/EPE1'
01-Jun-2018 01:33:51.991 INFORMACIÓN [http-apr-8080-exec-299] org.apache.catalina.core.ApplicationContext.log Manager: list: Listing contexts for virtual host 'localhost'
01-Jun-2018 01:33:51.994 INFORMACIÓN [http-apr-8080-exec-283] org.apache.catalina.core.ApplicationContext.log Manager: list: Listing contexts for virtual host 'localhost'
01-Jun-2018 01:33:52.002 INFORMACIÓN [http-apr-8080-exec-305] org.apache.catalina.core.ApplicationContext.log Manager: undeploy: Undeploying web application at '/EPE1'
01-Jun-2018 01:33:52.533 INFORMACIÓN [http-apr-8080-exec-300] org.apache.catalina.core.ApplicationContext.log Manager: install: Installing context configuration at 'file:/C:/Users/MICHAE~1/AppData/Local/Temp/context7574610253270950937.xml'
01-Jun-2018 01:33:52.738 INFORMACIÓN [http-apr-8080-exec-295] org.apache.catalina.core.ApplicationContext.log Manager: start: Starting web application '/EPE1'
01-Jun-2018 01:35:51.757 INFORMACIÓN [http-apr-8080-exec-283] org.apache.catalina.core.ApplicationContext.log Manager: list: Listing contexts for virtual host 'localhost'
01-Jun-2018 01:35:51.760 INFORMACIÓN [http-apr-8080-exec-310] org.apache.catalina.core.ApplicationContext.log Manager: list: Listing contexts for virtual host 'localhost'
01-Jun-2018 01:35:51.769 INFORMACIÓN [http-apr-8080-exec-308] org.apache.catalina.core.ApplicationContext.log Manager: undeploy: Undeploying web application at '/EPE1'
01-Jun-2018 01:35:52.297 INFORMACIÓN [http-apr-8080-exec-306] org.apache.catalina.core.ApplicationContext.log Manager: install: Installing context configuration at 'file:/C:/Users/MICHAE~1/AppData/Local/Temp/context789674523607933280.xml'
01-Jun-2018 01:35:52.470 INFORMACIÓN [http-apr-8080-exec-283] org.apache.catalina.core.ApplicationContext.log Manager: start: Starting web application '/EPE1'
01-Jun-2018 01:39:03.397 INFORMACIÓN [http-apr-8080-exec-318] org.apache.catalina.core.ApplicationContext.log Manager: list: Listing contexts for virtual host 'localhost'
01-Jun-2018 01:39:03.400 INFORMACIÓN [http-apr-8080-exec-311] org.apache.catalina.core.ApplicationContext.log Manager: list: Listing contexts for virtual host 'localhost'
01-Jun-2018 01:39:03.408 INFORMACIÓN [http-apr-8080-exec-312] org.apache.catalina.core.ApplicationContext.log Manager: undeploy: Undeploying web application at '/EPE1'
01-Jun-2018 01:39:03.943 INFORMACIÓN [http-apr-8080-exec-317] org.apache.catalina.core.ApplicationContext.log Manager: install: Installing context configuration at 'file:/C:/Users/MICHAE~1/AppData/Local/Temp/context7084668946566900031.xml'
01-Jun-2018 01:39:04.129 INFORMACIÓN [http-apr-8080-exec-319] org.apache.catalina.core.ApplicationContext.log Manager: start: Starting web application '/EPE1'
01-Jun-2018 01:39:23.383 INFORMACIÓN [http-apr-8080-exec-311] org.apache.catalina.core.ApplicationContext.log Manager: list: Listing contexts for virtual host 'localhost'
01-Jun-2018 01:39:23.386 INFORMACIÓN [http-apr-8080-exec-322] org.apache.catalina.core.ApplicationContext.log Manager: list: Listing contexts for virtual host 'localhost'
01-Jun-2018 01:39:23.395 INFORMACIÓN [http-apr-8080-exec-314] org.apache.catalina.core.ApplicationContext.log Manager: undeploy: Undeploying web application at '/EPE1'
01-Jun-2018 01:39:23.939 INFORMACIÓN [http-apr-8080-exec-319] org.apache.catalina.core.ApplicationContext.log Manager: install: Installing context configuration at 'file:/C:/Users/MICHAE~1/AppData/Local/Temp/context5996568500849187146.xml'
01-Jun-2018 01:39:24.153 INFORMACIÓN [http-apr-8080-exec-313] org.apache.catalina.core.ApplicationContext.log Manager: start: Starting web application '/EPE1'
01-Jun-2018 01:40:13.550 INFORMACIÓN [http-apr-8080-exec-312] org.apache.catalina.core.ApplicationContext.log Manager: list: Listing contexts for virtual host 'localhost'
01-Jun-2018 01:40:13.552 INFORMACIÓN [http-apr-8080-exec-325] org.apache.catalina.core.ApplicationContext.log Manager: list: Listing contexts for virtual host 'localhost'
01-Jun-2018 01:40:13.560 INFORMACIÓN [http-apr-8080-exec-320] org.apache.catalina.core.ApplicationContext.log Manager: undeploy: Undeploying web application at '/EPE1'
01-Jun-2018 01:40:14.092 INFORMACIÓN [http-apr-8080-exec-323] org.apache.catalina.core.ApplicationContext.log Manager: install: Installing context configuration at 'file:/C:/Users/MICHAE~1/AppData/Local/Temp/context3609740621815975769.xml'
01-Jun-2018 01:40:14.269 INFORMACIÓN [http-apr-8080-exec-325] org.apache.catalina.core.ApplicationContext.log Manager: start: Starting web application '/EPE1'
01-Jun-2018 01:40:34.580 INFORMACIÓN [http-apr-8080-exec-324] org.apache.catalina.core.ApplicationContext.log Manager: list: Listing contexts for virtual host 'localhost'
01-Jun-2018 01:40:34.583 INFORMACIÓN [http-apr-8080-exec-328] org.apache.catalina.core.ApplicationContext.log Manager: list: Listing contexts for virtual host 'localhost'
01-Jun-2018 01:40:34.590 INFORMACIÓN [http-apr-8080-exec-312] org.apache.catalina.core.ApplicationContext.log Manager: undeploy: Undeploying web application at '/EPE1'
01-Jun-2018 01:40:35.124 INFORMACIÓN [http-apr-8080-exec-325] org.apache.catalina.core.ApplicationContext.log Manager: install: Installing context configuration at 'file:/C:/Users/MICHAE~1/AppData/Local/Temp/context5171397221862031168.xml'
01-Jun-2018 01:40:35.304 INFORMACIÓN [http-apr-8080-exec-311] org.apache.catalina.core.ApplicationContext.log Manager: start: Starting web application '/EPE1'
01-Jun-2018 01:40:52.258 INFORMACIÓN [http-apr-8080-exec-313] org.apache.catalina.core.ApplicationContext.log Manager: list: Listing contexts for virtual host 'localhost'
01-Jun-2018 01:40:52.260 INFORMACIÓN [http-apr-8080-exec-283] org.apache.catalina.core.ApplicationContext.log Manager: list: Listing contexts for virtual host 'localhost'
01-Jun-2018 01:40:52.268 INFORMACIÓN [http-apr-8080-exec-331] org.apache.catalina.core.ApplicationContext.log Manager: undeploy: Undeploying web application at '/EPE1'
01-Jun-2018 01:40:52.799 INFORMACIÓN [http-apr-8080-exec-312] org.apache.catalina.core.ApplicationContext.log Manager: install: Installing context configuration at 'file:/C:/Users/MICHAE~1/AppData/Local/Temp/context8184474516381858216.xml'
01-Jun-2018 01:40:52.983 INFORMACIÓN [http-apr-8080-exec-326] org.apache.catalina.core.ApplicationContext.log Manager: start: Starting web application '/EPE1'
01-Jun-2018 01:41:05.449 INFORMACIÓN [http-apr-8080-exec-327] org.apache.catalina.core.ApplicationContext.log Manager: list: Listing contexts for virtual host 'localhost'
01-Jun-2018 01:41:05.451 INFORMACIÓN [http-apr-8080-exec-283] org.apache.catalina.core.ApplicationContext.log Manager: list: Listing contexts for virtual host 'localhost'
01-Jun-2018 01:41:05.459 INFORMACIÓN [http-apr-8080-exec-335] org.apache.catalina.core.ApplicationContext.log Manager: undeploy: Undeploying web application at '/EPE1'
01-Jun-2018 01:41:05.997 INFORMACIÓN [http-apr-8080-exec-326] org.apache.catalina.core.ApplicationContext.log Manager: install: Installing context configuration at 'file:/C:/Users/MICHAE~1/AppData/Local/Temp/context3028901584340150256.xml'
01-Jun-2018 01:41:06.177 INFORMACIÓN [http-apr-8080-exec-329] org.apache.catalina.core.ApplicationContext.log Manager: start: Starting web application '/EPE1'
01-Jun-2018 01:41:20.782 INFORMACIÓN [http-apr-8080-exec-334] org.apache.catalina.core.ApplicationContext.log Manager: list: Listing contexts for virtual host 'localhost'
01-Jun-2018 01:41:20.785 INFORMACIÓN [http-apr-8080-exec-283] org.apache.catalina.core.ApplicationContext.log Manager: list: Listing contexts for virtual host 'localhost'
01-Jun-2018 01:41:20.793 INFORMACIÓN [http-apr-8080-exec-338] org.apache.catalina.core.ApplicationContext.log Manager: undeploy: Undeploying web application at '/EPE1'
01-Jun-2018 01:41:21.325 INFORMACIÓN [http-apr-8080-exec-329] org.apache.catalina.core.ApplicationContext.log Manager: install: Installing context configuration at 'file:/C:/Users/MICHAE~1/AppData/Local/Temp/context3861851965688124730.xml'
01-Jun-2018 01:41:21.529 INFORMACIÓN [http-apr-8080-exec-337] org.apache.catalina.core.ApplicationContext.log Manager: start: Starting web application '/EPE1'
01-Jun-2018 01:41:32.765 INFORMACIÓN [http-apr-8080-exec-334] org.apache.catalina.core.ApplicationContext.log Manager: list: Listing contexts for virtual host 'localhost'
01-Jun-2018 01:41:32.768 INFORMACIÓN [http-apr-8080-exec-283] org.apache.catalina.core.ApplicationContext.log Manager: list: Listing contexts for virtual host 'localhost'
01-Jun-2018 01:41:32.775 INFORMACIÓN [http-apr-8080-exec-341] org.apache.catalina.core.ApplicationContext.log Manager: undeploy: Undeploying web application at '/EPE1'
01-Jun-2018 01:41:33.309 INFORMACIÓN [http-apr-8080-exec-336] org.apache.catalina.core.ApplicationContext.log Manager: install: Installing context configuration at 'file:/C:/Users/MICHAE~1/AppData/Local/Temp/context4835820858137063159.xml'
01-Jun-2018 01:41:33.497 INFORMACIÓN [http-apr-8080-exec-327] org.apache.catalina.core.ApplicationContext.log Manager: start: Starting web application '/EPE1'
01-Jun-2018 01:41:49.891 INFORMACIÓN [http-apr-8080-exec-283] org.apache.catalina.core.ApplicationContext.log Manager: list: Listing contexts for virtual host 'localhost'
01-Jun-2018 01:41:49.894 INFORMACIÓN [http-apr-8080-exec-338] org.apache.catalina.core.ApplicationContext.log Manager: list: Listing contexts for virtual host 'localhost'
01-Jun-2018 01:41:49.903 INFORMACIÓN [http-apr-8080-exec-344] org.apache.catalina.core.ApplicationContext.log Manager: undeploy: Undeploying web application at '/EPE1'
01-Jun-2018 01:41:50.437 INFORMACIÓN [http-apr-8080-exec-342] org.apache.catalina.core.ApplicationContext.log Manager: install: Installing context configuration at 'file:/C:/Users/MICHAE~1/AppData/Local/Temp/context3676041724298977808.xml'
01-Jun-2018 01:41:50.617 INFORMACIÓN [http-apr-8080-exec-337] org.apache.catalina.core.ApplicationContext.log Manager: start: Starting web application '/EPE1'
01-Jun-2018 01:42:09.660 INFORMACIÓN [http-apr-8080-exec-340] org.apache.catalina.core.ApplicationContext.log Manager: list: Listing contexts for virtual host 'localhost'
01-Jun-2018 01:42:09.663 INFORMACIÓN [http-apr-8080-exec-343] org.apache.catalina.core.ApplicationContext.log Manager: list: Listing contexts for virtual host 'localhost'
01-Jun-2018 01:42:09.671 INFORMACIÓN [http-apr-8080-exec-347] org.apache.catalina.core.ApplicationContext.log Manager: undeploy: Undeploying web application at '/EPE1'
01-Jun-2018 01:42:10.204 INFORMACIÓN [http-apr-8080-exec-344] org.apache.catalina.core.ApplicationContext.log Manager: install: Installing context configuration at 'file:/C:/Users/MICHAE~1/AppData/Local/Temp/context7970990725192574527.xml'
01-Jun-2018 01:42:10.381 INFORMACIÓN [http-apr-8080-exec-346] org.apache.catalina.core.ApplicationContext.log Manager: start: Starting web application '/EPE1'
01-Jun-2018 01:42:24.125 INFORMACIÓN [http-apr-8080-exec-340] org.apache.catalina.core.ApplicationContext.log Manager: list: Listing contexts for virtual host 'localhost'
01-Jun-2018 01:42:24.127 INFORMACIÓN [http-apr-8080-exec-343] org.apache.catalina.core.ApplicationContext.log Manager: list: Listing contexts for virtual host 'localhost'
01-Jun-2018 01:42:24.135 INFORMACIÓN [http-apr-8080-exec-350] org.apache.catalina.core.ApplicationContext.log Manager: undeploy: Undeploying web application at '/EPE1'
01-Jun-2018 01:42:24.667 INFORMACIÓN [http-apr-8080-exec-348] org.apache.catalina.core.ApplicationContext.log Manager: install: Installing context configuration at 'file:/C:/Users/MICHAE~1/AppData/Local/Temp/context5895432238756056567.xml'
01-Jun-2018 01:42:24.846 INFORMACIÓN [http-apr-8080-exec-341] org.apache.catalina.core.ApplicationContext.log Manager: start: Starting web application '/EPE1'
01-Jun-2018 01:42:33.919 INFORMACIÓN [http-apr-8080-exec-346] org.apache.catalina.core.ApplicationContext.log Manager: list: Listing contexts for virtual host 'localhost'
01-Jun-2018 01:42:33.922 INFORMACIÓN [http-apr-8080-exec-340] org.apache.catalina.core.ApplicationContext.log Manager: list: Listing contexts for virtual host 'localhost'
01-Jun-2018 01:42:33.930 INFORMACIÓN [http-apr-8080-exec-353] org.apache.catalina.core.ApplicationContext.log Manager: undeploy: Undeploying web application at '/EPE1'
01-Jun-2018 01:42:34.460 INFORMACIÓN [http-apr-8080-exec-346] org.apache.catalina.core.ApplicationContext.log Manager: install: Installing context configuration at 'file:/C:/Users/MICHAE~1/AppData/Local/Temp/context1169435698381619998.xml'
01-Jun-2018 01:42:34.661 INFORMACIÓN [http-apr-8080-exec-352] org.apache.catalina.core.ApplicationContext.log Manager: start: Starting web application '/EPE1'
01-Jun-2018 01:42:47.880 INFORMACIÓN [http-apr-8080-exec-343] org.apache.catalina.core.ApplicationContext.log Manager: list: Listing contexts for virtual host 'localhost'
01-Jun-2018 01:42:47.883 INFORMACIÓN [http-apr-8080-exec-345] org.apache.catalina.core.ApplicationContext.log Manager: list: Listing contexts for virtual host 'localhost'
01-Jun-2018 01:42:47.893 INFORMACIÓN [http-apr-8080-exec-356] org.apache.catalina.core.ApplicationContext.log Manager: undeploy: Undeploying web application at '/EPE1'
01-Jun-2018 01:42:48.424 INFORMACIÓN [http-apr-8080-exec-354] org.apache.catalina.core.ApplicationContext.log Manager: install: Installing context configuration at 'file:/C:/Users/MICHAE~1/AppData/Local/Temp/context4714472594644724062.xml'
01-Jun-2018 01:42:48.606 INFORMACIÓN [http-apr-8080-exec-341] org.apache.catalina.core.ApplicationContext.log Manager: start: Starting web application '/EPE1'
01-Jun-2018 01:42:59.633 INFORMACIÓN [http-apr-8080-exec-352] org.apache.catalina.core.ApplicationContext.log Manager: list: Listing contexts for virtual host 'localhost'
01-Jun-2018 01:42:59.635 INFORMACIÓN [http-apr-8080-exec-340] org.apache.catalina.core.ApplicationContext.log Manager: list: Listing contexts for virtual host 'localhost'
01-Jun-2018 01:42:59.644 INFORMACIÓN [http-apr-8080-exec-359] org.apache.catalina.core.ApplicationContext.log Manager: undeploy: Undeploying web application at '/EPE1'
01-Jun-2018 01:43:00.174 INFORMACIÓN [http-apr-8080-exec-358] org.apache.catalina.core.ApplicationContext.log Manager: install: Installing context configuration at 'file:/C:/Users/MICHAE~1/AppData/Local/Temp/context917173807953880931.xml'
01-Jun-2018 01:43:00.349 INFORMACIÓN [http-apr-8080-exec-356] org.apache.catalina.core.ApplicationContext.log Manager: start: Starting web application '/EPE1'
01-Jun-2018 01:43:23.201 INFORMACIÓN [http-apr-8080-exec-343] org.apache.catalina.core.ApplicationContext.log Manager: list: Listing contexts for virtual host 'localhost'
01-Jun-2018 01:43:23.203 INFORMACIÓN [http-apr-8080-exec-345] org.apache.catalina.core.ApplicationContext.log Manager: list: Listing contexts for virtual host 'localhost'
01-Jun-2018 01:43:23.211 INFORMACIÓN [http-apr-8080-exec-362] org.apache.catalina.core.ApplicationContext.log Manager: undeploy: Undeploying web application at '/EPE1'
01-Jun-2018 01:43:23.742 INFORMACIÓN [http-apr-8080-exec-361] org.apache.catalina.core.ApplicationContext.log Manager: install: Installing context configuration at 'file:/C:/Users/MICHAE~1/AppData/Local/Temp/context7847862620478302021.xml'
01-Jun-2018 01:43:23.922 INFORMACIÓN [http-apr-8080-exec-341] org.apache.catalina.core.ApplicationContext.log Manager: start: Starting web application '/EPE1'
01-Jun-2018 01:43:33.810 INFORMACIÓN [http-apr-8080-exec-356] org.apache.catalina.core.ApplicationContext.log Manager: list: Listing contexts for virtual host 'localhost'
01-Jun-2018 01:43:33.813 INFORMACIÓN [http-apr-8080-exec-340] org.apache.catalina.core.ApplicationContext.log Manager: list: Listing contexts for virtual host 'localhost'
01-Jun-2018 01:43:33.822 INFORMACIÓN [http-apr-8080-exec-365] org.apache.catalina.core.ApplicationContext.log Manager: undeploy: Undeploying web application at '/EPE1'
01-Jun-2018 01:43:34.354 INFORMACIÓN [http-apr-8080-exec-357] org.apache.catalina.core.ApplicationContext.log Manager: install: Installing context configuration at 'file:/C:/Users/MICHAE~1/AppData/Local/Temp/context3302544878334499990.xml'
01-Jun-2018 01:43:34.545 INFORMACIÓN [http-apr-8080-exec-341] org.apache.catalina.core.ApplicationContext.log Manager: start: Starting web application '/EPE1'
01-Jun-2018 01:43:46.365 INFORMACIÓN [http-apr-8080-exec-352] org.apache.catalina.core.ApplicationContext.log Manager: list: Listing contexts for virtual host 'localhost'
01-Jun-2018 01:43:46.368 INFORMACIÓN [http-apr-8080-exec-356] org.apache.catalina.core.ApplicationContext.log Manager: list: Listing contexts for virtual host 'localhost'
01-Jun-2018 01:43:46.375 INFORMACIÓN [http-apr-8080-exec-368] org.apache.catalina.core.ApplicationContext.log Manager: undeploy: Undeploying web application at '/EPE1'
01-Jun-2018 01:43:46.905 INFORMACIÓN [http-apr-8080-exec-352] org.apache.catalina.core.ApplicationContext.log Manager: install: Installing context configuration at 'file:/C:/Users/MICHAE~1/AppData/Local/Temp/context5489271431582004196.xml'
01-Jun-2018 01:43:47.131 INFORMACIÓN [http-apr-8080-exec-366] org.apache.catalina.core.ApplicationContext.log Manager: start: Starting web application '/EPE1'
01-Jun-2018 01:44:02.802 INFORMACIÓN [http-apr-8080-exec-370] org.apache.catalina.core.ApplicationContext.log Manager: list: Listing contexts for virtual host 'localhost'
01-Jun-2018 01:44:02.805 INFORMACIÓN [http-apr-8080-exec-345] org.apache.catalina.core.ApplicationContext.log Manager: list: Listing contexts for virtual host 'localhost'
01-Jun-2018 01:44:02.812 INFORMACIÓN [http-apr-8080-exec-371] org.apache.catalina.core.ApplicationContext.log Manager: undeploy: Undeploying web application at '/EPE1'
01-Jun-2018 01:44:03.343 INFORMACIÓN [http-apr-8080-exec-357] org.apache.catalina.core.ApplicationContext.log Manager: install: Installing context configuration at 'file:/C:/Users/MICHAE~1/AppData/Local/Temp/context6082947228314148372.xml'
01-Jun-2018 01:44:03.520 INFORMACIÓN [http-apr-8080-exec-341] org.apache.catalina.core.ApplicationContext.log Manager: start: Starting web application '/EPE1'
01-Jun-2018 01:44:15.628 INFORMACIÓN [http-apr-8080-exec-360] org.apache.catalina.core.ApplicationContext.log Manager: list: Listing contexts for virtual host 'localhost'
01-Jun-2018 01:44:15.634 INFORMACIÓN [http-apr-8080-exec-366] org.apache.catalina.core.ApplicationContext.log Manager: list: Listing contexts for virtual host 'localhost'
01-Jun-2018 01:44:15.647 INFORMACIÓN [http-apr-8080-exec-374] org.apache.catalina.core.ApplicationContext.log Manager: undeploy: Undeploying web application at '/EPE1'
01-Jun-2018 01:44:16.189 INFORMACIÓN [http-apr-8080-exec-370] org.apache.catalina.core.ApplicationContext.log Manager: install: Installing context configuration at 'file:/C:/Users/MICHAE~1/AppData/Local/Temp/context7159094593929907139.xml'
01-Jun-2018 01:44:16.366 INFORMACIÓN [http-apr-8080-exec-371] org.apache.catalina.core.ApplicationContext.log Manager: start: Starting web application '/EPE1'
01-Jun-2018 01:44:25.731 INFORMACIÓN [http-apr-8080-exec-345] org.apache.catalina.core.ApplicationContext.log Manager: list: Listing contexts for virtual host 'localhost'
01-Jun-2018 01:44:25.733 INFORMACIÓN [http-apr-8080-exec-340] org.apache.catalina.core.ApplicationContext.log Manager: list: Listing contexts for virtual host 'localhost'
01-Jun-2018 01:44:25.741 INFORMACIÓN [http-apr-8080-exec-377] org.apache.catalina.core.ApplicationContext.log Manager: undeploy: Undeploying web application at '/EPE1'
01-Jun-2018 01:44:26.274 INFORMACIÓN [http-apr-8080-exec-341] org.apache.catalina.core.ApplicationContext.log Manager: install: Installing context configuration at 'file:/C:/Users/MICHAE~1/AppData/Local/Temp/context519947259539598829.xml'
01-Jun-2018 01:44:26.454 INFORMACIÓN [http-apr-8080-exec-371] org.apache.catalina.core.ApplicationContext.log Manager: start: Starting web application '/EPE1'
01-Jun-2018 01:48:13.773 INFORMACIÓN [http-apr-8080-exec-385] org.apache.catalina.core.ApplicationContext.log Manager: list: Listing contexts for virtual host 'localhost'
01-Jun-2018 01:48:13.778 INFORMACIÓN [http-apr-8080-exec-380] org.apache.catalina.core.ApplicationContext.log Manager: list: Listing contexts for virtual host 'localhost'
01-Jun-2018 01:48:13.813 INFORMACIÓN [http-apr-8080-exec-378] org.apache.catalina.core.ApplicationContext.log Manager: undeploy: Undeploying web application at '/EPE1'
01-Jun-2018 01:48:14.381 INFORMACIÓN [http-apr-8080-exec-381] org.apache.catalina.core.ApplicationContext.log Manager: install: Installing context configuration at 'file:/C:/Users/MICHAE~1/AppData/Local/Temp/context8845239171817986389.xml'
01-Jun-2018 01:48:14.594 INFORMACIÓN [http-apr-8080-exec-371] org.apache.catalina.core.ApplicationContext.log Manager: start: Starting web application '/EPE1'
01-Jun-2018 01:49:37.717 INFORMACIÓN [http-apr-8080-exec-382] org.apache.catalina.core.ApplicationContext.log Manager: list: Listing contexts for virtual host 'localhost'
01-Jun-2018 01:49:37.720 INFORMACIÓN [http-apr-8080-exec-387] org.apache.catalina.core.ApplicationContext.log Manager: list: Listing contexts for virtual host 'localhost'
01-Jun-2018 01:49:37.729 INFORMACIÓN [http-apr-8080-exec-388] org.apache.catalina.core.ApplicationContext.log Manager: undeploy: Undeploying web application at '/EPE1'
01-Jun-2018 01:49:38.270 INFORMACIÓN [http-apr-8080-exec-383] org.apache.catalina.core.ApplicationContext.log Manager: install: Installing context configuration at 'file:/C:/Users/MICHAE~1/AppData/Local/Temp/context2808611525444170466.xml'
01-Jun-2018 01:49:38.460 INFORMACIÓN [http-apr-8080-exec-371] org.apache.catalina.core.ApplicationContext.log Manager: start: Starting web application '/EPE1'
01-Jun-2018 01:50:48.309 INFORMACIÓN [http-apr-8080-exec-397] org.apache.catalina.core.ApplicationContext.log Manager: list: Listing contexts for virtual host 'localhost'
01-Jun-2018 01:50:48.312 INFORMACIÓN [http-apr-8080-exec-392] org.apache.catalina.core.ApplicationContext.log Manager: list: Listing contexts for virtual host 'localhost'
01-Jun-2018 01:50:48.321 INFORMACIÓN [http-apr-8080-exec-393] org.apache.catalina.core.ApplicationContext.log Manager: undeploy: Undeploying web application at '/EPE1'
01-Jun-2018 01:50:48.852 INFORMACIÓN [http-apr-8080-exec-390] org.apache.catalina.core.ApplicationContext.log Manager: install: Installing context configuration at 'file:/C:/Users/MICHAE~1/AppData/Local/Temp/context4415820661774610539.xml'
01-Jun-2018 01:50:49.027 INFORMACIÓN [http-apr-8080-exec-392] org.apache.catalina.core.ApplicationContext.log Manager: start: Starting web application '/EPE1'
01-Jun-2018 01:52:02.367 INFORMACIÓN [http-apr-8080-exec-404] org.apache.catalina.core.ApplicationContext.log Manager: list: Listing contexts for virtual host 'localhost'
01-Jun-2018 01:52:02.370 INFORMACIÓN [http-apr-8080-exec-398] org.apache.catalina.core.ApplicationContext.log Manager: list: Listing contexts for virtual host 'localhost'
01-Jun-2018 01:52:02.379 INFORMACIÓN [http-apr-8080-exec-399] org.apache.catalina.core.ApplicationContext.log Manager: undeploy: Undeploying web application at '/EPE1'
01-Jun-2018 01:52:02.912 INFORMACIÓN [http-apr-8080-exec-398] org.apache.catalina.core.ApplicationContext.log Manager: install: Installing context configuration at 'file:/C:/Users/MICHAE~1/AppData/Local/Temp/context138498299897922010.xml'
01-Jun-2018 01:52:03.104 INFORMACIÓN [http-apr-8080-exec-406] org.apache.catalina.core.ApplicationContext.log Manager: start: Starting web application '/EPE1'
01-Jun-2018 01:52:47.895 INFORMACIÓN [http-apr-8080-exec-402] org.apache.catalina.core.ApplicationContext.log Manager: list: Listing contexts for virtual host 'localhost'
01-Jun-2018 01:52:47.898 INFORMACIÓN [http-apr-8080-exec-409] org.apache.catalina.core.ApplicationContext.log Manager: list: Listing contexts for virtual host 'localhost'
01-Jun-2018 01:52:47.907 INFORMACIÓN [http-apr-8080-exec-410] org.apache.catalina.core.ApplicationContext.log Manager: undeploy: Undeploying web application at '/EPE1'
01-Jun-2018 01:52:48.441 INFORMACIÓN [http-apr-8080-exec-406] org.apache.catalina.core.ApplicationContext.log Manager: install: Installing context configuration at 'file:/C:/Users/MICHAE~1/AppData/Local/Temp/context2880676168696937335.xml'
01-Jun-2018 01:52:48.633 INFORMACIÓN [http-apr-8080-exec-404] org.apache.catalina.core.ApplicationContext.log Manager: start: Starting web application '/EPE1'
01-Jun-2018 01:53:39.215 INFORMACIÓN [http-apr-8080-exec-414] org.apache.catalina.core.ApplicationContext.log Manager: list: Listing contexts for virtual host 'localhost'
01-Jun-2018 01:53:39.218 INFORMACIÓN [http-apr-8080-exec-415] org.apache.catalina.core.ApplicationContext.log Manager: list: Listing contexts for virtual host 'localhost'
01-Jun-2018 01:53:39.227 INFORMACIÓN [http-apr-8080-exec-416] org.apache.catalina.core.ApplicationContext.log Manager: undeploy: Undeploying web application at '/EPE1'
01-Jun-2018 01:53:39.780 INFORMACIÓN [http-apr-8080-exec-414] org.apache.catalina.core.ApplicationContext.log Manager: install: Installing context configuration at 'file:/C:/Users/MICHAE~1/AppData/Local/Temp/context5162206942765490953.xml'
01-Jun-2018 01:53:39.963 INFORMACIÓN [http-apr-8080-exec-410] org.apache.catalina.core.ApplicationContext.log Manager: start: Starting web application '/EPE1'
01-Jun-2018 02:01:24.110 INFORMACIÓN [http-apr-8080-exec-424] org.apache.catalina.core.ApplicationContext.log Manager: list: Listing contexts for virtual host 'localhost'
01-Jun-2018 02:03:20.737 INFORMACIÓN [http-apr-8080-exec-424] org.apache.catalina.core.ApplicationContext.log Manager: list: Listing contexts for virtual host 'localhost'
01-Jun-2018 02:03:20.740 INFORMACIÓN [http-apr-8080-exec-425] org.apache.catalina.core.ApplicationContext.log Manager: list: Listing contexts for virtual host 'localhost'
01-Jun-2018 02:03:20.748 INFORMACIÓN [http-apr-8080-exec-426] org.apache.catalina.core.ApplicationContext.log Manager: undeploy: Undeploying web application at '/EPE1'
01-Jun-2018 02:03:21.278 INFORMACIÓN [http-apr-8080-exec-424] org.apache.catalina.core.ApplicationContext.log Manager: install: Installing context configuration at 'file:/C:/Users/MICHAE~1/AppData/Local/Temp/context4554554511393947562.xml'
01-Jun-2018 02:03:21.455 INFORMACIÓN [http-apr-8080-exec-420] org.apache.catalina.core.ApplicationContext.log Manager: start: Starting web application '/EPE1'
01-Jun-2018 02:03:59.699 INFORMACIÓN [http-apr-8080-exec-434] org.apache.catalina.core.ApplicationContext.log Manager: list: Listing contexts for virtual host 'localhost'
01-Jun-2018 02:03:59.702 INFORMACIÓN [http-apr-8080-exec-428] org.apache.catalina.core.ApplicationContext.log Manager: list: Listing contexts for virtual host 'localhost'
01-Jun-2018 02:03:59.712 INFORMACIÓN [http-apr-8080-exec-435] org.apache.catalina.core.ApplicationContext.log Manager: undeploy: Undeploying web application at '/EPE1'
01-Jun-2018 02:04:00.257 INFORMACIÓN [http-apr-8080-exec-429] org.apache.catalina.core.ApplicationContext.log Manager: install: Installing context configuration at 'file:/C:/Users/MICHAE~1/AppData/Local/Temp/context6152117747195392150.xml'
01-Jun-2018 02:04:00.435 INFORMACIÓN [http-apr-8080-exec-423] org.apache.catalina.core.ApplicationContext.log Manager: start: Starting web application '/EPE1'
01-Jun-2018 02:05:05.162 INFORMACIÓN [http-apr-8080-exec-433] org.apache.catalina.core.ApplicationContext.log Manager: list: Listing contexts for virtual host 'localhost'
01-Jun-2018 02:05:05.165 INFORMACIÓN [http-apr-8080-exec-436] org.apache.catalina.core.ApplicationContext.log Manager: list: Listing contexts for virtual host 'localhost'
01-Jun-2018 02:05:05.173 INFORMACIÓN [http-apr-8080-exec-437] org.apache.catalina.core.ApplicationContext.log Manager: undeploy: Undeploying web application at '/EPE1'
01-Jun-2018 02:05:05.707 INFORMACIÓN [http-apr-8080-exec-439] org.apache.catalina.core.ApplicationContext.log Manager: install: Installing context configuration at 'file:/C:/Users/MICHAE~1/AppData/Local/Temp/context7126307114843868486.xml'
01-Jun-2018 02:05:05.926 INFORMACIÓN [http-apr-8080-exec-441] org.apache.catalina.core.ApplicationContext.log Manager: start: Starting web application '/EPE1'
01-Jun-2018 02:09:23.029 INFORMACIÓN [http-apr-8080-exec-452] org.apache.catalina.core.ApplicationContext.log Manager: list: Listing contexts for virtual host 'localhost'
01-Jun-2018 02:09:23.032 INFORMACIÓN [http-apr-8080-exec-443] org.apache.catalina.core.ApplicationContext.log Manager: list: Listing contexts for virtual host 'localhost'
01-Jun-2018 02:09:23.042 INFORMACIÓN [http-apr-8080-exec-444] org.apache.catalina.core.ApplicationContext.log Manager: undeploy: Undeploying web application at '/EPE1'
01-Jun-2018 02:09:23.575 INFORMACIÓN [http-apr-8080-exec-443] org.apache.catalina.core.ApplicationContext.log Manager: install: Installing context configuration at 'file:/C:/Users/MICHAE~1/AppData/Local/Temp/context417746152721253252.xml'
01-Jun-2018 02:09:23.761 INFORMACIÓN [http-apr-8080-exec-451] org.apache.catalina.core.ApplicationContext.log Manager: start: Starting web application '/EPE1'
01-Jun-2018 02:24:45.454 INFORMACIÓN [http-apr-8080-exec-462] org.apache.catalina.core.ApplicationContext.log Manager: list: Listing contexts for virtual host 'localhost'
01-Jun-2018 02:24:45.457 INFORMACIÓN [http-apr-8080-exec-456] org.apache.catalina.core.ApplicationContext.log Manager: list: Listing contexts for virtual host 'localhost'
01-Jun-2018 02:24:45.466 INFORMACIÓN [http-apr-8080-exec-457] org.apache.catalina.core.ApplicationContext.log Manager: undeploy: Undeploying web application at '/EPE1'
01-Jun-2018 02:24:46.015 INFORMACIÓN [http-apr-8080-exec-460] org.apache.catalina.core.ApplicationContext.log Manager: install: Installing context configuration at 'file:/C:/Users/MICHAE~1/AppData/Local/Temp/context5702729302426574882.xml'
01-Jun-2018 02:24:46.201 INFORMACIÓN [http-apr-8080-exec-456] org.apache.catalina.core.ApplicationContext.log Manager: start: Starting web application '/EPE1'
01-Jun-2018 02:25:36.650 INFORMACIÓN [http-apr-8080-exec-467] org.apache.catalina.core.ApplicationContext.log Manager: list: Listing contexts for virtual host 'localhost'
01-Jun-2018 02:25:36.653 INFORMACIÓN [http-apr-8080-exec-468] org.apache.catalina.core.ApplicationContext.log Manager: list: Listing contexts for virtual host 'localhost'
01-Jun-2018 02:25:36.662 INFORMACIÓN [http-apr-8080-exec-462] org.apache.catalina.core.ApplicationContext.log Manager: undeploy: Undeploying web application at '/EPE1'
01-Jun-2018 02:25:37.213 INFORMACIÓN [http-apr-8080-exec-460] org.apache.catalina.core.ApplicationContext.log Manager: install: Installing context configuration at 'file:/C:/Users/MICHAE~1/AppData/Local/Temp/context4384734576652381056.xml'
01-Jun-2018 02:25:37.391 INFORMACIÓN [http-apr-8080-exec-466] org.apache.catalina.core.ApplicationContext.log Manager: start: Starting web application '/EPE1'
01-Jun-2018 02:26:02.010 INFORMACIÓN [http-apr-8080-exec-456] org.apache.catalina.core.ApplicationContext.log Manager: list: Listing contexts for virtual host 'localhost'
01-Jun-2018 02:26:02.013 INFORMACIÓN [http-apr-8080-exec-471] org.apache.catalina.core.ApplicationContext.log Manager: list: Listing contexts for virtual host 'localhost'
01-Jun-2018 02:26:02.022 INFORMACIÓN [http-apr-8080-exec-473] org.apache.catalina.core.ApplicationContext.log Manager: undeploy: Undeploying web application at '/EPE1'
01-Jun-2018 02:26:02.560 INFORMACIÓN [http-apr-8080-exec-466] org.apache.catalina.core.ApplicationContext.log Manager: install: Installing context configuration at 'file:/C:/Users/MICHAE~1/AppData/Local/Temp/context4426545664159556396.xml'
01-Jun-2018 02:26:02.742 INFORMACIÓN [http-apr-8080-exec-470] org.apache.catalina.core.ApplicationContext.log Manager: start: Starting web application '/EPE1'
01-Jun-2018 02:27:24.003 INFORMACIÓN [http-apr-8080-exec-478] org.apache.catalina.core.ApplicationContext.log Manager: list: Listing contexts for virtual host 'localhost'
01-Jun-2018 02:27:24.006 INFORMACIÓN [http-apr-8080-exec-479] org.apache.catalina.core.ApplicationContext.log Manager: list: Listing contexts for virtual host 'localhost'
01-Jun-2018 02:27:24.016 INFORMACIÓN [http-apr-8080-exec-475] org.apache.catalina.core.ApplicationContext.log Manager: undeploy: Undeploying web application at '/EPE1'
01-Jun-2018 02:27:24.566 INFORMACIÓN [http-apr-8080-exec-476] org.apache.catalina.core.ApplicationContext.log Manager: install: Installing context configuration at 'file:/C:/Users/MICHAE~1/AppData/Local/Temp/context1201271325489306300.xml'
01-Jun-2018 02:27:24.746 INFORMACIÓN [http-apr-8080-exec-481] org.apache.catalina.core.ApplicationContext.log Manager: start: Starting web application '/EPE1'
01-Jun-2018 02:28:19.461 INFORMACIÓN [http-apr-8080-exec-480] org.apache.catalina.core.ApplicationContext.log Manager: list: Listing contexts for virtual host 'localhost'
01-Jun-2018 02:28:19.464 INFORMACIÓN [http-apr-8080-exec-484] org.apache.catalina.core.ApplicationContext.log Manager: list: Listing contexts for virtual host 'localhost'
01-Jun-2018 02:28:19.473 INFORMACIÓN [http-apr-8080-exec-477] org.apache.catalina.core.ApplicationContext.log Manager: undeploy: Undeploying web application at '/EPE1'
01-Jun-2018 02:28:20.007 INFORMACIÓN [http-apr-8080-exec-476] org.apache.catalina.core.ApplicationContext.log Manager: install: Installing context configuration at 'file:/C:/Users/MICHAE~1/AppData/Local/Temp/context6167536741394012018.xml'
01-Jun-2018 02:28:20.254 INFORMACIÓN [http-apr-8080-exec-484] org.apache.catalina.core.ApplicationContext.log Manager: start: Starting web application '/EPE1'
01-Jun-2018 02:30:40.803 INFORMACIÓN [http-apr-8080-exec-490] org.apache.catalina.core.ApplicationContext.log Manager: list: Listing contexts for virtual host 'localhost'
01-Jun-2018 02:30:46.293 INFORMACIÓN [http-apr-8080-exec-490] org.apache.catalina.core.ApplicationContext.log Manager: list: Listing contexts for virtual host 'localhost'
01-Jun-2018 02:30:46.295 INFORMACIÓN [http-apr-8080-exec-492] org.apache.catalina.core.ApplicationContext.log Manager: list: Listing contexts for virtual host 'localhost'
01-Jun-2018 02:30:46.304 INFORMACIÓN [http-apr-8080-exec-484] org.apache.catalina.core.ApplicationContext.log Manager: undeploy: Undeploying web application at '/EPE1'
01-Jun-2018 02:30:46.849 INFORMACIÓN [http-apr-8080-exec-487] org.apache.catalina.core.ApplicationContext.log Manager: install: Installing context configuration at 'file:/C:/Users/MICHAE~1/AppData/Local/Temp/context1678477744693316626.xml'
01-Jun-2018 02:30:47.044 INFORMACIÓN [http-apr-8080-exec-486] org.apache.catalina.core.ApplicationContext.log Manager: start: Starting web application '/EPE1'
01-Jun-2018 02:32:33.149 INFORMACIÓN [http-apr-8080-exec-483] org.apache.catalina.core.ApplicationContext.log Manager: list: Listing contexts for virtual host 'localhost'
01-Jun-2018 02:32:33.157 INFORMACIÓN [http-apr-8080-exec-496] org.apache.catalina.core.ApplicationContext.log Manager: undeploy: Undeploying web application at '/EPE1'
01-Jun-2018 02:39:29.378 INFORMACIÓN [http-apr-8080-exec-486] org.apache.catalina.core.ApplicationContext.log Manager: list: Listing contexts for virtual host 'localhost'
01-Jun-2018 02:40:05.272 INFORMACIÓN [http-apr-8080-exec-497] org.apache.catalina.core.ApplicationContext.log Manager: list: Listing contexts for virtual host 'localhost'
01-Jun-2018 02:40:07.071 INFORMACIÓN [http-apr-8080-exec-500] org.apache.catalina.core.ApplicationContext.log Manager: list: Listing contexts for virtual host 'localhost'
01-Jun-2018 02:40:08.130 INFORMACIÓN [http-apr-8080-exec-507] org.apache.catalina.core.ApplicationContext.log Manager: list: Listing contexts for virtual host 'localhost'
01-Jun-2018 02:40:26.381 INFORMACIÓN [http-apr-8080-exec-503] org.apache.catalina.core.ApplicationContext.log Manager: list: Listing contexts for virtual host 'localhost'
01-Jun-2018 02:40:27.022 INFORMACIÓN [http-apr-8080-exec-504] org.apache.catalina.core.ApplicationContext.log Manager: list: Listing contexts for virtual host 'localhost'
01-Jun-2018 02:41:04.937 INFORMACIÓN [http-apr-8080-exec-504] org.apache.catalina.core.ApplicationContext.log Manager: list: Listing contexts for virtual host 'localhost'
01-Jun-2018 02:41:04.940 INFORMACIÓN [http-apr-8080-exec-499] org.apache.catalina.core.ApplicationContext.log Manager: list: Listing contexts for virtual host 'localhost'
01-Jun-2018 02:41:04.954 INFORMACIÓN [http-apr-8080-exec-500] org.apache.catalina.core.ApplicationContext.log Manager: install: Installing context configuration at 'file:/C:/Users/MICHAE~1/AppData/Local/Temp/context8741153087149261005.xml'
01-Jun-2018 02:41:05.200 INFORMACIÓN [http-apr-8080-exec-501] org.apache.catalina.core.ApplicationContext.log Manager: start: Starting web application '/EPE1'
01-Jun-2018 02:43:42.193 INFORMACIÓN [http-apr-8080-exec-501] org.apache.catalina.core.ApplicationContext.log Manager: list: Listing contexts for virtual host 'localhost'
01-Jun-2018 02:43:50.110 INFORMACIÓN [http-apr-8080-exec-499] org.apache.catalina.core.ApplicationContext.log Manager: list: Listing contexts for virtual host 'localhost'
01-Jun-2018 02:43:51.703 INFORMACIÓN [http-apr-8080-exec-505] org.apache.catalina.core.ApplicationContext.log Manager: list: Listing contexts for virtual host 'localhost'
01-Jun-2018 02:44:50.388 INFORMACIÓN [http-apr-8080-exec-505] org.apache.catalina.core.ApplicationContext.log Manager: list: Listing contexts for virtual host 'localhost'
01-Jun-2018 02:44:50.391 INFORMACIÓN [http-apr-8080-exec-507] org.apache.catalina.core.ApplicationContext.log Manager: list: Listing contexts for virtual host 'localhost'
01-Jun-2018 02:44:50.400 INFORMACIÓN [http-apr-8080-exec-508] org.apache.catalina.core.ApplicationContext.log Manager: undeploy: Undeploying web application at '/EPE1'
01-Jun-2018 02:44:50.951 INFORMACIÓN [http-apr-8080-exec-502] org.apache.catalina.core.ApplicationContext.log Manager: install: Installing context configuration at 'file:/C:/Users/MICHAE~1/AppData/Local/Temp/context5016726040599761370.xml'
01-Jun-2018 02:44:51.556 INFORMACIÓN [http-apr-8080-exec-500] org.apache.catalina.core.ApplicationContext.log Manager: start: Starting web application '/EPE1'
01-Jun-2018 02:45:06.805 INFORMACIÓN [http-apr-8080-exec-511] org.apache.catalina.core.ApplicationContext.log Manager: list: Listing contexts for virtual host 'localhost'
01-Jun-2018 02:45:06.808 INFORMACIÓN [http-apr-8080-exec-512] org.apache.catalina.core.ApplicationContext.log Manager: list: Listing contexts for virtual host 'localhost'
01-Jun-2018 02:45:06.816 INFORMACIÓN [http-apr-8080-exec-499] org.apache.catalina.core.ApplicationContext.log Manager: undeploy: Undeploying web application at '/EPE1'
01-Jun-2018 02:45:07.379 INFORMACIÓN [http-apr-8080-exec-501] org.apache.catalina.core.ApplicationContext.log Manager: install: Installing context configuration at 'file:/C:/Users/MICHAE~1/AppData/Local/Temp/context3717529165533058210.xml'
01-Jun-2018 02:45:07.635 INFORMACIÓN [http-apr-8080-exec-509] org.apache.catalina.core.ApplicationContext.log Manager: start: Starting web application '/EPE1'
01-Jun-2018 02:46:48.670 INFORMACIÓN [http-apr-8080-exec-502] org.apache.catalina.core.ApplicationContext.log Manager: list: Listing contexts for virtual host 'localhost'
01-Jun-2018 02:46:48.673 INFORMACIÓN [http-apr-8080-exec-513] org.apache.catalina.core.ApplicationContext.log Manager: list: Listing contexts for virtual host 'localhost'
01-Jun-2018 02:46:48.682 INFORMACIÓN [http-apr-8080-exec-514] org.apache.catalina.core.ApplicationContext.log Manager: undeploy: Undeploying web application at '/EPE1'
01-Jun-2018 02:46:49.218 INFORMACIÓN [http-apr-8080-exec-513] org.apache.catalina.core.ApplicationContext.log Manager: install: Installing context configuration at 'file:/C:/Users/MICHAE~1/AppData/Local/Temp/context6816336893994306404.xml'
01-Jun-2018 02:46:49.467 INFORMACIÓN [http-apr-8080-exec-502] org.apache.catalina.core.ApplicationContext.log Manager: start: Starting web application '/EPE1'
01-Jun-2018 02:47:45.645 INFORMACIÓN [http-apr-8080-exec-520] org.apache.catalina.core.ApplicationContext.log Manager: list: Listing contexts for virtual host 'localhost'
01-Jun-2018 02:47:45.648 INFORMACIÓN [http-apr-8080-exec-521] org.apache.catalina.core.ApplicationContext.log Manager: list: Listing contexts for virtual host 'localhost'
01-Jun-2018 02:47:45.656 INFORMACIÓN [http-apr-8080-exec-515] org.apache.catalina.core.ApplicationContext.log Manager: undeploy: Undeploying web application at '/EPE1'
01-Jun-2018 02:47:46.212 INFORMACIÓN [http-apr-8080-exec-502] org.apache.catalina.core.ApplicationContext.log Manager: install: Installing context configuration at 'file:/C:/Users/MICHAE~1/AppData/Local/Temp/context722280153999721785.xml'
01-Jun-2018 02:47:46.453 INFORMACIÓN [http-apr-8080-exec-521] org.apache.catalina.core.ApplicationContext.log Manager: start: Starting web application '/EPE1'
01-Jun-2018 02:49:10.126 INFORMACIÓN [http-apr-8080-exec-527] org.apache.catalina.core.ApplicationContext.log Manager: list: Listing contexts for virtual host 'localhost'
01-Jun-2018 02:49:10.128 INFORMACIÓN [http-apr-8080-exec-522] org.apache.catalina.core.ApplicationContext.log Manager: list: Listing contexts for virtual host 'localhost'
01-Jun-2018 02:49:10.136 INFORMACIÓN [http-apr-8080-exec-523] org.apache.catalina.core.ApplicationContext.log Manager: undeploy: Undeploying web application at '/EPE1'
01-Jun-2018 02:49:10.673 INFORMACIÓN [http-apr-8080-exec-521] org.apache.catalina.core.ApplicationContext.log Manager: install: Installing context configuration at 'file:/C:/Users/MICHAE~1/AppData/Local/Temp/context3394336141357424802.xml'
01-Jun-2018 02:49:10.913 INFORMACIÓN [http-apr-8080-exec-522] org.apache.catalina.core.ApplicationContext.log Manager: start: Starting web application '/EPE1'
01-Jun-2018 02:50:55.415 INFORMACIÓN [http-apr-8080-exec-532] org.apache.catalina.core.ApplicationContext.log Manager: list: Listing contexts for virtual host 'localhost'
01-Jun-2018 02:50:55.418 INFORMACIÓN [http-apr-8080-exec-529] org.apache.catalina.core.ApplicationContext.log Manager: list: Listing contexts for virtual host 'localhost'
01-Jun-2018 02:50:55.427 INFORMACIÓN [http-apr-8080-exec-530] org.apache.catalina.core.ApplicationContext.log Manager: undeploy: Undeploying web application at '/EPE1'
01-Jun-2018 02:50:55.992 INFORMACIÓN [http-apr-8080-exec-529] org.apache.catalina.core.ApplicationContext.log Manager: install: Installing context configuration at 'file:/C:/Users/MICHAE~1/AppData/Local/Temp/context2011437981530081980.xml'
01-Jun-2018 02:50:56.262 INFORMACIÓN [http-apr-8080-exec-522] org.apache.catalina.core.ApplicationContext.log Manager: start: Starting web application '/EPE1'
01-Jun-2018 02:52:14.769 INFORMACIÓN [http-apr-8080-exec-543] org.apache.catalina.core.ApplicationContext.log Manager: list: Listing contexts for virtual host 'localhost'
01-Jun-2018 02:52:14.772 INFORMACIÓN [http-apr-8080-exec-536] org.apache.catalina.core.ApplicationContext.log Manager: list: Listing contexts for virtual host 'localhost'
01-Jun-2018 02:52:14.780 INFORMACIÓN [http-apr-8080-exec-537] org.apache.catalina.core.ApplicationContext.log Manager: undeploy: Undeploying web application at '/EPE1'
01-Jun-2018 02:52:15.349 INFORMACIÓN [http-apr-8080-exec-542] org.apache.catalina.core.ApplicationContext.log Manager: install: Installing context configuration at 'file:/C:/Users/MICHAE~1/AppData/Local/Temp/context8301780168682608602.xml'
01-Jun-2018 02:52:15.597 INFORMACIÓN [http-apr-8080-exec-539] org.apache.catalina.core.ApplicationContext.log Manager: start: Starting web application '/EPE1'
01-Jun-2018 02:52:43.408 INFORMACIÓN [http-apr-8080-exec-547] org.apache.catalina.core.ApplicationContext.log Manager: list: Listing contexts for virtual host 'localhost'
01-Jun-2018 02:52:43.411 INFORMACIÓN [http-apr-8080-exec-548] org.apache.catalina.core.ApplicationContext.log Manager: list: Listing contexts for virtual host 'localhost'
01-Jun-2018 02:52:43.419 INFORMACIÓN [http-apr-8080-exec-540] org.apache.catalina.core.ApplicationContext.log Manager: undeploy: Undeploying web application at '/EPE1'
01-Jun-2018 02:52:43.972 INFORMACIÓN [http-apr-8080-exec-547] org.apache.catalina.core.ApplicationContext.log Manager: install: Installing context configuration at 'file:/C:/Users/MICHAE~1/AppData/Local/Temp/context3165053542168642175.xml'
01-Jun-2018 02:52:44.229 INFORMACIÓN [http-apr-8080-exec-542] org.apache.catalina.core.ApplicationContext.log Manager: start: Starting web application '/EPE1'
