20-Apr-2018 11:44:59.915 INFORMACIÓN [http-apr-8080-exec-1] org.apache.catalina.core.ApplicationContext.log Manager: init: Associated with Deployer 'Catalina:type=Deployer,host=localhost'
20-Apr-2018 11:44:59.915 INFORMACIÓN [http-apr-8080-exec-1] org.apache.catalina.core.ApplicationContext.log Manager: init: Global resources are available
20-Apr-2018 11:44:59.915 INFORMACIÓN [http-apr-8080-exec-1] org.apache.catalina.core.ApplicationContext.log Manager: list: Listing contexts for virtual host 'localhost'
20-Apr-2018 11:44:59.931 INFORMACIÓN [http-apr-8080-exec-2] org.apache.catalina.core.ApplicationContext.log Manager: list: Listing contexts for virtual host 'localhost'
20-Apr-2018 11:45:00.103 INFORMACIÓN [http-apr-8080-exec-6] org.apache.catalina.core.ApplicationContext.log Manager: undeploy: Undeploying web application at '/trabajo'
20-Apr-2018 11:45:00.743 INFORMACIÓN [http-apr-8080-exec-8] org.apache.catalina.core.ApplicationContext.log Manager: install: Installing context configuration at 'file:/C:/Users/Dilan/AppData/Local/Temp/context3264991441503002960.xml'
20-Apr-2018 11:45:00.868 INFORMACIÓN [http-apr-8080-exec-2] org.apache.catalina.core.ApplicationContext.log Manager: start: Starting web application '/trabajo'
20-Apr-2018 11:53:36.064 INFORMACIÓN [http-apr-8080-exec-19] org.apache.catalina.core.ApplicationContext.log Manager: list: Listing contexts for virtual host 'localhost'
20-Apr-2018 11:53:36.080 INFORMACIÓN [http-apr-8080-exec-11] org.apache.catalina.core.ApplicationContext.log Manager: undeploy: Undeploying web application at '/trabajo'
20-Apr-2018 11:53:36.627 INFORMACIÓN [http-apr-8080-exec-17] org.apache.catalina.core.ApplicationContext.log Manager: install: Installing context configuration at 'file:/C:/Users/Dilan/AppData/Local/Temp/context8005234913253001028.xml'
20-Apr-2018 11:53:36.689 INFORMACIÓN [http-apr-8080-exec-18] org.apache.catalina.core.ApplicationContext.log Manager: start: Starting web application '/trabajo'
20-Apr-2018 11:53:56.516 INFORMACIÓN [http-apr-8080-exec-14] org.apache.catalina.core.ApplicationContext.log Manager: list: Listing contexts for virtual host 'localhost'
20-Apr-2018 11:53:56.528 INFORMACIÓN [http-apr-8080-exec-21] org.apache.catalina.core.ApplicationContext.log Manager: list: Listing contexts for virtual host 'localhost'
20-Apr-2018 11:53:56.600 INFORMACIÓN [http-apr-8080-exec-13] org.apache.catalina.core.ApplicationContext.log Manager: undeploy: Undeploying web application at '/trabajo'
20-Apr-2018 11:53:57.165 INFORMACIÓN [http-apr-8080-exec-23] org.apache.catalina.core.ApplicationContext.log Manager: install: Installing context configuration at 'file:/C:/Users/Dilan/AppData/Local/Temp/context1474189107615474318.xml'
20-Apr-2018 11:53:57.279 INFORMACIÓN [http-apr-8080-exec-22] org.apache.catalina.core.ApplicationContext.log Manager: start: Starting web application '/trabajo'
20-Apr-2018 13:41:56.385 INFORMACIÓN [http-apr-8080-exec-1] org.apache.catalina.core.ApplicationContext.log Manager: init: Associated with Deployer 'Catalina:type=Deployer,host=localhost'
20-Apr-2018 13:41:56.386 INFORMACIÓN [http-apr-8080-exec-1] org.apache.catalina.core.ApplicationContext.log Manager: init: Global resources are available
20-Apr-2018 13:41:56.387 INFORMACIÓN [http-apr-8080-exec-1] org.apache.catalina.core.ApplicationContext.log Manager: list: Listing contexts for virtual host 'localhost'
20-Apr-2018 13:41:56.397 INFORMACIÓN [http-apr-8080-exec-2] org.apache.catalina.core.ApplicationContext.log Manager: list: Listing contexts for virtual host 'localhost'
20-Apr-2018 13:41:56.471 INFORMACIÓN [http-apr-8080-exec-4] org.apache.catalina.core.ApplicationContext.log Manager: undeploy: Undeploying web application at '/trabajo'
20-Apr-2018 13:41:57.070 INFORMACIÓN [http-apr-8080-exec-2] org.apache.catalina.core.ApplicationContext.log Manager: install: Installing context configuration at 'file:/C:/Users/Dilan/AppData/Local/Temp/context4235052462213786356.xml'
20-Apr-2018 13:41:57.218 INFORMACIÓN [http-apr-8080-exec-3] org.apache.catalina.core.ApplicationContext.log Manager: start: Starting web application '/trabajo'
20-Apr-2018 13:46:18.038 INFORMACIÓN [http-apr-8080-exec-16] org.apache.catalina.core.ApplicationContext.log Manager: list: Listing contexts for virtual host 'localhost'
20-Apr-2018 13:46:19.608 INFORMACIÓN [http-apr-8080-exec-17] org.apache.catalina.core.ApplicationContext.log Manager: list: Listing contexts for virtual host 'localhost'
20-Apr-2018 13:46:23.179 INFORMACIÓN [http-apr-8080-exec-15] org.apache.catalina.core.ApplicationContext.log Manager: list: Listing contexts for virtual host 'localhost'
20-Apr-2018 13:48:07.433 INFORMACIÓN [http-apr-8080-exec-18] org.apache.catalina.core.ApplicationContext.log Manager: list: Listing contexts for virtual host 'localhost'
20-Apr-2018 13:48:07.438 INFORMACIÓN [http-apr-8080-exec-11] org.apache.catalina.core.ApplicationContext.log Manager: list: Listing contexts for virtual host 'localhost'
20-Apr-2018 13:48:07.471 INFORMACIÓN [http-apr-8080-exec-16] org.apache.catalina.core.ApplicationContext.log Manager: undeploy: Undeploying web application at '/trabajo'
20-Apr-2018 13:48:08.034 INFORMACIÓN [http-apr-8080-exec-12] org.apache.catalina.core.ApplicationContext.log Manager: install: Installing context configuration at 'file:/C:/Users/Dilan/AppData/Local/Temp/context1475803781804843614.xml'
20-Apr-2018 13:48:08.095 INFORMACIÓN [http-apr-8080-exec-19] org.apache.catalina.core.ApplicationContext.log Manager: start: Starting web application '/trabajo'
20-Apr-2018 13:51:33.248 INFORMACIÓN [http-apr-8080-exec-23] org.apache.catalina.core.ApplicationContext.log Manager: list: Listing contexts for virtual host 'localhost'
20-Apr-2018 13:52:47.788 INFORMACIÓN [http-apr-8080-exec-30] org.apache.catalina.core.ApplicationContext.log Manager: list: Listing contexts for virtual host 'localhost'
20-Apr-2018 13:52:47.791 INFORMACIÓN [http-apr-8080-exec-24] org.apache.catalina.core.ApplicationContext.log Manager: list: Listing contexts for virtual host 'localhost'
20-Apr-2018 13:52:47.811 INFORMACIÓN [http-apr-8080-exec-25] org.apache.catalina.core.ApplicationContext.log Manager: undeploy: Undeploying web application at '/trabajo'
20-Apr-2018 13:52:48.393 INFORMACIÓN [http-apr-8080-exec-21] org.apache.catalina.core.ApplicationContext.log Manager: install: Installing context configuration at 'file:/C:/Users/Dilan/AppData/Local/Temp/context3743708763363993643.xml'
20-Apr-2018 13:52:48.433 INFORMACIÓN [http-apr-8080-exec-26] org.apache.catalina.core.ApplicationContext.log Manager: start: Starting web application '/trabajo'
20-Apr-2018 13:54:03.500 INFORMACIÓN [http-apr-8080-exec-35] org.apache.catalina.core.ApplicationContext.log Manager: list: Listing contexts for virtual host 'localhost'
20-Apr-2018 13:54:19.768 INFORMACIÓN [http-apr-8080-exec-36] org.apache.catalina.core.ApplicationContext.log Manager: list: Listing contexts for virtual host 'localhost'
20-Apr-2018 13:54:19.771 INFORMACIÓN [http-apr-8080-exec-31] org.apache.catalina.core.ApplicationContext.log Manager: list: Listing contexts for virtual host 'localhost'
20-Apr-2018 13:54:19.796 INFORMACIÓN [http-apr-8080-exec-32] org.apache.catalina.core.ApplicationContext.log Manager: undeploy: Undeploying web application at '/trabajo'
20-Apr-2018 13:54:20.327 INFORMACIÓN [http-apr-8080-exec-38] org.apache.catalina.core.ApplicationContext.log Manager: install: Installing context configuration at 'file:/C:/Users/Dilan/AppData/Local/Temp/context3204949154964786838.xml'
20-Apr-2018 13:54:20.354 INFORMACIÓN [http-apr-8080-exec-34] org.apache.catalina.core.ApplicationContext.log Manager: start: Starting web application '/trabajo'
20-Apr-2018 14:44:49.099 INFORMACIÓN [http-apr-8080-exec-2] org.apache.catalina.core.ApplicationContext.log Manager: init: Associated with Deployer 'Catalina:type=Deployer,host=localhost'
20-Apr-2018 14:44:49.099 INFORMACIÓN [http-apr-8080-exec-2] org.apache.catalina.core.ApplicationContext.log Manager: init: Global resources are available
20-Apr-2018 14:44:49.099 INFORMACIÓN [http-apr-8080-exec-2] org.apache.catalina.core.ApplicationContext.log Manager: list: Listing contexts for virtual host 'localhost'
20-Apr-2018 14:44:49.115 INFORMACIÓN [http-apr-8080-exec-1] org.apache.catalina.core.ApplicationContext.log Manager: list: Listing contexts for virtual host 'localhost'
20-Apr-2018 14:44:49.271 INFORMACIÓN [http-apr-8080-exec-4] org.apache.catalina.core.ApplicationContext.log Manager: undeploy: Undeploying web application at '/trabajo'
20-Apr-2018 14:44:49.927 INFORMACIÓN [http-apr-8080-exec-2] org.apache.catalina.core.ApplicationContext.log Manager: install: Installing context configuration at 'file:/C:/Users/Dilan/AppData/Local/Temp/context96252867991779841.xml'
20-Apr-2018 14:44:50.021 INFORMACIÓN [http-apr-8080-exec-8] org.apache.catalina.core.ApplicationContext.log Manager: start: Starting web application '/trabajo'
20-Apr-2018 14:49:28.900 INFORMACIÓN [http-apr-8080-exec-16] org.apache.catalina.core.ApplicationContext.log Manager: list: Listing contexts for virtual host 'localhost'
20-Apr-2018 14:49:31.870 INFORMACIÓN [http-apr-8080-exec-17] org.apache.catalina.core.ApplicationContext.log Manager: list: Listing contexts for virtual host 'localhost'
20-Apr-2018 14:49:31.873 INFORMACIÓN [http-apr-8080-exec-20] org.apache.catalina.core.ApplicationContext.log Manager: list: Listing contexts for virtual host 'localhost'
20-Apr-2018 14:49:31.895 INFORMACIÓN [http-apr-8080-exec-12] org.apache.catalina.core.ApplicationContext.log Manager: undeploy: Undeploying web application at '/trabajo'
20-Apr-2018 14:49:32.456 INFORMACIÓN [http-apr-8080-exec-11] org.apache.catalina.core.ApplicationContext.log Manager: install: Installing context configuration at 'file:/C:/Users/Dilan/AppData/Local/Temp/context3128713883317011071.xml'
20-Apr-2018 14:49:32.491 INFORMACIÓN [http-apr-8080-exec-13] org.apache.catalina.core.ApplicationContext.log Manager: start: Starting web application '/trabajo'
20-Apr-2018 14:50:52.867 INFORMACIÓN [http-apr-8080-exec-23] org.apache.catalina.core.ApplicationContext.log Manager: list: Listing contexts for virtual host 'localhost'
20-Apr-2018 14:50:55.213 INFORMACIÓN [http-apr-8080-exec-16] org.apache.catalina.core.ApplicationContext.log Manager: list: Listing contexts for virtual host 'localhost'
20-Apr-2018 14:50:55.216 INFORMACIÓN [http-apr-8080-exec-15] org.apache.catalina.core.ApplicationContext.log Manager: list: Listing contexts for virtual host 'localhost'
20-Apr-2018 14:50:55.234 INFORMACIÓN [http-apr-8080-exec-21] org.apache.catalina.core.ApplicationContext.log Manager: undeploy: Undeploying web application at '/trabajo'
20-Apr-2018 14:50:55.762 INFORMACIÓN [http-apr-8080-exec-17] org.apache.catalina.core.ApplicationContext.log Manager: install: Installing context configuration at 'file:/C:/Users/Dilan/AppData/Local/Temp/context8104703104295692466.xml'
20-Apr-2018 14:50:55.800 INFORMACIÓN [http-apr-8080-exec-18] org.apache.catalina.core.ApplicationContext.log Manager: start: Starting web application '/trabajo'
20-Apr-2018 14:51:21.126 INFORMACIÓN [http-apr-8080-exec-22] org.apache.catalina.core.ApplicationContext.log Manager: list: Listing contexts for virtual host 'localhost'
20-Apr-2018 14:51:23.269 INFORMACIÓN [http-apr-8080-exec-25] org.apache.catalina.core.ApplicationContext.log Manager: list: Listing contexts for virtual host 'localhost'
20-Apr-2018 14:51:23.273 INFORMACIÓN [http-apr-8080-exec-24] org.apache.catalina.core.ApplicationContext.log Manager: list: Listing contexts for virtual host 'localhost'
20-Apr-2018 14:51:23.300 INFORMACIÓN [http-apr-8080-exec-27] org.apache.catalina.core.ApplicationContext.log Manager: undeploy: Undeploying web application at '/trabajo'
20-Apr-2018 14:51:23.831 INFORMACIÓN [http-apr-8080-exec-26] org.apache.catalina.core.ApplicationContext.log Manager: install: Installing context configuration at 'file:/C:/Users/Dilan/AppData/Local/Temp/context6705680585086360568.xml'
20-Apr-2018 14:51:23.868 INFORMACIÓN [http-apr-8080-exec-21] org.apache.catalina.core.ApplicationContext.log Manager: start: Starting web application '/trabajo'
20-Apr-2018 14:52:01.066 INFORMACIÓN [http-apr-8080-exec-29] org.apache.catalina.core.ApplicationContext.log Manager: list: Listing contexts for virtual host 'localhost'
20-Apr-2018 14:52:03.213 INFORMACIÓN [http-apr-8080-exec-28] org.apache.catalina.core.ApplicationContext.log Manager: list: Listing contexts for virtual host 'localhost'
20-Apr-2018 14:52:03.213 INFORMACIÓN [http-apr-8080-exec-14] org.apache.catalina.core.ApplicationContext.log Manager: list: Listing contexts for virtual host 'localhost'
20-Apr-2018 14:52:03.244 INFORMACIÓN [http-apr-8080-exec-30] org.apache.catalina.core.ApplicationContext.log Manager: undeploy: Undeploying web application at '/trabajo'
20-Apr-2018 14:52:03.775 INFORMACIÓN [http-apr-8080-exec-26] org.apache.catalina.core.ApplicationContext.log Manager: install: Installing context configuration at 'file:/C:/Users/Dilan/AppData/Local/Temp/context4434120364182555945.xml'
20-Apr-2018 14:52:03.838 INFORMACIÓN [http-apr-8080-exec-21] org.apache.catalina.core.ApplicationContext.log Manager: start: Starting web application '/trabajo'
20-Apr-2018 15:02:13.739 INFORMACIÓN [http-apr-8080-exec-32] org.apache.catalina.core.ApplicationContext.log Manager: list: Listing contexts for virtual host 'localhost'
20-Apr-2018 15:02:19.589 INFORMACIÓN [http-apr-8080-exec-41] org.apache.catalina.core.ApplicationContext.log Manager: list: Listing contexts for virtual host 'localhost'
20-Apr-2018 15:02:19.589 INFORMACIÓN [http-apr-8080-exec-34] org.apache.catalina.core.ApplicationContext.log Manager: list: Listing contexts for virtual host 'localhost'
20-Apr-2018 15:02:19.605 INFORMACIÓN [http-apr-8080-exec-35] org.apache.catalina.core.ApplicationContext.log Manager: undeploy: Undeploying web application at '/trabajo'
20-Apr-2018 15:02:20.163 INFORMACIÓN [http-apr-8080-exec-36] org.apache.catalina.core.ApplicationContext.log Manager: install: Installing context configuration at 'file:/C:/Users/Dilan/AppData/Local/Temp/context4114964937583189716.xml'
20-Apr-2018 15:02:20.210 INFORMACIÓN [http-apr-8080-exec-40] org.apache.catalina.core.ApplicationContext.log Manager: start: Starting web application '/trabajo'
20-Apr-2018 15:03:58.352 INFORMACIÓN [http-apr-8080-exec-41] org.apache.catalina.core.ApplicationContext.log Manager: list: Listing contexts for virtual host 'localhost'
20-Apr-2018 15:03:58.352 INFORMACIÓN [http-apr-8080-exec-42] org.apache.catalina.core.ApplicationContext.log Manager: list: Listing contexts for virtual host 'localhost'
20-Apr-2018 15:03:58.383 INFORMACIÓN [http-apr-8080-exec-45] org.apache.catalina.core.ApplicationContext.log Manager: undeploy: Undeploying web application at '/trabajo'
20-Apr-2018 15:03:58.957 INFORMACIÓN [http-apr-8080-exec-36] org.apache.catalina.core.ApplicationContext.log Manager: install: Installing context configuration at 'file:/C:/Users/Dilan/AppData/Local/Temp/context6871259369779817468.xml'
20-Apr-2018 15:03:58.989 INFORMACIÓN [http-apr-8080-exec-40] org.apache.catalina.core.ApplicationContext.log Manager: start: Starting web application '/trabajo'
20-Apr-2018 15:05:54.557 INFORMACIÓN [http-apr-8080-exec-51] org.apache.catalina.core.ApplicationContext.log Manager: list: Listing contexts for virtual host 'localhost'
20-Apr-2018 15:05:55.088 INFORMACIÓN [http-apr-8080-exec-52] org.apache.catalina.core.ApplicationContext.log Manager: list: Listing contexts for virtual host 'localhost'
20-Apr-2018 15:05:55.166 INFORMACIÓN [http-apr-8080-exec-47] org.apache.catalina.core.ApplicationContext.log Manager: list: Listing contexts for virtual host 'localhost'
20-Apr-2018 15:05:55.229 INFORMACIÓN [http-apr-8080-exec-36] org.apache.catalina.core.ApplicationContext.log Manager: list: Listing contexts for virtual host 'localhost'
20-Apr-2018 15:05:55.276 INFORMACIÓN [http-apr-8080-exec-38] org.apache.catalina.core.ApplicationContext.log Manager: list: Listing contexts for virtual host 'localhost'
20-Apr-2018 15:05:55.369 INFORMACIÓN [http-apr-8080-exec-48] org.apache.catalina.core.ApplicationContext.log Manager: list: Listing contexts for virtual host 'localhost'
20-Apr-2018 15:05:55.432 INFORMACIÓN [http-apr-8080-exec-40] org.apache.catalina.core.ApplicationContext.log Manager: list: Listing contexts for virtual host 'localhost'
20-Apr-2018 15:05:58.185 INFORMACIÓN [http-apr-8080-exec-36] org.apache.catalina.core.ApplicationContext.log Manager: list: Listing contexts for virtual host 'localhost'
20-Apr-2018 15:05:58.248 INFORMACIÓN [http-apr-8080-exec-53] org.apache.catalina.core.ApplicationContext.log Manager: list: Listing contexts for virtual host 'localhost'
20-Apr-2018 15:06:02.579 INFORMACIÓN [http-apr-8080-exec-52] org.apache.catalina.core.ApplicationContext.log Manager: list: Listing contexts for virtual host 'localhost'
20-Apr-2018 15:06:02.606 INFORMACIÓN [http-apr-8080-exec-47] org.apache.catalina.core.ApplicationContext.log Manager: list: Listing contexts for virtual host 'localhost'
20-Apr-2018 15:06:04.100 INFORMACIÓN [http-apr-8080-exec-54] org.apache.catalina.core.ApplicationContext.log Manager: list: Listing contexts for virtual host 'localhost'
20-Apr-2018 15:06:04.133 INFORMACIÓN [http-apr-8080-exec-53] org.apache.catalina.core.ApplicationContext.log Manager: list: Listing contexts for virtual host 'localhost'
20-Apr-2018 15:06:10.068 INFORMACIÓN [http-apr-8080-exec-53] org.apache.catalina.core.ApplicationContext.log Manager: list: Listing contexts for virtual host 'localhost'
20-Apr-2018 15:06:10.130 INFORMACIÓN [http-apr-8080-exec-48] org.apache.catalina.core.ApplicationContext.log Manager: list: Listing contexts for virtual host 'localhost'
20-Apr-2018 15:06:25.161 INFORMACIÓN [http-apr-8080-exec-52] org.apache.catalina.core.ApplicationContext.log Manager: list: Listing contexts for virtual host 'localhost'
20-Apr-2018 15:06:25.176 INFORMACIÓN [http-apr-8080-exec-53] org.apache.catalina.core.ApplicationContext.log Manager: list: Listing contexts for virtual host 'localhost'
20-Apr-2018 15:06:25.192 INFORMACIÓN [http-apr-8080-exec-50] org.apache.catalina.core.ApplicationContext.log Manager: undeploy: Undeploying web application at '/trabajo'
20-Apr-2018 15:06:25.753 INFORMACIÓN [http-apr-8080-exec-51] org.apache.catalina.core.ApplicationContext.log Manager: install: Installing context configuration at 'file:/C:/Users/Dilan/AppData/Local/Temp/context6471922762545985517.xml'
20-Apr-2018 15:06:25.784 INFORMACIÓN [http-apr-8080-exec-55] org.apache.catalina.core.ApplicationContext.log Manager: start: Starting web application '/trabajo'
20-Apr-2018 15:11:18.634 INFORMACIÓN [http-apr-8080-exec-52] org.apache.catalina.core.ApplicationContext.log Manager: list: Listing contexts for virtual host 'localhost'
20-Apr-2018 15:11:18.636 INFORMACIÓN [http-apr-8080-exec-57] org.apache.catalina.core.ApplicationContext.log Manager: list: Listing contexts for virtual host 'localhost'
20-Apr-2018 15:11:18.661 INFORMACIÓN [http-apr-8080-exec-56] org.apache.catalina.core.ApplicationContext.log Manager: undeploy: Undeploying web application at '/trabajo'
20-Apr-2018 15:11:19.226 INFORMACIÓN [http-apr-8080-exec-57] org.apache.catalina.core.ApplicationContext.log Manager: install: Installing context configuration at 'file:/C:/Users/Dilan/AppData/Local/Temp/context940579855939960421.xml'
20-Apr-2018 15:11:19.274 INFORMACIÓN [http-apr-8080-exec-59] org.apache.catalina.core.ApplicationContext.log Manager: start: Starting web application '/trabajo'
20-Apr-2018 15:18:18.220 INFORMACIÓN [http-apr-8080-exec-72] org.apache.catalina.core.ApplicationContext.log Manager: list: Listing contexts for virtual host 'localhost'
20-Apr-2018 15:18:28.128 INFORMACIÓN [http-apr-8080-exec-64] org.apache.catalina.core.ApplicationContext.log Manager: list: Listing contexts for virtual host 'localhost'
20-Apr-2018 15:18:28.133 INFORMACIÓN [http-apr-8080-exec-65] org.apache.catalina.core.ApplicationContext.log Manager: list: Listing contexts for virtual host 'localhost'
20-Apr-2018 15:18:28.156 INFORMACIÓN [http-apr-8080-exec-66] org.apache.catalina.core.ApplicationContext.log Manager: undeploy: Undeploying web application at '/trabajo'
20-Apr-2018 15:18:28.687 INFORMACIÓN [http-apr-8080-exec-70] org.apache.catalina.core.ApplicationContext.log Manager: install: Installing context configuration at 'file:/C:/Users/Dilan/AppData/Local/Temp/context4112462892041161265.xml'
20-Apr-2018 15:18:28.735 INFORMACIÓN [http-apr-8080-exec-72] org.apache.catalina.core.ApplicationContext.log Manager: start: Starting web application '/trabajo'
20-Apr-2018 15:19:53.732 INFORMACIÓN [http-apr-8080-exec-78] org.apache.catalina.core.ApplicationContext.log Manager: list: Listing contexts for virtual host 'localhost'
20-Apr-2018 15:19:53.735 INFORMACIÓN [http-apr-8080-exec-74] org.apache.catalina.core.ApplicationContext.log Manager: list: Listing contexts for virtual host 'localhost'
20-Apr-2018 15:19:53.761 INFORMACIÓN [http-apr-8080-exec-75] org.apache.catalina.core.ApplicationContext.log Manager: undeploy: Undeploying web application at '/trabajo'
20-Apr-2018 15:19:54.308 INFORMACIÓN [http-apr-8080-exec-77] org.apache.catalina.core.ApplicationContext.log Manager: install: Installing context configuration at 'file:/C:/Users/Dilan/AppData/Local/Temp/context443148112094893288.xml'
20-Apr-2018 15:19:54.358 INFORMACIÓN [http-apr-8080-exec-65] org.apache.catalina.core.ApplicationContext.log Manager: start: Starting web application '/trabajo'
20-Apr-2018 15:22:48.706 INFORMACIÓN [http-apr-8080-exec-78] org.apache.catalina.core.ApplicationContext.log Manager: list: Listing contexts for virtual host 'localhost'
20-Apr-2018 15:22:48.711 INFORMACIÓN [http-apr-8080-exec-80] org.apache.catalina.core.ApplicationContext.log Manager: list: Listing contexts for virtual host 'localhost'
20-Apr-2018 15:22:48.746 INFORMACIÓN [http-apr-8080-exec-81] org.apache.catalina.core.ApplicationContext.log Manager: undeploy: Undeploying web application at '/trabajo'
20-Apr-2018 15:22:49.267 INFORMACIÓN [http-apr-8080-exec-68] org.apache.catalina.core.ApplicationContext.log Manager: install: Installing context configuration at 'file:/C:/Users/Dilan/AppData/Local/Temp/context6821193402897660784.xml'
20-Apr-2018 15:22:49.303 INFORMACIÓN [http-apr-8080-exec-82] org.apache.catalina.core.ApplicationContext.log Manager: start: Starting web application '/trabajo'
