10-Apr-2018 18:42:48.687 INFORMACIÓN [http-apr-8080-exec-1] org.apache.catalina.core.ApplicationContext.log Manager: init: Associated with Deployer 'Catalina:type=Deployer,host=localhost'
10-Apr-2018 18:42:48.687 INFORMACIÓN [http-apr-8080-exec-1] org.apache.catalina.core.ApplicationContext.log Manager: init: Global resources are available
10-Apr-2018 18:42:48.688 INFORMACIÓN [http-apr-8080-exec-1] org.apache.catalina.core.ApplicationContext.log Manager: list: Listing contexts for virtual host 'localhost'
10-Apr-2018 18:42:48.725 INFORMACIÓN [http-apr-8080-exec-2] org.apache.catalina.core.ApplicationContext.log Manager: list: Listing contexts for virtual host 'localhost'
10-Apr-2018 18:42:49.503 INFORMACIÓN [http-apr-8080-exec-5] org.apache.catalina.core.ApplicationContext.log Manager: install: Installing context configuration at 'file:/C:/Users/Dilan/AppData/Local/Temp/context6171836584106416264.xml'
10-Apr-2018 18:42:49.747 INFORMACIÓN [http-apr-8080-exec-4] org.apache.catalina.core.ApplicationContext.log Manager: start: Starting web application '/item3'
10-Apr-2018 18:44:09.069 INFORMACIÓN [http-apr-8080-exec-1] org.apache.catalina.core.ApplicationContext.log Manager: list: Listing contexts for virtual host 'localhost'
10-Apr-2018 18:44:09.073 INFORMACIÓN [http-apr-8080-exec-2] org.apache.catalina.core.ApplicationContext.log Manager: list: Listing contexts for virtual host 'localhost'
10-Apr-2018 18:48:34.523 INFORMACIÓN [http-apr-8080-exec-10] org.apache.catalina.core.ApplicationContext.log Manager: list: Listing contexts for virtual host 'localhost'
10-Apr-2018 18:48:34.527 INFORMACIÓN [http-apr-8080-exec-7] org.apache.catalina.core.ApplicationContext.log Manager: list: Listing contexts for virtual host 'localhost'
10-Apr-2018 19:06:51.425 INFORMACIÓN [http-apr-8080-exec-6] org.apache.catalina.core.ApplicationContext.log Manager: list: Listing contexts for virtual host 'localhost'
10-Apr-2018 19:06:51.487 INFORMACIÓN [http-apr-8080-exec-8] org.apache.catalina.core.ApplicationContext.log Manager: list: Listing contexts for virtual host 'localhost'
10-Apr-2018 19:07:41.564 INFORMACIÓN [http-apr-8080-exec-3] org.apache.catalina.core.ApplicationContext.log Manager: list: Listing contexts for virtual host 'localhost'
10-Apr-2018 19:07:41.567 INFORMACIÓN [http-apr-8080-exec-9] org.apache.catalina.core.ApplicationContext.log Manager: list: Listing contexts for virtual host 'localhost'
10-Apr-2018 19:11:53.165 INFORMACIÓN [http-apr-8080-exec-2] org.apache.catalina.core.ApplicationContext.log Manager: list: Listing contexts for virtual host 'localhost'
10-Apr-2018 19:11:53.169 INFORMACIÓN [http-apr-8080-exec-5] org.apache.catalina.core.ApplicationContext.log Manager: list: Listing contexts for virtual host 'localhost'
10-Apr-2018 19:12:06.963 INFORMACIÓN [http-apr-8080-exec-8] org.apache.catalina.core.ApplicationContext.log Manager: list: Listing contexts for virtual host 'localhost'
10-Apr-2018 19:12:06.967 INFORMACIÓN [http-apr-8080-exec-10] org.apache.catalina.core.ApplicationContext.log Manager: list: Listing contexts for virtual host 'localhost'
10-Apr-2018 19:12:52.592 INFORMACIÓN [http-apr-8080-exec-5] org.apache.catalina.core.ApplicationContext.log Manager: list: Listing contexts for virtual host 'localhost'
10-Apr-2018 19:12:52.596 INFORMACIÓN [http-apr-8080-exec-3] org.apache.catalina.core.ApplicationContext.log Manager: list: Listing contexts for virtual host 'localhost'
10-Apr-2018 19:13:03.709 INFORMACIÓN [http-apr-8080-exec-4] org.apache.catalina.core.ApplicationContext.log Manager: list: Listing contexts for virtual host 'localhost'
10-Apr-2018 19:13:03.717 INFORMACIÓN [http-apr-8080-exec-8] org.apache.catalina.core.ApplicationContext.log Manager: list: Listing contexts for virtual host 'localhost'
10-Apr-2018 19:16:03.782 INFORMACIÓN [http-apr-8080-exec-1] org.apache.catalina.core.ApplicationContext.log Manager: list: Listing contexts for virtual host 'localhost'
10-Apr-2018 19:16:03.796 INFORMACIÓN [http-apr-8080-exec-2] org.apache.catalina.core.ApplicationContext.log Manager: list: Listing contexts for virtual host 'localhost'
10-Apr-2018 19:18:36.861 INFORMACIÓN [http-apr-8080-exec-5] org.apache.catalina.core.ApplicationContext.log Manager: list: Listing contexts for virtual host 'localhost'
10-Apr-2018 19:18:41.414 INFORMACIÓN [http-apr-8080-exec-3] org.apache.catalina.core.ApplicationContext.log Manager: list: Listing contexts for virtual host 'localhost'
10-Apr-2018 19:18:41.420 INFORMACIÓN [http-apr-8080-exec-9] org.apache.catalina.core.ApplicationContext.log Manager: list: Listing contexts for virtual host 'localhost'
10-Apr-2018 20:39:18.361 INFORMACIÓN [http-apr-8080-exec-8] org.apache.catalina.core.ApplicationContext.log Manager: list: Listing contexts for virtual host 'localhost'
10-Apr-2018 20:39:18.366 INFORMACIÓN [http-apr-8080-exec-10] org.apache.catalina.core.ApplicationContext.log Manager: list: Listing contexts for virtual host 'localhost'
10-Apr-2018 20:40:00.540 INFORMACIÓN [http-apr-8080-exec-1] org.apache.catalina.core.ApplicationContext.log Manager: list: Listing contexts for virtual host 'localhost'
10-Apr-2018 20:40:02.654 INFORMACIÓN [http-apr-8080-exec-7] org.apache.catalina.core.ApplicationContext.log Manager: list: Listing contexts for virtual host 'localhost'
10-Apr-2018 20:40:02.657 INFORMACIÓN [http-apr-8080-exec-2] org.apache.catalina.core.ApplicationContext.log Manager: list: Listing contexts for virtual host 'localhost'
10-Apr-2018 20:54:49.933 INFORMACIÓN [http-apr-8080-exec-5] org.apache.catalina.core.ApplicationContext.log Manager: list: Listing contexts for virtual host 'localhost'
10-Apr-2018 20:55:44.752 INFORMACIÓN [http-apr-8080-exec-9] org.apache.catalina.core.ApplicationContext.log Manager: list: Listing contexts for virtual host 'localhost'
10-Apr-2018 20:55:44.757 INFORMACIÓN [http-apr-8080-exec-6] org.apache.catalina.core.ApplicationContext.log Manager: list: Listing contexts for virtual host 'localhost'
10-Apr-2018 21:36:19.558 INFORMACIÓN [http-apr-8080-exec-4] org.apache.catalina.core.ApplicationContext.log Manager: list: Listing contexts for virtual host 'localhost'
10-Apr-2018 23:46:13.420 INFORMACIÓN [http-apr-8080-exec-4] org.apache.catalina.core.ApplicationContext.log Manager: list: Listing contexts for virtual host 'localhost'
10-Apr-2018 23:46:15.888 INFORMACIÓN [http-apr-8080-exec-8] org.apache.catalina.core.ApplicationContext.log Manager: list: Listing contexts for virtual host 'localhost'
10-Apr-2018 23:46:15.893 INFORMACIÓN [http-apr-8080-exec-10] org.apache.catalina.core.ApplicationContext.log Manager: list: Listing contexts for virtual host 'localhost'
